[0.214s] DEBUG:colcon:Command line arguments: ['/usr/bin/colcon', 'build', '--packages-select', 'uav_tf2_test']
[0.214s] DEBUG:colcon:Parsed command line arguments: Namespace(allow_overriding=[], ament_cmake_args=None, base_paths=['.'], build_base='build', catkin_cmake_args=None, catkin_skip_building_tests=False, cmake_args=None, cmake_clean_cache=False, cmake_clean_first=False, cmake_force_configure=False, cmake_target=None, cmake_target_skip_unavailable=False, continue_on_error=False, event_handlers=None, executor='parallel', ignore_user_meta=False, install_base='install', log_base=None, log_level=None, main=<bound method BuildVerb.main of <colcon_core.verb.build.BuildVerb object at 0x7f5c777605e0>>, merge_install=False, metas=['./colcon.meta'], packages_above=None, packages_above_and_dependencies=None, packages_above_depth=None, packages_end=None, packages_ignore=None, packages_ignore_regex=None, packages_select=['uav_tf2_test'], packages_select_build_failed=False, packages_select_by_dep=None, packages_select_regex=None, packages_select_test_failures=False, packages_skip=None, packages_skip_build_finished=False, packages_skip_by_dep=None, packages_skip_regex=None, packages_skip_test_passed=False, packages_skip_up_to=None, packages_start=None, packages_up_to=None, packages_up_to_regex=None, parallel_workers=8, paths=None, symlink_install=False, test_result_base=None, verb_extension=<colcon_core.verb.build.BuildVerb object at 0x7f5c777605e0>, verb_name='build', verb_parser=<colcon_defaults.argument_parser.defaults.DefaultArgumentsDecorator object at 0x7f5c77702940>)
[0.264s] Level 1:colcon.colcon_core.package_discovery:discover_packages(colcon_meta) check parameters
[0.264s] Level 1:colcon.colcon_core.package_discovery:discover_packages(recursive) check parameters
[0.264s] Level 1:colcon.colcon_core.package_discovery:discover_packages(ignore) check parameters
[0.264s] Level 1:colcon.colcon_core.package_discovery:discover_packages(path) check parameters
[0.264s] Level 1:colcon.colcon_core.package_discovery:discover_packages(colcon_meta) discover
[0.264s] Level 1:colcon.colcon_core.package_discovery:discover_packages(recursive) discover
[0.264s] INFO:colcon.colcon_core.package_discovery:Crawling recursively for packages in '/home/ccl/ros2_ws'
[0.265s] Level 1:colcon.colcon_core.package_identification:_identify(.) by extensions ['ignore', 'ignore_ament_install']
[0.265s] Level 1:colcon.colcon_core.package_identification:_identify(.) by extension 'ignore'
[0.265s] Level 1:colcon.colcon_core.package_identification:_identify(.) by extension 'ignore_ament_install'
[0.265s] Level 1:colcon.colcon_core.package_identification:_identify(.) by extensions ['colcon_pkg']
[0.265s] Level 1:colcon.colcon_core.package_identification:_identify(.) by extension 'colcon_pkg'
[0.265s] Level 1:colcon.colcon_core.package_identification:_identify(.) by extensions ['colcon_meta']
[0.265s] Level 1:colcon.colcon_core.package_identification:_identify(.) by extension 'colcon_meta'
[0.265s] Level 1:colcon.colcon_core.package_identification:_identify(.) by extensions ['ros']
[0.265s] Level 1:colcon.colcon_core.package_identification:_identify(.) by extension 'ros'
[0.280s] Level 1:colcon.colcon_core.package_identification:_identify(.) by extensions ['cmake', 'python']
[0.281s] Level 1:colcon.colcon_core.package_identification:_identify(.) by extension 'cmake'
[0.281s] Level 1:colcon.colcon_core.package_identification:_identify(.) by extension 'python'
[0.281s] Level 1:colcon.colcon_core.package_identification:_identify(.) by extensions ['python_setup_py']
[0.281s] Level 1:colcon.colcon_core.package_identification:_identify(.) by extension 'python_setup_py'
[0.281s] Level 1:colcon.colcon_core.package_identification:_identify(build) by extensions ['ignore', 'ignore_ament_install']
[0.281s] Level 1:colcon.colcon_core.package_identification:_identify(build) by extension 'ignore'
[0.281s] Level 1:colcon.colcon_core.package_identification:_identify(build) ignored
[0.281s] Level 1:colcon.colcon_core.package_identification:_identify(install) by extensions ['ignore', 'ignore_ament_install']
[0.281s] Level 1:colcon.colcon_core.package_identification:_identify(install) by extension 'ignore'
[0.281s] Level 1:colcon.colcon_core.package_identification:_identify(install) ignored
[0.281s] Level 1:colcon.colcon_core.package_identification:_identify(learning_tf2_cpp) by extensions ['ignore', 'ignore_ament_install']
[0.282s] Level 1:colcon.colcon_core.package_identification:_identify(learning_tf2_cpp) by extension 'ignore'
[0.282s] Level 1:colcon.colcon_core.package_identification:_identify(learning_tf2_cpp) by extension 'ignore_ament_install'
[0.282s] Level 1:colcon.colcon_core.package_identification:_identify(learning_tf2_cpp) by extensions ['colcon_pkg']
[0.282s] Level 1:colcon.colcon_core.package_identification:_identify(learning_tf2_cpp) by extension 'colcon_pkg'
[0.282s] Level 1:colcon.colcon_core.package_identification:_identify(learning_tf2_cpp) by extensions ['colcon_meta']
[0.282s] Level 1:colcon.colcon_core.package_identification:_identify(learning_tf2_cpp) by extension 'colcon_meta'
[0.282s] Level 1:colcon.colcon_core.package_identification:_identify(learning_tf2_cpp) by extensions ['ros']
[0.282s] Level 1:colcon.colcon_core.package_identification:_identify(learning_tf2_cpp) by extension 'ros'
[0.284s] DEBUG:colcon.colcon_core.package_identification:Package 'learning_tf2_cpp' with type 'ros.ament_cmake' and name 'learning_tf2_cpp'
[0.284s] Level 1:colcon.colcon_core.package_identification:_identify(log) by extensions ['ignore', 'ignore_ament_install']
[0.284s] Level 1:colcon.colcon_core.package_identification:_identify(log) by extension 'ignore'
[0.284s] Level 1:colcon.colcon_core.package_identification:_identify(log) ignored
[0.285s] Level 1:colcon.colcon_core.package_identification:_identify(uav_tf2_test) by extensions ['ignore', 'ignore_ament_install']
[0.285s] Level 1:colcon.colcon_core.package_identification:_identify(uav_tf2_test) by extension 'ignore'
[0.285s] Level 1:colcon.colcon_core.package_identification:_identify(uav_tf2_test) by extension 'ignore_ament_install'
[0.285s] Level 1:colcon.colcon_core.package_identification:_identify(uav_tf2_test) by extensions ['colcon_pkg']
[0.285s] Level 1:colcon.colcon_core.package_identification:_identify(uav_tf2_test) by extension 'colcon_pkg'
[0.285s] Level 1:colcon.colcon_core.package_identification:_identify(uav_tf2_test) by extensions ['colcon_meta']
[0.285s] Level 1:colcon.colcon_core.package_identification:_identify(uav_tf2_test) by extension 'colcon_meta'
[0.285s] Level 1:colcon.colcon_core.package_identification:_identify(uav_tf2_test) by extensions ['ros']
[0.285s] Level 1:colcon.colcon_core.package_identification:_identify(uav_tf2_test) by extension 'ros'
[0.286s] DEBUG:colcon.colcon_core.package_identification:Package 'uav_tf2_test' with type 'ros.ament_cmake' and name 'uav_tf2_test'
[0.286s] Level 1:colcon.colcon_core.package_discovery:discover_packages(recursive) using defaults
[0.286s] Level 1:colcon.colcon_core.package_discovery:discover_packages(ignore) discover
[0.286s] Level 1:colcon.colcon_core.package_discovery:discover_packages(ignore) using defaults
[0.286s] Level 1:colcon.colcon_core.package_discovery:discover_packages(path) discover
[0.286s] Level 1:colcon.colcon_core.package_discovery:discover_packages(path) using defaults
[0.303s] INFO:colcon.colcon_core.package_selection:Skipping not selected package 'learning_tf2_cpp' in 'learning_tf2_cpp'
[0.304s] Level 1:colcon.colcon_core.package_discovery:discover_packages(prefix_path) check parameters
[0.304s] Level 1:colcon.colcon_core.package_discovery:discover_packages(prefix_path) discover
[0.306s] DEBUG:colcon.colcon_installed_package_information.package_discovery:Found 1 installed packages in /home/ccl/ros2_ws/install
[0.309s] DEBUG:colcon.colcon_installed_package_information.package_discovery:Found 270 installed packages in /opt/ros/galactic
[0.311s] Level 1:colcon.colcon_core.package_discovery:discover_packages(prefix_path) using defaults
[0.378s] Level 5:colcon.colcon_core.verb:set package 'uav_tf2_test' build argument 'cmake_args' from command line to 'None'
[0.378s] Level 5:colcon.colcon_core.verb:set package 'uav_tf2_test' build argument 'cmake_target' from command line to 'None'
[0.378s] Level 5:colcon.colcon_core.verb:set package 'uav_tf2_test' build argument 'cmake_target_skip_unavailable' from command line to 'False'
[0.378s] Level 5:colcon.colcon_core.verb:set package 'uav_tf2_test' build argument 'cmake_clean_cache' from command line to 'False'
[0.378s] Level 5:colcon.colcon_core.verb:set package 'uav_tf2_test' build argument 'cmake_clean_first' from command line to 'False'
[0.378s] Level 5:colcon.colcon_core.verb:set package 'uav_tf2_test' build argument 'cmake_force_configure' from command line to 'False'
[0.378s] Level 5:colcon.colcon_core.verb:set package 'uav_tf2_test' build argument 'ament_cmake_args' from command line to 'None'
[0.378s] Level 5:colcon.colcon_core.verb:set package 'uav_tf2_test' build argument 'catkin_cmake_args' from command line to 'None'
[0.378s] Level 5:colcon.colcon_core.verb:set package 'uav_tf2_test' build argument 'catkin_skip_building_tests' from command line to 'False'
[0.378s] DEBUG:colcon.colcon_core.verb:Building package 'uav_tf2_test' with the following arguments: {'ament_cmake_args': None, 'build_base': '/home/ccl/ros2_ws/build/uav_tf2_test', 'catkin_cmake_args': None, 'catkin_skip_building_tests': False, 'cmake_args': None, 'cmake_clean_cache': False, 'cmake_clean_first': False, 'cmake_force_configure': False, 'cmake_target': None, 'cmake_target_skip_unavailable': False, 'install_base': '/home/ccl/ros2_ws/install/uav_tf2_test', 'merge_install': False, 'path': '/home/ccl/ros2_ws/uav_tf2_test', 'symlink_install': False, 'test_result_base': None}
[0.378s] INFO:colcon.colcon_core.executor:Executing jobs using 'parallel' executor
[0.380s] DEBUG:colcon.colcon_parallel_executor.executor.parallel:run_until_complete
[0.380s] INFO:colcon.colcon_ros.task.ament_cmake.build:Building ROS package in '/home/ccl/ros2_ws/uav_tf2_test' with build type 'ament_cmake'
[0.380s] INFO:colcon.colcon_cmake.task.cmake.build:Building CMake package in '/home/ccl/ros2_ws/uav_tf2_test'
[0.383s] INFO:colcon.colcon_core.plugin_system:Skipping extension 'colcon_core.shell.bat': Not used on non-Windows systems
[0.383s] INFO:colcon.colcon_core.shell:Skip shell extension 'powershell' for command environment: Not usable outside of PowerShell
[0.383s] DEBUG:colcon.colcon_core.shell:Skip shell extension 'dsv' for command environment
[0.411s] DEBUG:colcon.colcon_core.event_handler.log_command:Invoking command in '/home/ccl/ros2_ws/build/uav_tf2_test': CMAKE_PREFIX_PATH=${CMAKE_PREFIX_PATH}:/opt/ros/galactic /usr/bin/cmake --build /home/ccl/ros2_ws/build/uav_tf2_test -- -j8 -l8
[5.844s] DEBUG:colcon.colcon_core.event_handler.log_command:Invoked command in '/home/ccl/ros2_ws/build/uav_tf2_test' returned '0': CMAKE_PREFIX_PATH=${CMAKE_PREFIX_PATH}:/opt/ros/galactic /usr/bin/cmake --build /home/ccl/ros2_ws/build/uav_tf2_test -- -j8 -l8
[5.975s] DEBUG:colcon.colcon_core.event_handler.log_command:Invoking command in '/home/ccl/ros2_ws/build/uav_tf2_test': CMAKE_PREFIX_PATH=${CMAKE_PREFIX_PATH}:/opt/ros/galactic /usr/bin/cmake --install /home/ccl/ros2_ws/build/uav_tf2_test
[6.016s] Level 1:colcon.colcon_core.environment:create_environment_scripts_only(uav_tf2_test)
[6.018s] DEBUG:colcon.colcon_core.event_handler.log_command:Invoked command in '/home/ccl/ros2_ws/build/uav_tf2_test' returned '0': CMAKE_PREFIX_PATH=${CMAKE_PREFIX_PATH}:/opt/ros/galactic /usr/bin/cmake --install /home/ccl/ros2_ws/build/uav_tf2_test
[6.022s] Level 1:colcon.colcon_core.environment:checking '/home/ccl/ros2_ws/install/uav_tf2_test' for CMake module files
[6.023s] Level 1:colcon.colcon_core.environment:checking '/home/ccl/ros2_ws/install/uav_tf2_test' for CMake config files
[6.024s] Level 1:colcon.colcon_core.shell:create_environment_hook('uav_tf2_test', 'cmake_prefix_path')
[6.024s] INFO:colcon.colcon_core.shell:Creating environment hook '/home/ccl/ros2_ws/install/uav_tf2_test/share/uav_tf2_test/hook/cmake_prefix_path.ps1'
[6.025s] INFO:colcon.colcon_core.shell:Creating environment descriptor '/home/ccl/ros2_ws/install/uav_tf2_test/share/uav_tf2_test/hook/cmake_prefix_path.dsv'
[6.026s] INFO:colcon.colcon_core.shell:Creating environment hook '/home/ccl/ros2_ws/install/uav_tf2_test/share/uav_tf2_test/hook/cmake_prefix_path.sh'
[6.028s] Level 1:colcon.colcon_core.environment:checking '/home/ccl/ros2_ws/install/uav_tf2_test/lib'
[6.028s] Level 1:colcon.colcon_core.environment:checking '/home/ccl/ros2_ws/install/uav_tf2_test/bin'
[6.028s] Level 1:colcon.colcon_core.environment:checking '/home/ccl/ros2_ws/install/uav_tf2_test/lib/pkgconfig/uav_tf2_test.pc'
[6.028s] Level 1:colcon.colcon_core.environment:checking '/home/ccl/ros2_ws/install/uav_tf2_test/lib/python3.8/site-packages'
[6.028s] Level 1:colcon.colcon_core.environment:checking '/home/ccl/ros2_ws/install/uav_tf2_test/bin'
[6.029s] INFO:colcon.colcon_core.shell:Creating package script '/home/ccl/ros2_ws/install/uav_tf2_test/share/uav_tf2_test/package.ps1'
[6.029s] INFO:colcon.colcon_core.shell:Creating package descriptor '/home/ccl/ros2_ws/install/uav_tf2_test/share/uav_tf2_test/package.dsv'
[6.030s] INFO:colcon.colcon_core.shell:Creating package script '/home/ccl/ros2_ws/install/uav_tf2_test/share/uav_tf2_test/package.sh'
[6.031s] INFO:colcon.colcon_core.shell:Creating package script '/home/ccl/ros2_ws/install/uav_tf2_test/share/uav_tf2_test/package.bash'
[6.032s] INFO:colcon.colcon_core.shell:Creating package script '/home/ccl/ros2_ws/install/uav_tf2_test/share/uav_tf2_test/package.zsh'
[6.032s] Level 1:colcon.colcon_core.environment:create_file_with_runtime_dependencies(/home/ccl/ros2_ws/install/uav_tf2_test/share/colcon-core/packages/uav_tf2_test)
[6.142s] Level 1:colcon.colcon_core.environment:create_environment_scripts_only(uav_tf2_test)
[6.143s] Level 1:colcon.colcon_core.environment:checking '/home/ccl/ros2_ws/install/uav_tf2_test' for CMake module files
[6.144s] Level 1:colcon.colcon_core.environment:checking '/home/ccl/ros2_ws/install/uav_tf2_test' for CMake config files
[6.145s] Level 1:colcon.colcon_core.shell:create_environment_hook('uav_tf2_test', 'cmake_prefix_path')
[6.145s] INFO:colcon.colcon_core.shell:Creating environment hook '/home/ccl/ros2_ws/install/uav_tf2_test/share/uav_tf2_test/hook/cmake_prefix_path.ps1'
[6.146s] INFO:colcon.colcon_core.shell:Creating environment descriptor '/home/ccl/ros2_ws/install/uav_tf2_test/share/uav_tf2_test/hook/cmake_prefix_path.dsv'
[6.147s] INFO:colcon.colcon_core.shell:Creating environment hook '/home/ccl/ros2_ws/install/uav_tf2_test/share/uav_tf2_test/hook/cmake_prefix_path.sh'
[6.148s] Level 1:colcon.colcon_core.environment:checking '/home/ccl/ros2_ws/install/uav_tf2_test/lib'
[6.148s] Level 1:colcon.colcon_core.environment:checking '/home/ccl/ros2_ws/install/uav_tf2_test/bin'
[6.148s] Level 1:colcon.colcon_core.environment:checking '/home/ccl/ros2_ws/install/uav_tf2_test/lib/pkgconfig/uav_tf2_test.pc'
[6.149s] Level 1:colcon.colcon_core.environment:checking '/home/ccl/ros2_ws/install/uav_tf2_test/lib/python3.8/site-packages'
[6.149s] Level 1:colcon.colcon_core.environment:checking '/home/ccl/ros2_ws/install/uav_tf2_test/bin'
[6.149s] INFO:colcon.colcon_core.shell:Creating package script '/home/ccl/ros2_ws/install/uav_tf2_test/share/uav_tf2_test/package.ps1'
[6.150s] INFO:colcon.colcon_core.shell:Creating package descriptor '/home/ccl/ros2_ws/install/uav_tf2_test/share/uav_tf2_test/package.dsv'
[6.151s] INFO:colcon.colcon_core.shell:Creating package script '/home/ccl/ros2_ws/install/uav_tf2_test/share/uav_tf2_test/package.sh'
[6.151s] INFO:colcon.colcon_core.shell:Creating package script '/home/ccl/ros2_ws/install/uav_tf2_test/share/uav_tf2_test/package.bash'
[6.152s] INFO:colcon.colcon_core.shell:Creating package script '/home/ccl/ros2_ws/install/uav_tf2_test/share/uav_tf2_test/package.zsh'
[6.152s] Level 1:colcon.colcon_core.environment:create_file_with_runtime_dependencies(/home/ccl/ros2_ws/install/uav_tf2_test/share/colcon-core/packages/uav_tf2_test)
[6.154s] DEBUG:colcon.colcon_parallel_executor.executor.parallel:closing loop
[6.156s] DEBUG:colcon.colcon_parallel_executor.executor.parallel:loop closed
[6.157s] DEBUG:colcon.colcon_parallel_executor.executor.parallel:run_until_complete finished with '0'
[6.157s] DEBUG:colcon.colcon_core.event_reactor:joining thread
[6.168s] INFO:colcon.colcon_core.plugin_system:Skipping extension 'colcon_notification.desktop_notification.terminal_notifier': Not used on non-Darwin systems
[6.168s] INFO:colcon.colcon_core.plugin_system:Skipping extension 'colcon_notification.desktop_notification.win32': Not used on non-Windows systems
[6.168s] INFO:colcon.colcon_notification.desktop_notification:Sending desktop notification using 'notify2'
[6.193s] DEBUG:colcon.colcon_core.event_reactor:joined thread
[6.193s] INFO:colcon.colcon_core.shell:Creating prefix script '/home/ccl/ros2_ws/install/local_setup.ps1'
[6.194s] INFO:colcon.colcon_core.shell:Creating prefix util module '/home/ccl/ros2_ws/install/_local_setup_util_ps1.py'
[6.195s] INFO:colcon.colcon_core.shell:Creating prefix chain script '/home/ccl/ros2_ws/install/setup.ps1'
[6.197s] INFO:colcon.colcon_core.shell:Creating prefix script '/home/ccl/ros2_ws/install/local_setup.sh'
[6.199s] INFO:colcon.colcon_core.shell:Creating prefix util module '/home/ccl/ros2_ws/install/_local_setup_util_sh.py'
[6.200s] INFO:colcon.colcon_core.shell:Creating prefix chain script '/home/ccl/ros2_ws/install/setup.sh'
[6.203s] INFO:colcon.colcon_core.shell:Creating prefix script '/home/ccl/ros2_ws/install/local_setup.bash'
[6.204s] INFO:colcon.colcon_core.shell:Creating prefix chain script '/home/ccl/ros2_ws/install/setup.bash'
[6.205s] INFO:colcon.colcon_core.shell:Creating prefix script '/home/ccl/ros2_ws/install/local_setup.zsh'
[6.206s] INFO:colcon.colcon_core.shell:Creating prefix chain script '/home/ccl/ros2_ws/install/setup.zsh'
