[0.029s] Invoking command in '/home/ccl/ros2_ws/learning_tf2_cpp/build/learning_tf2_cpp': CMAKE_PREFIX_PATH=${CMAKE_PREFIX_PATH}:/home/ccl/ros2_ws/install/examples_rclpy_pointcloud_publisher:/home/ccl/ros2_ws/install/examples_rclpy_minimal_subscriber:/home/ccl/ros2_ws/install/examples_rclpy_minimal_service:/home/ccl/ros2_ws/install/examples_rclpy_minimal_publisher:/home/ccl/ros2_ws/install/examples_rclpy_minimal_client:/home/ccl/ros2_ws/install/examples_rclpy_minimal_action_server:/home/ccl/ros2_ws/install/examples_rclpy_minimal_action_client:/home/ccl/ros2_ws/install/examples_rclpy_guard_conditions:/home/ccl/ros2_ws/install/examples_rclpy_executors:/opt/ros/galactic /usr/bin/cmake --build /home/ccl/ros2_ws/learning_tf2_cpp/build/learning_tf2_cpp -- -j8 -l8
[0.071s] -- Found ament_cmake: 1.1.6 (/opt/ros/galactic/share/ament_cmake/cmake)
[0.101s] -- Using PYTHON_EXECUTABLE: /usr/bin/python3
[0.175s] -- Found geometry_msgs: 2.2.4 (/opt/ros/galactic/share/geometry_msgs/cmake)
[0.204s] -- Using all available rosidl_typesupport_c: rosidl_typesupport_fastrtps_c;rosidl_typesupport_introspection_c
[0.209s] -- Found rosidl_adapter: 2.2.3 (/opt/ros/galactic/share/rosidl_adapter/cmake)
[0.358s] -- Using all available rosidl_typesupport_cpp: rosidl_typesupport_fastrtps_cpp;rosidl_typesupport_introspection_cpp
[0.446s] -- Found rclcpp: 9.2.2 (/opt/ros/galactic/share/rclcpp/cmake)
[0.495s] -- Found rmw_implementation_cmake: 3.3.1 (/opt/ros/galactic/share/rmw_implementation_cmake/cmake)
[0.497s] -- Found rmw_cyclonedds_cpp: 0.22.6 (/opt/ros/galactic/share/rmw_cyclonedds_cpp/cmake)
[0.519s] -- Using RMW implementation 'rmw_cyclonedds_cpp' as default
[0.652s] -- Found tf2: 0.17.5 (/opt/ros/galactic/share/tf2/cmake)
[0.662s] -- Found tf2_ros: 0.17.5 (/opt/ros/galactic/share/tf2_ros/cmake)
[0.974s] -- Found turtlesim: 1.3.4 (/opt/ros/galactic/share/turtlesim/cmake)
[1.024s] -- Found ament_lint_auto: 0.10.7 (/opt/ros/galactic/share/ament_lint_auto/cmake)
[1.103s] -- Added test 'copyright' to check source files copyright and LICENSE
[1.152s] -- Added test 'cppcheck' to perform static code analysis on C / C++ code
[1.152s] -- Configured cppcheck include dirs: 
[1.152s] -- Configured cppcheck exclude dirs and/or files: 
[1.199s] -- Added test 'cpplint' to check C / C++ code against the Google style
[1.199s] -- Configured cpplint exclude dirs and/or files: 
[1.205s] -- Added test 'flake8' to check Python code syntax and style conventions
[1.217s] -- Added test 'lint_cmake' to check CMake code style
[1.223s] -- Added test 'pep257' to check Python code against some of the style conventions in PEP 257
[1.270s] -- Added test 'uncrustify' to check C / C++ code style
[1.270s] -- Configured uncrustify additional arguments: 
[1.276s] -- Added test 'xmllint' to check XML markup files
[1.284s] -- Configuring done
[1.312s] -- Generating done
[1.315s] -- Build files have been written to: /home/ccl/ros2_ws/learning_tf2_cpp/build/learning_tf2_cpp
[1.360s] [35m[1mScanning dependencies of target fixed_frame_tf2_broadcaster[0m
[1.392s] [ 33%] Built target turtle_tf2_broadcaster
[1.392s] [ 66%] Built target turtle_tf2_listener
[1.453s] [ 83%] [32mBuilding CXX object CMakeFiles/fixed_frame_tf2_broadcaster.dir/src/fixed_frame_tf2_broadcaster.cpp.o[0m
[5.054s] [100%] [32m[1mLinking CXX executable fixed_frame_tf2_broadcaster[0m
[5.429s] [100%] Built target fixed_frame_tf2_broadcaster
[5.450s] Invoked command in '/home/ccl/ros2_ws/learning_tf2_cpp/build/learning_tf2_cpp' returned '0': CMAKE_PREFIX_PATH=${CMAKE_PREFIX_PATH}:/home/ccl/ros2_ws/install/examples_rclpy_pointcloud_publisher:/home/ccl/ros2_ws/install/examples_rclpy_minimal_subscriber:/home/ccl/ros2_ws/install/examples_rclpy_minimal_service:/home/ccl/ros2_ws/install/examples_rclpy_minimal_publisher:/home/ccl/ros2_ws/install/examples_rclpy_minimal_client:/home/ccl/ros2_ws/install/examples_rclpy_minimal_action_server:/home/ccl/ros2_ws/install/examples_rclpy_minimal_action_client:/home/ccl/ros2_ws/install/examples_rclpy_guard_conditions:/home/ccl/ros2_ws/install/examples_rclpy_executors:/opt/ros/galactic /usr/bin/cmake --build /home/ccl/ros2_ws/learning_tf2_cpp/build/learning_tf2_cpp -- -j8 -l8
[5.538s] Invoking command in '/home/ccl/ros2_ws/learning_tf2_cpp/build/learning_tf2_cpp': CMAKE_PREFIX_PATH=${CMAKE_PREFIX_PATH}:/home/ccl/ros2_ws/install/examples_rclpy_pointcloud_publisher:/home/ccl/ros2_ws/install/examples_rclpy_minimal_subscriber:/home/ccl/ros2_ws/install/examples_rclpy_minimal_service:/home/ccl/ros2_ws/install/examples_rclpy_minimal_publisher:/home/ccl/ros2_ws/install/examples_rclpy_minimal_client:/home/ccl/ros2_ws/install/examples_rclpy_minimal_action_server:/home/ccl/ros2_ws/install/examples_rclpy_minimal_action_client:/home/ccl/ros2_ws/install/examples_rclpy_guard_conditions:/home/ccl/ros2_ws/install/examples_rclpy_executors:/opt/ros/galactic /usr/bin/cmake --install /home/ccl/ros2_ws/learning_tf2_cpp/build/learning_tf2_cpp
[5.551s] -- Install configuration: ""
[5.551s] -- Installing: /home/ccl/ros2_ws/learning_tf2_cpp/install/learning_tf2_cpp/lib/learning_tf2_cpp/fixed_frame_tf2_broadcaster
[5.555s] -- Set runtime path of "/home/ccl/ros2_ws/learning_tf2_cpp/install/learning_tf2_cpp/lib/learning_tf2_cpp/fixed_frame_tf2_broadcaster" to ""
[5.556s] -- Up-to-date: /home/ccl/ros2_ws/learning_tf2_cpp/install/learning_tf2_cpp/lib/learning_tf2_cpp/turtle_tf2_broadcaster
[5.558s] -- Up-to-date: /home/ccl/ros2_ws/learning_tf2_cpp/install/learning_tf2_cpp/lib/learning_tf2_cpp/turtle_tf2_listener
[5.559s] -- Up-to-date: /home/ccl/ros2_ws/learning_tf2_cpp/install/learning_tf2_cpp/share/learning_tf2_cpp/launch
[5.559s] -- Installing: /home/ccl/ros2_ws/learning_tf2_cpp/install/learning_tf2_cpp/share/learning_tf2_cpp/launch/turtle_tf2_fixed_frame_demo.launch.py
[5.560s] -- Up-to-date: /home/ccl/ros2_ws/learning_tf2_cpp/install/learning_tf2_cpp/share/learning_tf2_cpp/launch/turtle_tf2_demo.launch.py
[5.560s] -- Up-to-date: /home/ccl/ros2_ws/learning_tf2_cpp/install/learning_tf2_cpp/share/ament_index/resource_index/package_run_dependencies/learning_tf2_cpp
[5.560s] -- Up-to-date: /home/ccl/ros2_ws/learning_tf2_cpp/install/learning_tf2_cpp/share/ament_index/resource_index/parent_prefix_path/learning_tf2_cpp
[5.560s] -- Up-to-date: /home/ccl/ros2_ws/learning_tf2_cpp/install/learning_tf2_cpp/share/learning_tf2_cpp/environment/ament_prefix_path.sh
[5.560s] -- Installing: /home/ccl/ros2_ws/learning_tf2_cpp/install/learning_tf2_cpp/share/learning_tf2_cpp/environment/ament_prefix_path.dsv
[5.561s] -- Up-to-date: /home/ccl/ros2_ws/learning_tf2_cpp/install/learning_tf2_cpp/share/learning_tf2_cpp/environment/path.sh
[5.561s] -- Installing: /home/ccl/ros2_ws/learning_tf2_cpp/install/learning_tf2_cpp/share/learning_tf2_cpp/environment/path.dsv
[5.561s] -- Up-to-date: /home/ccl/ros2_ws/learning_tf2_cpp/install/learning_tf2_cpp/share/learning_tf2_cpp/local_setup.bash
[5.561s] -- Up-to-date: /home/ccl/ros2_ws/learning_tf2_cpp/install/learning_tf2_cpp/share/learning_tf2_cpp/local_setup.sh
[5.561s] -- Up-to-date: /home/ccl/ros2_ws/learning_tf2_cpp/install/learning_tf2_cpp/share/learning_tf2_cpp/local_setup.zsh
[5.561s] -- Installing: /home/ccl/ros2_ws/learning_tf2_cpp/install/learning_tf2_cpp/share/learning_tf2_cpp/local_setup.dsv
[5.562s] -- Installing: /home/ccl/ros2_ws/learning_tf2_cpp/install/learning_tf2_cpp/share/learning_tf2_cpp/package.dsv
[5.562s] -- Up-to-date: /home/ccl/ros2_ws/learning_tf2_cpp/install/learning_tf2_cpp/share/ament_index/resource_index/packages/learning_tf2_cpp
[5.562s] -- Up-to-date: /home/ccl/ros2_ws/learning_tf2_cpp/install/learning_tf2_cpp/share/learning_tf2_cpp/cmake/learning_tf2_cppConfig.cmake
[5.562s] -- Up-to-date: /home/ccl/ros2_ws/learning_tf2_cpp/install/learning_tf2_cpp/share/learning_tf2_cpp/cmake/learning_tf2_cppConfig-version.cmake
[5.562s] -- Up-to-date: /home/ccl/ros2_ws/learning_tf2_cpp/install/learning_tf2_cpp/share/learning_tf2_cpp/package.xml
[5.567s] Invoked command in '/home/ccl/ros2_ws/learning_tf2_cpp/build/learning_tf2_cpp' returned '0': CMAKE_PREFIX_PATH=${CMAKE_PREFIX_PATH}:/home/ccl/ros2_ws/install/examples_rclpy_pointcloud_publisher:/home/ccl/ros2_ws/install/examples_rclpy_minimal_subscriber:/home/ccl/ros2_ws/install/examples_rclpy_minimal_service:/home/ccl/ros2_ws/install/examples_rclpy_minimal_publisher:/home/ccl/ros2_ws/install/examples_rclpy_minimal_client:/home/ccl/ros2_ws/install/examples_rclpy_minimal_action_server:/home/ccl/ros2_ws/install/examples_rclpy_minimal_action_client:/home/ccl/ros2_ws/install/examples_rclpy_guard_conditions:/home/ccl/ros2_ws/install/examples_rclpy_executors:/opt/ros/galactic /usr/bin/cmake --install /home/ccl/ros2_ws/learning_tf2_cpp/build/learning_tf2_cpp
