[0.030s] Invoking command in '/home/ccl/ros2_ws/learning_tf2_cpp/build/learning_tf2_cpp': CMAKE_PREFIX_PATH=${CMAKE_PREFIX_PATH}:/home/ccl/ros2_ws/install/examples_rclpy_pointcloud_publisher:/home/ccl/ros2_ws/install/examples_rclpy_minimal_subscriber:/home/ccl/ros2_ws/install/examples_rclpy_minimal_service:/home/ccl/ros2_ws/install/examples_rclpy_minimal_publisher:/home/ccl/ros2_ws/install/examples_rclpy_minimal_client:/home/ccl/ros2_ws/install/examples_rclpy_minimal_action_server:/home/ccl/ros2_ws/install/examples_rclpy_minimal_action_client:/home/ccl/ros2_ws/install/examples_rclpy_guard_conditions:/home/ccl/ros2_ws/install/examples_rclpy_executors:/opt/ros/galactic /usr/bin/cmake /home/ccl/ros2_ws/learning_tf2_cpp -DCMAKE_INSTALL_PREFIX=/home/ccl/ros2_ws/learning_tf2_cpp/install/learning_tf2_cpp
[0.135s] -- The C compiler identification is GNU 9.4.0
[0.242s] -- The CXX compiler identification is GNU 9.4.0
[0.250s] -- Check for working C compiler: /usr/lib/ccache/cc
[0.393s] -- Check for working C compiler: /usr/lib/ccache/cc -- works
[0.394s] -- Detecting C compiler ABI info
[0.494s] -- Detecting C compiler ABI info - done
[0.501s] -- Detecting C compile features
[0.501s] -- Detecting C compile features - done
[0.504s] -- Check for working CXX compiler: /usr/lib/ccache/c++
[0.663s] -- Check for working CXX compiler: /usr/lib/ccache/c++ -- works
[0.664s] -- Detecting CXX compiler ABI info
[0.780s] -- Detecting CXX compiler ABI info - done
[0.787s] -- Detecting CXX compile features
[0.788s] -- Detecting CXX compile features - done
[0.790s] -- Found ament_cmake: 1.1.6 (/opt/ros/galactic/share/ament_cmake/cmake)
[0.822s] -- Found PythonInterp: /usr/bin/python3 (found suitable version "3.8.10", minimum required is "3") 
[0.823s] -- Using PYTHON_EXECUTABLE: /usr/bin/python3
[0.913s] -- Found geometry_msgs: 2.2.4 (/opt/ros/galactic/share/geometry_msgs/cmake)
[0.951s] -- Using all available rosidl_typesupport_c: rosidl_typesupport_fastrtps_c;rosidl_typesupport_introspection_c
[0.959s] -- Found rosidl_adapter: 2.2.3 (/opt/ros/galactic/share/rosidl_adapter/cmake)
[1.130s] -- Found OpenSSL: /usr/lib/x86_64-linux-gnu/libcrypto.so (found version "1.1.1f")  
[1.170s] -- Found FastRTPS: /opt/ros/galactic/include  
[1.267s] -- Using all available rosidl_typesupport_cpp: rosidl_typesupport_fastrtps_cpp;rosidl_typesupport_introspection_cpp
[1.361s] -- Found rclcpp: 9.2.2 (/opt/ros/galactic/share/rclcpp/cmake)
[1.422s] -- Found rmw_implementation_cmake: 3.3.1 (/opt/ros/galactic/share/rmw_implementation_cmake/cmake)
[1.426s] -- Found rmw_cyclonedds_cpp: 0.22.6 (/opt/ros/galactic/share/rmw_cyclonedds_cpp/cmake)
[1.450s] -- Using RMW implementation 'rmw_cyclonedds_cpp' as default
[1.451s] -- Looking for pthread.h
[1.609s] -- Looking for pthread.h - found
[1.609s] -- Performing Test CMAKE_HAVE_LIBC_PTHREAD
[1.765s] -- Performing Test CMAKE_HAVE_LIBC_PTHREAD - Failed
[1.765s] -- Looking for pthread_create in pthreads
[1.849s] -- Looking for pthread_create in pthreads - not found
[1.850s] -- Looking for pthread_create in pthread
[1.951s] -- Looking for pthread_create in pthread - found
[1.953s] -- Found Threads: TRUE  
[2.104s] -- Found tf2: 0.17.5 (/opt/ros/galactic/share/tf2/cmake)
[2.122s] -- Found tf2_ros: 0.17.5 (/opt/ros/galactic/share/tf2_ros/cmake)
[2.483s] -- Found turtlesim: 1.3.4 (/opt/ros/galactic/share/turtlesim/cmake)
[2.543s] -- Found ament_lint_auto: 0.10.7 (/opt/ros/galactic/share/ament_lint_auto/cmake)
[2.629s] -- Added test 'copyright' to check source files copyright and LICENSE
[2.645s] -- Added test 'cppcheck' to perform static code analysis on C / C++ code
[2.645s] -- Configured cppcheck include dirs: 
[2.645s] -- Configured cppcheck exclude dirs and/or files: 
[2.661s] -- Added test 'cpplint' to check C / C++ code against the Google style
[2.661s] -- Configured cpplint exclude dirs and/or files: 
[2.668s] -- Added test 'lint_cmake' to check CMake code style
[2.687s] -- Added test 'uncrustify' to check C / C++ code style
[2.687s] -- Configured uncrustify additional arguments: 
[2.690s] -- Added test 'xmllint' to check XML markup files
[2.701s] -- Configuring done
[2.702s] CMake Error at CMakeLists.txt:27 (add_executable):
[2.703s]   Cannot find source file:
[2.703s] 
[2.703s]     src/static_turtle_tf2_broadcaster.cpp
[2.703s] 
[2.703s]   Tried extensions .c .C .c++ .cc .cpp .cxx .cu .m .M .mm .h .hh .h++ .hm
[2.703s]   .hpp .hxx .in .txx
[2.703s] 
[2.703s] 
[2.704s] CMake Error at CMakeLists.txt:27 (add_executable):
[2.704s]   No SOURCES given to target: static_turtle_tf2_broadcaster
[2.704s] 
[2.705s] 
[2.705s] CMake Generate step failed.  Build files cannot be regenerated correctly.
[2.718s] Invoked command in '/home/ccl/ros2_ws/learning_tf2_cpp/build/learning_tf2_cpp' returned '1': CMAKE_PREFIX_PATH=${CMAKE_PREFIX_PATH}:/home/ccl/ros2_ws/install/examples_rclpy_pointcloud_publisher:/home/ccl/ros2_ws/install/examples_rclpy_minimal_subscriber:/home/ccl/ros2_ws/install/examples_rclpy_minimal_service:/home/ccl/ros2_ws/install/examples_rclpy_minimal_publisher:/home/ccl/ros2_ws/install/examples_rclpy_minimal_client:/home/ccl/ros2_ws/install/examples_rclpy_minimal_action_server:/home/ccl/ros2_ws/install/examples_rclpy_minimal_action_client:/home/ccl/ros2_ws/install/examples_rclpy_guard_conditions:/home/ccl/ros2_ws/install/examples_rclpy_executors:/opt/ros/galactic /usr/bin/cmake /home/ccl/ros2_ws/learning_tf2_cpp -DCMAKE_INSTALL_PREFIX=/home/ccl/ros2_ws/learning_tf2_cpp/install/learning_tf2_cpp
