[0.143s] DEBUG:colcon:Command line arguments: ['/usr/bin/colcon', 'build', '--packages-select', 'uav_urdf_demo']
[0.143s] DEBUG:colcon:Parsed command line arguments: Namespace(allow_overriding=[], ament_cmake_args=None, base_paths=['.'], build_base='build', catkin_cmake_args=None, catkin_skip_building_tests=False, cmake_args=None, cmake_clean_cache=False, cmake_clean_first=False, cmake_force_configure=False, cmake_target=None, cmake_target_skip_unavailable=False, continue_on_error=False, event_handlers=None, executor='parallel', ignore_user_meta=False, install_base='install', log_base=None, log_level=None, main=<bound method BuildVerb.main of <colcon_core.verb.build.BuildVerb object at 0x7fd359dc6040>>, merge_install=False, metas=['./colcon.meta'], packages_above=None, packages_above_and_dependencies=None, packages_above_depth=None, packages_end=None, packages_ignore=None, packages_ignore_regex=None, packages_select=['uav_urdf_demo'], packages_select_build_failed=False, packages_select_by_dep=None, packages_select_regex=None, packages_select_test_failures=False, packages_skip=None, packages_skip_build_finished=False, packages_skip_by_dep=None, packages_skip_regex=None, packages_skip_test_passed=False, packages_skip_up_to=None, packages_start=None, packages_up_to=None, packages_up_to_regex=None, parallel_workers=8, paths=None, symlink_install=False, test_result_base=None, verb_extension=<colcon_core.verb.build.BuildVerb object at 0x7fd359dc6040>, verb_name='build', verb_parser=<colcon_defaults.argument_parser.defaults.DefaultArgumentsDecorator object at 0x7fd359d673a0>)
[0.177s] Level 1:colcon.colcon_core.package_discovery:discover_packages(colcon_meta) check parameters
[0.177s] Level 1:colcon.colcon_core.package_discovery:discover_packages(recursive) check parameters
[0.177s] Level 1:colcon.colcon_core.package_discovery:discover_packages(ignore) check parameters
[0.177s] Level 1:colcon.colcon_core.package_discovery:discover_packages(path) check parameters
[0.177s] Level 1:colcon.colcon_core.package_discovery:discover_packages(colcon_meta) discover
[0.177s] Level 1:colcon.colcon_core.package_discovery:discover_packages(recursive) discover
[0.177s] INFO:colcon.colcon_core.package_discovery:Crawling recursively for packages in '/home/ccl/ROS2_UAV'
[0.178s] Level 1:colcon.colcon_core.package_identification:_identify(.) by extensions ['ignore', 'ignore_ament_install']
[0.178s] Level 1:colcon.colcon_core.package_identification:_identify(.) by extension 'ignore'
[0.178s] Level 1:colcon.colcon_core.package_identification:_identify(.) by extension 'ignore_ament_install'
[0.178s] Level 1:colcon.colcon_core.package_identification:_identify(.) by extensions ['colcon_pkg']
[0.178s] Level 1:colcon.colcon_core.package_identification:_identify(.) by extension 'colcon_pkg'
[0.178s] Level 1:colcon.colcon_core.package_identification:_identify(.) by extensions ['colcon_meta']
[0.178s] Level 1:colcon.colcon_core.package_identification:_identify(.) by extension 'colcon_meta'
[0.178s] Level 1:colcon.colcon_core.package_identification:_identify(.) by extensions ['ros']
[0.178s] Level 1:colcon.colcon_core.package_identification:_identify(.) by extension 'ros'
[0.189s] Level 1:colcon.colcon_core.package_identification:_identify(.) by extensions ['cmake', 'python']
[0.189s] Level 1:colcon.colcon_core.package_identification:_identify(.) by extension 'cmake'
[0.189s] Level 1:colcon.colcon_core.package_identification:_identify(.) by extension 'python'
[0.189s] Level 1:colcon.colcon_core.package_identification:_identify(.) by extensions ['python_setup_py']
[0.189s] Level 1:colcon.colcon_core.package_identification:_identify(.) by extension 'python_setup_py'
[0.189s] Level 1:colcon.colcon_core.package_identification:_identify(build) by extensions ['ignore', 'ignore_ament_install']
[0.189s] Level 1:colcon.colcon_core.package_identification:_identify(build) by extension 'ignore'
[0.189s] Level 1:colcon.colcon_core.package_identification:_identify(build) ignored
[0.189s] Level 1:colcon.colcon_core.package_identification:_identify(install) by extensions ['ignore', 'ignore_ament_install']
[0.189s] Level 1:colcon.colcon_core.package_identification:_identify(install) by extension 'ignore'
[0.189s] Level 1:colcon.colcon_core.package_identification:_identify(install) ignored
[0.189s] Level 1:colcon.colcon_core.package_identification:_identify(learning_tf2_cpp) by extensions ['ignore', 'ignore_ament_install']
[0.189s] Level 1:colcon.colcon_core.package_identification:_identify(learning_tf2_cpp) by extension 'ignore'
[0.190s] Level 1:colcon.colcon_core.package_identification:_identify(learning_tf2_cpp) by extension 'ignore_ament_install'
[0.190s] Level 1:colcon.colcon_core.package_identification:_identify(learning_tf2_cpp) by extensions ['colcon_pkg']
[0.190s] Level 1:colcon.colcon_core.package_identification:_identify(learning_tf2_cpp) by extension 'colcon_pkg'
[0.190s] Level 1:colcon.colcon_core.package_identification:_identify(learning_tf2_cpp) by extensions ['colcon_meta']
[0.190s] Level 1:colcon.colcon_core.package_identification:_identify(learning_tf2_cpp) by extension 'colcon_meta'
[0.190s] Level 1:colcon.colcon_core.package_identification:_identify(learning_tf2_cpp) by extensions ['ros']
[0.190s] Level 1:colcon.colcon_core.package_identification:_identify(learning_tf2_cpp) by extension 'ros'
[0.191s] DEBUG:colcon.colcon_core.package_identification:Package 'learning_tf2_cpp' with type 'ros.ament_cmake' and name 'learning_tf2_cpp'
[0.192s] Level 1:colcon.colcon_core.package_identification:_identify(log) by extensions ['ignore', 'ignore_ament_install']
[0.192s] Level 1:colcon.colcon_core.package_identification:_identify(log) by extension 'ignore'
[0.192s] Level 1:colcon.colcon_core.package_identification:_identify(log) ignored
[0.192s] Level 1:colcon.colcon_core.package_identification:_identify(uav_tf2_test) by extensions ['ignore', 'ignore_ament_install']
[0.192s] Level 1:colcon.colcon_core.package_identification:_identify(uav_tf2_test) by extension 'ignore'
[0.192s] Level 1:colcon.colcon_core.package_identification:_identify(uav_tf2_test) by extension 'ignore_ament_install'
[0.192s] Level 1:colcon.colcon_core.package_identification:_identify(uav_tf2_test) by extensions ['colcon_pkg']
[0.192s] Level 1:colcon.colcon_core.package_identification:_identify(uav_tf2_test) by extension 'colcon_pkg'
[0.192s] Level 1:colcon.colcon_core.package_identification:_identify(uav_tf2_test) by extensions ['colcon_meta']
[0.192s] Level 1:colcon.colcon_core.package_identification:_identify(uav_tf2_test) by extension 'colcon_meta'
[0.192s] Level 1:colcon.colcon_core.package_identification:_identify(uav_tf2_test) by extensions ['ros']
[0.192s] Level 1:colcon.colcon_core.package_identification:_identify(uav_tf2_test) by extension 'ros'
[0.193s] DEBUG:colcon.colcon_core.package_identification:Package 'uav_tf2_test' with type 'ros.ament_cmake' and name 'uav_tf2_test'
[0.193s] Level 1:colcon.colcon_core.package_identification:_identify(uav_urdf_demo) by extensions ['ignore', 'ignore_ament_install']
[0.193s] Level 1:colcon.colcon_core.package_identification:_identify(uav_urdf_demo) by extension 'ignore'
[0.193s] Level 1:colcon.colcon_core.package_identification:_identify(uav_urdf_demo) by extension 'ignore_ament_install'
[0.193s] Level 1:colcon.colcon_core.package_identification:_identify(uav_urdf_demo) by extensions ['colcon_pkg']
[0.193s] Level 1:colcon.colcon_core.package_identification:_identify(uav_urdf_demo) by extension 'colcon_pkg'
[0.193s] Level 1:colcon.colcon_core.package_identification:_identify(uav_urdf_demo) by extensions ['colcon_meta']
[0.193s] Level 1:colcon.colcon_core.package_identification:_identify(uav_urdf_demo) by extension 'colcon_meta'
[0.193s] Level 1:colcon.colcon_core.package_identification:_identify(uav_urdf_demo) by extensions ['ros']
[0.193s] Level 1:colcon.colcon_core.package_identification:_identify(uav_urdf_demo) by extension 'ros'
[0.194s] DEBUG:colcon.colcon_core.package_identification:Package 'uav_urdf_demo' with type 'ros.ament_cmake' and name 'uav_urdf_demo'
[0.194s] Level 1:colcon.colcon_core.package_discovery:discover_packages(recursive) using defaults
[0.194s] Level 1:colcon.colcon_core.package_discovery:discover_packages(ignore) discover
[0.194s] Level 1:colcon.colcon_core.package_discovery:discover_packages(ignore) using defaults
[0.194s] Level 1:colcon.colcon_core.package_discovery:discover_packages(path) discover
[0.194s] Level 1:colcon.colcon_core.package_discovery:discover_packages(path) using defaults
[0.206s] INFO:colcon.colcon_core.package_selection:Skipping not selected package 'learning_tf2_cpp' in 'learning_tf2_cpp'
[0.207s] INFO:colcon.colcon_core.package_selection:Skipping not selected package 'uav_tf2_test' in 'uav_tf2_test'
[0.207s] Level 1:colcon.colcon_core.package_discovery:discover_packages(prefix_path) check parameters
[0.207s] Level 1:colcon.colcon_core.package_discovery:discover_packages(prefix_path) discover
[0.208s] DEBUG:colcon.colcon_installed_package_information.package_discovery:Found 3 installed packages in /home/ccl/ROS2_UAV/install
[0.210s] DEBUG:colcon.colcon_installed_package_information.package_discovery:Found 274 installed packages in /opt/ros/galactic
[0.211s] Level 1:colcon.colcon_core.package_discovery:discover_packages(prefix_path) using defaults
[0.250s] Level 5:colcon.colcon_core.verb:set package 'uav_urdf_demo' build argument 'cmake_args' from command line to 'None'
[0.250s] Level 5:colcon.colcon_core.verb:set package 'uav_urdf_demo' build argument 'cmake_target' from command line to 'None'
[0.250s] Level 5:colcon.colcon_core.verb:set package 'uav_urdf_demo' build argument 'cmake_target_skip_unavailable' from command line to 'False'
[0.250s] Level 5:colcon.colcon_core.verb:set package 'uav_urdf_demo' build argument 'cmake_clean_cache' from command line to 'False'
[0.250s] Level 5:colcon.colcon_core.verb:set package 'uav_urdf_demo' build argument 'cmake_clean_first' from command line to 'False'
[0.250s] Level 5:colcon.colcon_core.verb:set package 'uav_urdf_demo' build argument 'cmake_force_configure' from command line to 'False'
[0.250s] Level 5:colcon.colcon_core.verb:set package 'uav_urdf_demo' build argument 'ament_cmake_args' from command line to 'None'
[0.250s] Level 5:colcon.colcon_core.verb:set package 'uav_urdf_demo' build argument 'catkin_cmake_args' from command line to 'None'
[0.250s] Level 5:colcon.colcon_core.verb:set package 'uav_urdf_demo' build argument 'catkin_skip_building_tests' from command line to 'False'
[0.250s] DEBUG:colcon.colcon_core.verb:Building package 'uav_urdf_demo' with the following arguments: {'ament_cmake_args': None, 'build_base': '/home/ccl/ROS2_UAV/build/uav_urdf_demo', 'catkin_cmake_args': None, 'catkin_skip_building_tests': False, 'cmake_args': None, 'cmake_clean_cache': False, 'cmake_clean_first': False, 'cmake_force_configure': False, 'cmake_target': None, 'cmake_target_skip_unavailable': False, 'install_base': '/home/ccl/ROS2_UAV/install/uav_urdf_demo', 'merge_install': False, 'path': '/home/ccl/ROS2_UAV/uav_urdf_demo', 'symlink_install': False, 'test_result_base': None}
[0.250s] INFO:colcon.colcon_core.executor:Executing jobs using 'parallel' executor
[0.251s] DEBUG:colcon.colcon_parallel_executor.executor.parallel:run_until_complete
[0.251s] INFO:colcon.colcon_ros.task.ament_cmake.build:Building ROS package in '/home/ccl/ROS2_UAV/uav_urdf_demo' with build type 'ament_cmake'
[0.251s] INFO:colcon.colcon_cmake.task.cmake.build:Building CMake package in '/home/ccl/ROS2_UAV/uav_urdf_demo'
[0.254s] INFO:colcon.colcon_core.plugin_system:Skipping extension 'colcon_core.shell.bat': Not used on non-Windows systems
[0.254s] INFO:colcon.colcon_core.shell:Skip shell extension 'powershell' for command environment: Not usable outside of PowerShell
[0.254s] DEBUG:colcon.colcon_core.shell:Skip shell extension 'dsv' for command environment
[0.269s] DEBUG:colcon.colcon_core.event_handler.log_command:Invoking command in '/home/ccl/ROS2_UAV/build/uav_urdf_demo': CMAKE_PREFIX_PATH=${CMAKE_PREFIX_PATH}:/opt/ros/galactic /usr/bin/cmake --build /home/ccl/ROS2_UAV/build/uav_urdf_demo -- -j8 -l8
[6.420s] DEBUG:colcon.colcon_core.event_handler.log_command:Invoked command in '/home/ccl/ROS2_UAV/build/uav_urdf_demo' returned '0': CMAKE_PREFIX_PATH=${CMAKE_PREFIX_PATH}:/opt/ros/galactic /usr/bin/cmake --build /home/ccl/ROS2_UAV/build/uav_urdf_demo -- -j8 -l8
[6.460s] DEBUG:colcon.colcon_core.event_handler.log_command:Invoking command in '/home/ccl/ROS2_UAV/build/uav_urdf_demo': CMAKE_PREFIX_PATH=${CMAKE_PREFIX_PATH}:/opt/ros/galactic /usr/bin/cmake --install /home/ccl/ROS2_UAV/build/uav_urdf_demo
[6.474s] Level 1:colcon.colcon_core.environment:create_environment_scripts_only(uav_urdf_demo)
[6.476s] DEBUG:colcon.colcon_core.event_handler.log_command:Invoked command in '/home/ccl/ROS2_UAV/build/uav_urdf_demo' returned '0': CMAKE_PREFIX_PATH=${CMAKE_PREFIX_PATH}:/opt/ros/galactic /usr/bin/cmake --install /home/ccl/ROS2_UAV/build/uav_urdf_demo
[6.478s] Level 1:colcon.colcon_core.environment:checking '/home/ccl/ROS2_UAV/install/uav_urdf_demo' for CMake module files
[6.478s] Level 1:colcon.colcon_core.environment:checking '/home/ccl/ROS2_UAV/install/uav_urdf_demo' for CMake config files
[6.479s] Level 1:colcon.colcon_core.shell:create_environment_hook('uav_urdf_demo', 'cmake_prefix_path')
[6.479s] INFO:colcon.colcon_core.shell:Creating environment hook '/home/ccl/ROS2_UAV/install/uav_urdf_demo/share/uav_urdf_demo/hook/cmake_prefix_path.ps1'
[6.480s] INFO:colcon.colcon_core.shell:Creating environment descriptor '/home/ccl/ROS2_UAV/install/uav_urdf_demo/share/uav_urdf_demo/hook/cmake_prefix_path.dsv'
[6.480s] INFO:colcon.colcon_core.shell:Creating environment hook '/home/ccl/ROS2_UAV/install/uav_urdf_demo/share/uav_urdf_demo/hook/cmake_prefix_path.sh'
[6.481s] Level 1:colcon.colcon_core.environment:checking '/home/ccl/ROS2_UAV/install/uav_urdf_demo/lib'
[6.481s] Level 1:colcon.colcon_core.environment:checking '/home/ccl/ROS2_UAV/install/uav_urdf_demo/bin'
[6.481s] Level 1:colcon.colcon_core.environment:checking '/home/ccl/ROS2_UAV/install/uav_urdf_demo/lib/pkgconfig/uav_urdf_demo.pc'
[6.482s] Level 1:colcon.colcon_core.environment:checking '/home/ccl/ROS2_UAV/install/uav_urdf_demo/lib/python3.8/site-packages'
[6.482s] Level 1:colcon.colcon_core.environment:checking '/home/ccl/ROS2_UAV/install/uav_urdf_demo/bin'
[6.482s] INFO:colcon.colcon_core.shell:Creating package script '/home/ccl/ROS2_UAV/install/uav_urdf_demo/share/uav_urdf_demo/package.ps1'
[6.483s] INFO:colcon.colcon_core.shell:Creating package descriptor '/home/ccl/ROS2_UAV/install/uav_urdf_demo/share/uav_urdf_demo/package.dsv'
[6.483s] INFO:colcon.colcon_core.shell:Creating package script '/home/ccl/ROS2_UAV/install/uav_urdf_demo/share/uav_urdf_demo/package.sh'
[6.484s] INFO:colcon.colcon_core.shell:Creating package script '/home/ccl/ROS2_UAV/install/uav_urdf_demo/share/uav_urdf_demo/package.bash'
[6.484s] INFO:colcon.colcon_core.shell:Creating package script '/home/ccl/ROS2_UAV/install/uav_urdf_demo/share/uav_urdf_demo/package.zsh'
[6.485s] Level 1:colcon.colcon_core.environment:create_file_with_runtime_dependencies(/home/ccl/ROS2_UAV/install/uav_urdf_demo/share/colcon-core/packages/uav_urdf_demo)
[6.516s] Level 1:colcon.colcon_core.environment:create_environment_scripts_only(uav_urdf_demo)
[6.517s] Level 1:colcon.colcon_core.environment:checking '/home/ccl/ROS2_UAV/install/uav_urdf_demo' for CMake module files
[6.517s] Level 1:colcon.colcon_core.environment:checking '/home/ccl/ROS2_UAV/install/uav_urdf_demo' for CMake config files
[6.518s] Level 1:colcon.colcon_core.shell:create_environment_hook('uav_urdf_demo', 'cmake_prefix_path')
[6.518s] INFO:colcon.colcon_core.shell:Creating environment hook '/home/ccl/ROS2_UAV/install/uav_urdf_demo/share/uav_urdf_demo/hook/cmake_prefix_path.ps1'
[6.519s] INFO:colcon.colcon_core.shell:Creating environment descriptor '/home/ccl/ROS2_UAV/install/uav_urdf_demo/share/uav_urdf_demo/hook/cmake_prefix_path.dsv'
[6.519s] INFO:colcon.colcon_core.shell:Creating environment hook '/home/ccl/ROS2_UAV/install/uav_urdf_demo/share/uav_urdf_demo/hook/cmake_prefix_path.sh'
[6.520s] Level 1:colcon.colcon_core.environment:checking '/home/ccl/ROS2_UAV/install/uav_urdf_demo/lib'
[6.520s] Level 1:colcon.colcon_core.environment:checking '/home/ccl/ROS2_UAV/install/uav_urdf_demo/bin'
[6.520s] Level 1:colcon.colcon_core.environment:checking '/home/ccl/ROS2_UAV/install/uav_urdf_demo/lib/pkgconfig/uav_urdf_demo.pc'
[6.520s] Level 1:colcon.colcon_core.environment:checking '/home/ccl/ROS2_UAV/install/uav_urdf_demo/lib/python3.8/site-packages'
[6.520s] Level 1:colcon.colcon_core.environment:checking '/home/ccl/ROS2_UAV/install/uav_urdf_demo/bin'
[6.520s] INFO:colcon.colcon_core.shell:Creating package script '/home/ccl/ROS2_UAV/install/uav_urdf_demo/share/uav_urdf_demo/package.ps1'
[6.521s] INFO:colcon.colcon_core.shell:Creating package descriptor '/home/ccl/ROS2_UAV/install/uav_urdf_demo/share/uav_urdf_demo/package.dsv'
[6.521s] INFO:colcon.colcon_core.shell:Creating package script '/home/ccl/ROS2_UAV/install/uav_urdf_demo/share/uav_urdf_demo/package.sh'
[6.522s] INFO:colcon.colcon_core.shell:Creating package script '/home/ccl/ROS2_UAV/install/uav_urdf_demo/share/uav_urdf_demo/package.bash'
[6.522s] INFO:colcon.colcon_core.shell:Creating package script '/home/ccl/ROS2_UAV/install/uav_urdf_demo/share/uav_urdf_demo/package.zsh'
[6.523s] Level 1:colcon.colcon_core.environment:create_file_with_runtime_dependencies(/home/ccl/ROS2_UAV/install/uav_urdf_demo/share/colcon-core/packages/uav_urdf_demo)
[6.523s] DEBUG:colcon.colcon_parallel_executor.executor.parallel:closing loop
[6.523s] DEBUG:colcon.colcon_parallel_executor.executor.parallel:loop closed
[6.524s] DEBUG:colcon.colcon_parallel_executor.executor.parallel:run_until_complete finished with '0'
[6.524s] DEBUG:colcon.colcon_core.event_reactor:joining thread
[6.529s] INFO:colcon.colcon_core.plugin_system:Skipping extension 'colcon_notification.desktop_notification.terminal_notifier': Not used on non-Darwin systems
[6.529s] INFO:colcon.colcon_core.plugin_system:Skipping extension 'colcon_notification.desktop_notification.win32': Not used on non-Windows systems
[6.529s] INFO:colcon.colcon_notification.desktop_notification:Sending desktop notification using 'notify2'
[6.540s] DEBUG:colcon.colcon_core.event_reactor:joined thread
[6.541s] INFO:colcon.colcon_core.shell:Creating prefix script '/home/ccl/ROS2_UAV/install/local_setup.ps1'
[6.542s] INFO:colcon.colcon_core.shell:Creating prefix util module '/home/ccl/ROS2_UAV/install/_local_setup_util_ps1.py'
[6.542s] INFO:colcon.colcon_core.shell:Creating prefix chain script '/home/ccl/ROS2_UAV/install/setup.ps1'
[6.543s] INFO:colcon.colcon_core.shell:Creating prefix script '/home/ccl/ROS2_UAV/install/local_setup.sh'
[6.544s] INFO:colcon.colcon_core.shell:Creating prefix util module '/home/ccl/ROS2_UAV/install/_local_setup_util_sh.py'
[6.544s] INFO:colcon.colcon_core.shell:Creating prefix chain script '/home/ccl/ROS2_UAV/install/setup.sh'
[6.545s] INFO:colcon.colcon_core.shell:Creating prefix script '/home/ccl/ROS2_UAV/install/local_setup.bash'
[6.545s] INFO:colcon.colcon_core.shell:Creating prefix chain script '/home/ccl/ROS2_UAV/install/setup.bash'
[6.546s] INFO:colcon.colcon_core.shell:Creating prefix script '/home/ccl/ROS2_UAV/install/local_setup.zsh'
[6.547s] INFO:colcon.colcon_core.shell:Creating prefix chain script '/home/ccl/ROS2_UAV/install/setup.zsh'
