[0.019s] Invoking command in '/home/ccl/ros2_ws/build/uav_urdf_demo': CMAKE_PREFIX_PATH=/opt/ros/galactic /usr/bin/cmake --build /home/ccl/ros2_ws/build/uav_urdf_demo -- -j8 -l8
[0.080s] -- Found ament_cmake: 1.1.6 (/opt/ros/galactic/share/ament_cmake/cmake)
[0.102s] -- Using PYTHON_EXECUTABLE: /usr/bin/python3
[0.175s] -- Found geometry_msgs: 2.2.4 (/opt/ros/galactic/share/geometry_msgs/cmake)
[0.204s] -- Using all available rosidl_typesupport_c: rosidl_typesupport_fastrtps_c;rosidl_typesupport_introspection_c
[0.209s] -- Found rosidl_adapter: 2.2.3 (/opt/ros/galactic/share/rosidl_adapter/cmake)
[0.327s] -- Using all available rosidl_typesupport_cpp: rosidl_typesupport_fastrtps_cpp;rosidl_typesupport_introspection_cpp
[0.406s] -- Found rclcpp: 9.2.2 (/opt/ros/galactic/share/rclcpp/cmake)
[0.466s] -- Found rmw_implementation_cmake: 3.3.1 (/opt/ros/galactic/share/rmw_implementation_cmake/cmake)
[0.469s] -- Found rmw_cyclonedds_cpp: 0.22.6 (/opt/ros/galactic/share/rmw_cyclonedds_cpp/cmake)
[0.490s] -- Using RMW implementation 'rmw_cyclonedds_cpp' as default
[0.610s] -- Found ament_lint_auto: 0.10.7 (/opt/ros/galactic/share/ament_lint_auto/cmake)
[0.669s] CMake Error at /opt/ros/galactic/share/ament_cmake_target_dependencies/cmake/ament_target_dependencies.cmake:77 (message):
[0.669s]   ament_target_dependencies() the passed package name 'sensor_msgs' was not
[0.669s]   found before
[0.669s] Call Stack (most recent call first):
[0.669s]   CMakeLists.txt:35 (ament_target_dependencies)
[0.669s] 
[0.669s] 
[0.670s] -- Configuring incomplete, errors occurred!
[0.670s] See also "/home/ccl/ros2_ws/build/uav_urdf_demo/CMakeFiles/CMakeOutput.log".
[0.670s] See also "/home/ccl/ros2_ws/build/uav_urdf_demo/CMakeFiles/CMakeError.log".
[0.675s] make: *** [Makefile:222: cmake_check_build_system] Error 1
[0.677s] Invoked command in '/home/ccl/ros2_ws/build/uav_urdf_demo' returned '2': CMAKE_PREFIX_PATH=/opt/ros/galactic /usr/bin/cmake --build /home/ccl/ros2_ws/build/uav_urdf_demo -- -j8 -l8
