[0.221s] DEBUG:colcon:Command line arguments: ['/usr/bin/colcon', 'build', '--packages-select', 'uav_tf2_test']
[0.221s] DEBUG:colcon:Parsed command line arguments: Namespace(allow_overriding=[], ament_cmake_args=None, base_paths=['.'], build_base='build', catkin_cmake_args=None, catkin_skip_building_tests=False, cmake_args=None, cmake_clean_cache=False, cmake_clean_first=False, cmake_force_configure=False, cmake_target=None, cmake_target_skip_unavailable=False, continue_on_error=False, event_handlers=None, executor='parallel', ignore_user_meta=False, install_base='install', log_base=None, log_level=None, main=<bound method BuildVerb.main of <colcon_core.verb.build.BuildVerb object at 0x7feced7355e0>>, merge_install=False, metas=['./colcon.meta'], packages_above=None, packages_above_and_dependencies=None, packages_above_depth=None, packages_end=None, packages_ignore=None, packages_ignore_regex=None, packages_select=['uav_tf2_test'], packages_select_build_failed=False, packages_select_by_dep=None, packages_select_regex=None, packages_select_test_failures=False, packages_skip=None, packages_skip_build_finished=False, packages_skip_by_dep=None, packages_skip_regex=None, packages_skip_test_passed=False, packages_skip_up_to=None, packages_start=None, packages_up_to=None, packages_up_to_regex=None, parallel_workers=8, paths=None, symlink_install=False, test_result_base=None, verb_extension=<colcon_core.verb.build.BuildVerb object at 0x7feced7355e0>, verb_name='build', verb_parser=<colcon_defaults.argument_parser.defaults.DefaultArgumentsDecorator object at 0x7feced6d8940>)
[0.271s] Level 1:colcon.colcon_core.package_discovery:discover_packages(colcon_meta) check parameters
[0.271s] Level 1:colcon.colcon_core.package_discovery:discover_packages(recursive) check parameters
[0.271s] Level 1:colcon.colcon_core.package_discovery:discover_packages(ignore) check parameters
[0.271s] Level 1:colcon.colcon_core.package_discovery:discover_packages(path) check parameters
[0.271s] Level 1:colcon.colcon_core.package_discovery:discover_packages(colcon_meta) discover
[0.271s] Level 1:colcon.colcon_core.package_discovery:discover_packages(recursive) discover
[0.271s] INFO:colcon.colcon_core.package_discovery:Crawling recursively for packages in '/home/ccl/ros2_ws'
[0.271s] Level 1:colcon.colcon_core.package_identification:_identify(.) by extensions ['ignore', 'ignore_ament_install']
[0.271s] Level 1:colcon.colcon_core.package_identification:_identify(.) by extension 'ignore'
[0.271s] Level 1:colcon.colcon_core.package_identification:_identify(.) by extension 'ignore_ament_install'
[0.271s] Level 1:colcon.colcon_core.package_identification:_identify(.) by extensions ['colcon_pkg']
[0.271s] Level 1:colcon.colcon_core.package_identification:_identify(.) by extension 'colcon_pkg'
[0.272s] Level 1:colcon.colcon_core.package_identification:_identify(.) by extensions ['colcon_meta']
[0.272s] Level 1:colcon.colcon_core.package_identification:_identify(.) by extension 'colcon_meta'
[0.272s] Level 1:colcon.colcon_core.package_identification:_identify(.) by extensions ['ros']
[0.272s] Level 1:colcon.colcon_core.package_identification:_identify(.) by extension 'ros'
[0.287s] Level 1:colcon.colcon_core.package_identification:_identify(.) by extensions ['cmake', 'python']
[0.287s] Level 1:colcon.colcon_core.package_identification:_identify(.) by extension 'cmake'
[0.287s] Level 1:colcon.colcon_core.package_identification:_identify(.) by extension 'python'
[0.287s] Level 1:colcon.colcon_core.package_identification:_identify(.) by extensions ['python_setup_py']
[0.287s] Level 1:colcon.colcon_core.package_identification:_identify(.) by extension 'python_setup_py'
[0.287s] Level 1:colcon.colcon_core.package_identification:_identify(build) by extensions ['ignore', 'ignore_ament_install']
[0.288s] Level 1:colcon.colcon_core.package_identification:_identify(build) by extension 'ignore'
[0.288s] Level 1:colcon.colcon_core.package_identification:_identify(build) ignored
[0.288s] Level 1:colcon.colcon_core.package_identification:_identify(install) by extensions ['ignore', 'ignore_ament_install']
[0.288s] Level 1:colcon.colcon_core.package_identification:_identify(install) by extension 'ignore'
[0.288s] Level 1:colcon.colcon_core.package_identification:_identify(install) ignored
[0.288s] Level 1:colcon.colcon_core.package_identification:_identify(learning_tf2_cpp) by extensions ['ignore', 'ignore_ament_install']
[0.288s] Level 1:colcon.colcon_core.package_identification:_identify(learning_tf2_cpp) by extension 'ignore'
[0.288s] Level 1:colcon.colcon_core.package_identification:_identify(learning_tf2_cpp) by extension 'ignore_ament_install'
[0.288s] Level 1:colcon.colcon_core.package_identification:_identify(learning_tf2_cpp) by extensions ['colcon_pkg']
[0.288s] Level 1:colcon.colcon_core.package_identification:_identify(learning_tf2_cpp) by extension 'colcon_pkg'
[0.288s] Level 1:colcon.colcon_core.package_identification:_identify(learning_tf2_cpp) by extensions ['colcon_meta']
[0.288s] Level 1:colcon.colcon_core.package_identification:_identify(learning_tf2_cpp) by extension 'colcon_meta'
[0.289s] Level 1:colcon.colcon_core.package_identification:_identify(learning_tf2_cpp) by extensions ['ros']
[0.289s] Level 1:colcon.colcon_core.package_identification:_identify(learning_tf2_cpp) by extension 'ros'
[0.291s] DEBUG:colcon.colcon_core.package_identification:Package 'learning_tf2_cpp' with type 'ros.ament_cmake' and name 'learning_tf2_cpp'
[0.291s] Level 1:colcon.colcon_core.package_identification:_identify(log) by extensions ['ignore', 'ignore_ament_install']
[0.291s] Level 1:colcon.colcon_core.package_identification:_identify(log) by extension 'ignore'
[0.291s] Level 1:colcon.colcon_core.package_identification:_identify(log) ignored
[0.291s] Level 1:colcon.colcon_core.package_identification:_identify(uav_tf2_test) by extensions ['ignore', 'ignore_ament_install']
[0.292s] Level 1:colcon.colcon_core.package_identification:_identify(uav_tf2_test) by extension 'ignore'
[0.292s] Level 1:colcon.colcon_core.package_identification:_identify(uav_tf2_test) by extension 'ignore_ament_install'
[0.292s] Level 1:colcon.colcon_core.package_identification:_identify(uav_tf2_test) by extensions ['colcon_pkg']
[0.292s] Level 1:colcon.colcon_core.package_identification:_identify(uav_tf2_test) by extension 'colcon_pkg'
[0.292s] Level 1:colcon.colcon_core.package_identification:_identify(uav_tf2_test) by extensions ['colcon_meta']
[0.292s] Level 1:colcon.colcon_core.package_identification:_identify(uav_tf2_test) by extension 'colcon_meta'
[0.292s] Level 1:colcon.colcon_core.package_identification:_identify(uav_tf2_test) by extensions ['ros']
[0.292s] Level 1:colcon.colcon_core.package_identification:_identify(uav_tf2_test) by extension 'ros'
[0.293s] DEBUG:colcon.colcon_core.package_identification:Package 'uav_tf2_test' with type 'ros.ament_cmake' and name 'uav_tf2_test'
[0.293s] Level 1:colcon.colcon_core.package_discovery:discover_packages(recursive) using defaults
[0.293s] Level 1:colcon.colcon_core.package_discovery:discover_packages(ignore) discover
[0.293s] Level 1:colcon.colcon_core.package_discovery:discover_packages(ignore) using defaults
[0.293s] Level 1:colcon.colcon_core.package_discovery:discover_packages(path) discover
[0.293s] Level 1:colcon.colcon_core.package_discovery:discover_packages(path) using defaults
[0.310s] INFO:colcon.colcon_core.package_selection:Skipping not selected package 'learning_tf2_cpp' in 'learning_tf2_cpp'
[0.311s] Level 1:colcon.colcon_core.package_discovery:discover_packages(prefix_path) check parameters
[0.311s] Level 1:colcon.colcon_core.package_discovery:discover_packages(prefix_path) discover
[0.313s] DEBUG:colcon.colcon_installed_package_information.package_discovery:Found 1 installed packages in /home/ccl/ros2_ws/install
[0.316s] DEBUG:colcon.colcon_installed_package_information.package_discovery:Found 270 installed packages in /opt/ros/galactic
[0.318s] Level 1:colcon.colcon_core.package_discovery:discover_packages(prefix_path) using defaults
[0.383s] Level 5:colcon.colcon_core.verb:set package 'uav_tf2_test' build argument 'cmake_args' from command line to 'None'
[0.383s] Level 5:colcon.colcon_core.verb:set package 'uav_tf2_test' build argument 'cmake_target' from command line to 'None'
[0.383s] Level 5:colcon.colcon_core.verb:set package 'uav_tf2_test' build argument 'cmake_target_skip_unavailable' from command line to 'False'
[0.383s] Level 5:colcon.colcon_core.verb:set package 'uav_tf2_test' build argument 'cmake_clean_cache' from command line to 'False'
[0.383s] Level 5:colcon.colcon_core.verb:set package 'uav_tf2_test' build argument 'cmake_clean_first' from command line to 'False'
[0.384s] Level 5:colcon.colcon_core.verb:set package 'uav_tf2_test' build argument 'cmake_force_configure' from command line to 'False'
[0.384s] Level 5:colcon.colcon_core.verb:set package 'uav_tf2_test' build argument 'ament_cmake_args' from command line to 'None'
[0.384s] Level 5:colcon.colcon_core.verb:set package 'uav_tf2_test' build argument 'catkin_cmake_args' from command line to 'None'
[0.384s] Level 5:colcon.colcon_core.verb:set package 'uav_tf2_test' build argument 'catkin_skip_building_tests' from command line to 'False'
[0.384s] DEBUG:colcon.colcon_core.verb:Building package 'uav_tf2_test' with the following arguments: {'ament_cmake_args': None, 'build_base': '/home/ccl/ros2_ws/build/uav_tf2_test', 'catkin_cmake_args': None, 'catkin_skip_building_tests': False, 'cmake_args': None, 'cmake_clean_cache': False, 'cmake_clean_first': False, 'cmake_force_configure': False, 'cmake_target': None, 'cmake_target_skip_unavailable': False, 'install_base': '/home/ccl/ros2_ws/install/uav_tf2_test', 'merge_install': False, 'path': '/home/ccl/ros2_ws/uav_tf2_test', 'symlink_install': False, 'test_result_base': None}
[0.384s] INFO:colcon.colcon_core.executor:Executing jobs using 'parallel' executor
[0.385s] DEBUG:colcon.colcon_parallel_executor.executor.parallel:run_until_complete
[0.385s] INFO:colcon.colcon_ros.task.ament_cmake.build:Building ROS package in '/home/ccl/ros2_ws/uav_tf2_test' with build type 'ament_cmake'
[0.386s] INFO:colcon.colcon_cmake.task.cmake.build:Building CMake package in '/home/ccl/ros2_ws/uav_tf2_test'
[0.389s] INFO:colcon.colcon_core.plugin_system:Skipping extension 'colcon_core.shell.bat': Not used on non-Windows systems
[0.389s] INFO:colcon.colcon_core.shell:Skip shell extension 'powershell' for command environment: Not usable outside of PowerShell
[0.389s] DEBUG:colcon.colcon_core.shell:Skip shell extension 'dsv' for command environment
[0.412s] DEBUG:colcon.colcon_core.event_handler.log_command:Invoking command in '/home/ccl/ros2_ws/build/uav_tf2_test': CMAKE_PREFIX_PATH=${CMAKE_PREFIX_PATH}:/opt/ros/galactic /usr/bin/cmake --build /home/ccl/ros2_ws/build/uav_tf2_test -- -j8 -l8
[3.833s] DEBUG:colcon.colcon_core.event_handler.log_command:Invoked command in '/home/ccl/ros2_ws/build/uav_tf2_test' returned '0': CMAKE_PREFIX_PATH=${CMAKE_PREFIX_PATH}:/opt/ros/galactic /usr/bin/cmake --build /home/ccl/ros2_ws/build/uav_tf2_test -- -j8 -l8
[3.971s] DEBUG:colcon.colcon_core.event_handler.log_command:Invoking command in '/home/ccl/ros2_ws/build/uav_tf2_test': CMAKE_PREFIX_PATH=${CMAKE_PREFIX_PATH}:/opt/ros/galactic /usr/bin/cmake --install /home/ccl/ros2_ws/build/uav_tf2_test
[4.007s] Level 1:colcon.colcon_core.environment:create_environment_scripts_only(uav_tf2_test)
[4.008s] DEBUG:colcon.colcon_core.event_handler.log_command:Invoked command in '/home/ccl/ros2_ws/build/uav_tf2_test' returned '0': CMAKE_PREFIX_PATH=${CMAKE_PREFIX_PATH}:/opt/ros/galactic /usr/bin/cmake --install /home/ccl/ros2_ws/build/uav_tf2_test
[4.014s] Level 1:colcon.colcon_core.environment:checking '/home/ccl/ros2_ws/install/uav_tf2_test' for CMake module files
[4.015s] Level 1:colcon.colcon_core.environment:checking '/home/ccl/ros2_ws/install/uav_tf2_test' for CMake config files
[4.016s] Level 1:colcon.colcon_core.shell:create_environment_hook('uav_tf2_test', 'cmake_prefix_path')
[4.016s] INFO:colcon.colcon_core.shell:Creating environment hook '/home/ccl/ros2_ws/install/uav_tf2_test/share/uav_tf2_test/hook/cmake_prefix_path.ps1'
[4.018s] INFO:colcon.colcon_core.shell:Creating environment descriptor '/home/ccl/ros2_ws/install/uav_tf2_test/share/uav_tf2_test/hook/cmake_prefix_path.dsv'
[4.018s] INFO:colcon.colcon_core.shell:Creating environment hook '/home/ccl/ros2_ws/install/uav_tf2_test/share/uav_tf2_test/hook/cmake_prefix_path.sh'
[4.020s] Level 1:colcon.colcon_core.environment:checking '/home/ccl/ros2_ws/install/uav_tf2_test/lib'
[4.020s] Level 1:colcon.colcon_core.environment:checking '/home/ccl/ros2_ws/install/uav_tf2_test/bin'
[4.020s] Level 1:colcon.colcon_core.environment:checking '/home/ccl/ros2_ws/install/uav_tf2_test/lib/pkgconfig/uav_tf2_test.pc'
[4.021s] Level 1:colcon.colcon_core.environment:checking '/home/ccl/ros2_ws/install/uav_tf2_test/lib/python3.8/site-packages'
[4.021s] Level 1:colcon.colcon_core.environment:checking '/home/ccl/ros2_ws/install/uav_tf2_test/bin'
[4.021s] INFO:colcon.colcon_core.shell:Creating package script '/home/ccl/ros2_ws/install/uav_tf2_test/share/uav_tf2_test/package.ps1'
[4.022s] INFO:colcon.colcon_core.shell:Creating package descriptor '/home/ccl/ros2_ws/install/uav_tf2_test/share/uav_tf2_test/package.dsv'
[4.023s] INFO:colcon.colcon_core.shell:Creating package script '/home/ccl/ros2_ws/install/uav_tf2_test/share/uav_tf2_test/package.sh'
[4.023s] INFO:colcon.colcon_core.shell:Creating package script '/home/ccl/ros2_ws/install/uav_tf2_test/share/uav_tf2_test/package.bash'
[4.024s] INFO:colcon.colcon_core.shell:Creating package script '/home/ccl/ros2_ws/install/uav_tf2_test/share/uav_tf2_test/package.zsh'
[4.025s] Level 1:colcon.colcon_core.environment:create_file_with_runtime_dependencies(/home/ccl/ros2_ws/install/uav_tf2_test/share/colcon-core/packages/uav_tf2_test)
[4.130s] Level 1:colcon.colcon_core.environment:create_environment_scripts_only(uav_tf2_test)
[4.130s] Level 1:colcon.colcon_core.environment:checking '/home/ccl/ros2_ws/install/uav_tf2_test' for CMake module files
[4.132s] Level 1:colcon.colcon_core.environment:checking '/home/ccl/ros2_ws/install/uav_tf2_test' for CMake config files
[4.133s] Level 1:colcon.colcon_core.shell:create_environment_hook('uav_tf2_test', 'cmake_prefix_path')
[4.133s] INFO:colcon.colcon_core.shell:Creating environment hook '/home/ccl/ros2_ws/install/uav_tf2_test/share/uav_tf2_test/hook/cmake_prefix_path.ps1'
[4.134s] INFO:colcon.colcon_core.shell:Creating environment descriptor '/home/ccl/ros2_ws/install/uav_tf2_test/share/uav_tf2_test/hook/cmake_prefix_path.dsv'
[4.135s] INFO:colcon.colcon_core.shell:Creating environment hook '/home/ccl/ros2_ws/install/uav_tf2_test/share/uav_tf2_test/hook/cmake_prefix_path.sh'
[4.136s] Level 1:colcon.colcon_core.environment:checking '/home/ccl/ros2_ws/install/uav_tf2_test/lib'
[4.136s] Level 1:colcon.colcon_core.environment:checking '/home/ccl/ros2_ws/install/uav_tf2_test/bin'
[4.136s] Level 1:colcon.colcon_core.environment:checking '/home/ccl/ros2_ws/install/uav_tf2_test/lib/pkgconfig/uav_tf2_test.pc'
[4.137s] Level 1:colcon.colcon_core.environment:checking '/home/ccl/ros2_ws/install/uav_tf2_test/lib/python3.8/site-packages'
[4.137s] Level 1:colcon.colcon_core.environment:checking '/home/ccl/ros2_ws/install/uav_tf2_test/bin'
[4.137s] INFO:colcon.colcon_core.shell:Creating package script '/home/ccl/ros2_ws/install/uav_tf2_test/share/uav_tf2_test/package.ps1'
[4.138s] INFO:colcon.colcon_core.shell:Creating package descriptor '/home/ccl/ros2_ws/install/uav_tf2_test/share/uav_tf2_test/package.dsv'
[4.138s] INFO:colcon.colcon_core.shell:Creating package script '/home/ccl/ros2_ws/install/uav_tf2_test/share/uav_tf2_test/package.sh'
[4.139s] INFO:colcon.colcon_core.shell:Creating package script '/home/ccl/ros2_ws/install/uav_tf2_test/share/uav_tf2_test/package.bash'
[4.139s] INFO:colcon.colcon_core.shell:Creating package script '/home/ccl/ros2_ws/install/uav_tf2_test/share/uav_tf2_test/package.zsh'
[4.140s] Level 1:colcon.colcon_core.environment:create_file_with_runtime_dependencies(/home/ccl/ros2_ws/install/uav_tf2_test/share/colcon-core/packages/uav_tf2_test)
[4.141s] DEBUG:colcon.colcon_parallel_executor.executor.parallel:closing loop
[4.142s] DEBUG:colcon.colcon_parallel_executor.executor.parallel:loop closed
[4.142s] DEBUG:colcon.colcon_parallel_executor.executor.parallel:run_until_complete finished with '0'
[4.142s] DEBUG:colcon.colcon_core.event_reactor:joining thread
[4.151s] INFO:colcon.colcon_core.plugin_system:Skipping extension 'colcon_notification.desktop_notification.terminal_notifier': Not used on non-Darwin systems
[4.151s] INFO:colcon.colcon_core.plugin_system:Skipping extension 'colcon_notification.desktop_notification.win32': Not used on non-Windows systems
[4.151s] INFO:colcon.colcon_notification.desktop_notification:Sending desktop notification using 'notify2'
[4.169s] DEBUG:colcon.colcon_core.event_reactor:joined thread
[4.169s] INFO:colcon.colcon_core.shell:Creating prefix script '/home/ccl/ros2_ws/install/local_setup.ps1'
[4.170s] INFO:colcon.colcon_core.shell:Creating prefix util module '/home/ccl/ros2_ws/install/_local_setup_util_ps1.py'
[4.171s] INFO:colcon.colcon_core.shell:Creating prefix chain script '/home/ccl/ros2_ws/install/setup.ps1'
[4.172s] INFO:colcon.colcon_core.shell:Creating prefix script '/home/ccl/ros2_ws/install/local_setup.sh'
[4.173s] INFO:colcon.colcon_core.shell:Creating prefix util module '/home/ccl/ros2_ws/install/_local_setup_util_sh.py'
[4.174s] INFO:colcon.colcon_core.shell:Creating prefix chain script '/home/ccl/ros2_ws/install/setup.sh'
[4.176s] INFO:colcon.colcon_core.shell:Creating prefix script '/home/ccl/ros2_ws/install/local_setup.bash'
[4.177s] INFO:colcon.colcon_core.shell:Creating prefix chain script '/home/ccl/ros2_ws/install/setup.bash'
[4.178s] INFO:colcon.colcon_core.shell:Creating prefix script '/home/ccl/ros2_ws/install/local_setup.zsh'
[4.179s] INFO:colcon.colcon_core.shell:Creating prefix chain script '/home/ccl/ros2_ws/install/setup.zsh'
