[0.016s] Invoking command in '/home/ccl/ROS2_UAV/build/uav_urdf_demo': CMAKE_PREFIX_PATH=${CMAKE_PREFIX_PATH}:/opt/ros/galactic /usr/bin/cmake --build /home/ccl/ROS2_UAV/build/uav_urdf_demo -- -j8 -l8
[0.077s] [35m[1mScanning dependencies of target state_publisher[0m
[0.086s] [ 50%] Built target command_publisher
[0.113s] [ 75%] [32mBuilding CXX object CMakeFiles/state_publisher.dir/src/state_publisher.cpp.o[0m
[6.564s] [100%] [32m[1mLinking CXX executable state_publisher[0m
[6.887s] [100%] Built target state_publisher
[6.896s] Invoked command in '/home/ccl/ROS2_UAV/build/uav_urdf_demo' returned '0': CMAKE_PREFIX_PATH=${CMAKE_PREFIX_PATH}:/opt/ros/galactic /usr/bin/cmake --build /home/ccl/ROS2_UAV/build/uav_urdf_demo -- -j8 -l8
[6.937s] Invoking command in '/home/ccl/ROS2_UAV/build/uav_urdf_demo': CMAKE_PREFIX_PATH=${CMAKE_PREFIX_PATH}:/opt/ros/galactic /usr/bin/cmake --install /home/ccl/ROS2_UAV/build/uav_urdf_demo
[6.944s] -- Install configuration: ""
[6.944s] -- Up-to-date: /home/ccl/ROS2_UAV/install/uav_urdf_demo/share/uav_urdf_demo/launch
[6.944s] -- Up-to-date: /home/ccl/ROS2_UAV/install/uav_urdf_demo/share/uav_urdf_demo/launch/uav_urdf.launch.py
[6.944s] -- Up-to-date: /home/ccl/ROS2_UAV/install/uav_urdf_demo/share/uav_urdf_demo/urdf
[6.944s] -- Up-to-date: /home/ccl/ROS2_UAV/install/uav_urdf_demo/share/uav_urdf_demo/urdf/refrence.urdf.xml
[6.944s] -- Up-to-date: /home/ccl/ROS2_UAV/install/uav_urdf_demo/share/uav_urdf_demo/urdf/uav.urdf.xml
[6.944s] -- Installing: /home/ccl/ROS2_UAV/install/uav_urdf_demo/lib/uav_urdf_demo/state_publisher
[6.948s] -- Set runtime path of "/home/ccl/ROS2_UAV/install/uav_urdf_demo/lib/uav_urdf_demo/state_publisher" to ""
[6.948s] -- Installing: /home/ccl/ROS2_UAV/install/uav_urdf_demo/lib/uav_urdf_demo/command_publisher
[6.950s] -- Set runtime path of "/home/ccl/ROS2_UAV/install/uav_urdf_demo/lib/uav_urdf_demo/command_publisher" to ""
[6.950s] -- Up-to-date: /home/ccl/ROS2_UAV/install/uav_urdf_demo/share/ament_index/resource_index/package_run_dependencies/uav_urdf_demo
[6.950s] -- Up-to-date: /home/ccl/ROS2_UAV/install/uav_urdf_demo/share/ament_index/resource_index/parent_prefix_path/uav_urdf_demo
[6.950s] -- Up-to-date: /home/ccl/ROS2_UAV/install/uav_urdf_demo/share/uav_urdf_demo/environment/ament_prefix_path.sh
[6.950s] -- Up-to-date: /home/ccl/ROS2_UAV/install/uav_urdf_demo/share/uav_urdf_demo/environment/ament_prefix_path.dsv
[6.950s] -- Up-to-date: /home/ccl/ROS2_UAV/install/uav_urdf_demo/share/uav_urdf_demo/environment/path.sh
[6.950s] -- Up-to-date: /home/ccl/ROS2_UAV/install/uav_urdf_demo/share/uav_urdf_demo/environment/path.dsv
[6.951s] -- Up-to-date: /home/ccl/ROS2_UAV/install/uav_urdf_demo/share/uav_urdf_demo/local_setup.bash
[6.951s] -- Up-to-date: /home/ccl/ROS2_UAV/install/uav_urdf_demo/share/uav_urdf_demo/local_setup.sh
[6.951s] -- Up-to-date: /home/ccl/ROS2_UAV/install/uav_urdf_demo/share/uav_urdf_demo/local_setup.zsh
[6.951s] -- Up-to-date: /home/ccl/ROS2_UAV/install/uav_urdf_demo/share/uav_urdf_demo/local_setup.dsv
[6.951s] -- Installing: /home/ccl/ROS2_UAV/install/uav_urdf_demo/share/uav_urdf_demo/package.dsv
[6.951s] -- Up-to-date: /home/ccl/ROS2_UAV/install/uav_urdf_demo/share/ament_index/resource_index/packages/uav_urdf_demo
[6.951s] -- Up-to-date: /home/ccl/ROS2_UAV/install/uav_urdf_demo/share/uav_urdf_demo/cmake/uav_urdf_demoConfig.cmake
[6.951s] -- Up-to-date: /home/ccl/ROS2_UAV/install/uav_urdf_demo/share/uav_urdf_demo/cmake/uav_urdf_demoConfig-version.cmake
[6.951s] -- Up-to-date: /home/ccl/ROS2_UAV/install/uav_urdf_demo/share/uav_urdf_demo/package.xml
[6.953s] Invoked command in '/home/ccl/ROS2_UAV/build/uav_urdf_demo' returned '0': CMAKE_PREFIX_PATH=${CMAKE_PREFIX_PATH}:/opt/ros/galactic /usr/bin/cmake --install /home/ccl/ROS2_UAV/build/uav_urdf_demo
