[0.029s] Invoking command in '/home/ccl/ros2_ws/learning_tf2_cpp/build/learning_tf2_cpp': CMAKE_PREFIX_PATH=${CMAKE_PREFIX_PATH}:/home/ccl/ros2_ws/install/examples_rclpy_pointcloud_publisher:/home/ccl/ros2_ws/install/examples_rclpy_minimal_subscriber:/home/ccl/ros2_ws/install/examples_rclpy_minimal_service:/home/ccl/ros2_ws/install/examples_rclpy_minimal_publisher:/home/ccl/ros2_ws/install/examples_rclpy_minimal_client:/home/ccl/ros2_ws/install/examples_rclpy_minimal_action_server:/home/ccl/ros2_ws/install/examples_rclpy_minimal_action_client:/home/ccl/ros2_ws/install/examples_rclpy_guard_conditions:/home/ccl/ros2_ws/install/examples_rclpy_executors:/opt/ros/galactic /usr/bin/cmake --build /home/ccl/ros2_ws/learning_tf2_cpp/build/learning_tf2_cpp -- -j8 -l8
[0.074s] -- Found ament_cmake: 1.1.6 (/opt/ros/galactic/share/ament_cmake/cmake)
[0.104s] -- Using PYTHON_EXECUTABLE: /usr/bin/python3
[0.180s] -- Found geometry_msgs: 2.2.4 (/opt/ros/galactic/share/geometry_msgs/cmake)
[0.208s] -- Using all available rosidl_typesupport_c: rosidl_typesupport_fastrtps_c;rosidl_typesupport_introspection_c
[0.213s] -- Found rosidl_adapter: 2.2.3 (/opt/ros/galactic/share/rosidl_adapter/cmake)
[0.365s] -- Using all available rosidl_typesupport_cpp: rosidl_typesupport_fastrtps_cpp;rosidl_typesupport_introspection_cpp
[0.454s] -- Found rclcpp: 9.2.2 (/opt/ros/galactic/share/rclcpp/cmake)
[0.505s] -- Found rmw_implementation_cmake: 3.3.1 (/opt/ros/galactic/share/rmw_implementation_cmake/cmake)
[0.508s] -- Found rmw_cyclonedds_cpp: 0.22.6 (/opt/ros/galactic/share/rmw_cyclonedds_cpp/cmake)
[0.530s] -- Using RMW implementation 'rmw_cyclonedds_cpp' as default
[0.665s] -- Found tf2: 0.17.5 (/opt/ros/galactic/share/tf2/cmake)
[0.675s] -- Found tf2_ros: 0.17.5 (/opt/ros/galactic/share/tf2_ros/cmake)
[0.990s] -- Found turtlesim: 1.3.4 (/opt/ros/galactic/share/turtlesim/cmake)
[1.041s] -- Found ament_lint_auto: 0.10.7 (/opt/ros/galactic/share/ament_lint_auto/cmake)
[1.124s] -- Added test 'copyright' to check source files copyright and LICENSE
[1.171s] -- Added test 'cppcheck' to perform static code analysis on C / C++ code
[1.172s] -- Configured cppcheck include dirs: 
[1.172s] -- Configured cppcheck exclude dirs and/or files: 
[1.218s] -- Added test 'cpplint' to check C / C++ code against the Google style
[1.219s] -- Configured cpplint exclude dirs and/or files: 
[1.225s] -- Added test 'flake8' to check Python code syntax and style conventions
[1.237s] -- Added test 'lint_cmake' to check CMake code style
[1.243s] -- Added test 'pep257' to check Python code against some of the style conventions in PEP 257
[1.289s] -- Added test 'uncrustify' to check C / C++ code style
[1.289s] -- Configured uncrustify additional arguments: 
[1.295s] -- Added test 'xmllint' to check XML markup files
[1.303s] -- Configuring done
[1.305s] CMake Error at CMakeLists.txt:47 (add_executable):
[1.305s]   Cannot find source file:
[1.305s] 
[1.305s]     src/fixed_frame_tf2_broadcaster.cpp
[1.305s] 
[1.306s]   Tried extensions .c .C .c++ .cc .cpp .cxx .cu .m .M .mm .h .hh .h++ .hm
[1.306s]   .hpp .hxx .in .txx
[1.306s] 
[1.306s] 
[1.307s] CMake Error at CMakeLists.txt:47 (add_executable):
[1.307s]   No SOURCES given to target: fixed_frame_tf2_broadcaster
[1.307s] 
[1.307s] 
[1.308s] CMake Generate step failed.  Build files cannot be regenerated correctly.
[1.317s] make: *** [Makefile:310: cmake_check_build_system] Error 1
[1.321s] Invoked command in '/home/ccl/ros2_ws/learning_tf2_cpp/build/learning_tf2_cpp' returned '2': CMAKE_PREFIX_PATH=${CMAKE_PREFIX_PATH}:/home/ccl/ros2_ws/install/examples_rclpy_pointcloud_publisher:/home/ccl/ros2_ws/install/examples_rclpy_minimal_subscriber:/home/ccl/ros2_ws/install/examples_rclpy_minimal_service:/home/ccl/ros2_ws/install/examples_rclpy_minimal_publisher:/home/ccl/ros2_ws/install/examples_rclpy_minimal_client:/home/ccl/ros2_ws/install/examples_rclpy_minimal_action_server:/home/ccl/ros2_ws/install/examples_rclpy_minimal_action_client:/home/ccl/ros2_ws/install/examples_rclpy_guard_conditions:/home/ccl/ros2_ws/install/examples_rclpy_executors:/opt/ros/galactic /usr/bin/cmake --build /home/ccl/ros2_ws/learning_tf2_cpp/build/learning_tf2_cpp -- -j8 -l8
