[0.011s] Invoking command in '/home/ccl/ros2_ws/build/uav_urdf_demo': CMAKE_PREFIX_PATH=/opt/ros/galactic /usr/bin/cmake --build /home/ccl/ros2_ws/build/uav_urdf_demo -- -j8 -l8
[0.037s] -- Found ament_cmake: 1.1.6 (/opt/ros/galactic/share/ament_cmake/cmake)
[0.054s] -- Using PYTHON_EXECUTABLE: /usr/bin/python3
[0.099s] -- Found geometry_msgs: 2.2.4 (/opt/ros/galactic/share/geometry_msgs/cmake)
[0.114s] -- Using all available rosidl_typesupport_c: rosidl_typesupport_fastrtps_c;rosidl_typesupport_introspection_c
[0.117s] -- Found rosidl_adapter: 2.2.3 (/opt/ros/galactic/share/rosidl_adapter/cmake)
[0.204s] -- Using all available rosidl_typesupport_cpp: rosidl_typesupport_fastrtps_cpp;rosidl_typesupport_introspection_cpp
[0.262s] -- Found rclcpp: 9.2.2 (/opt/ros/galactic/share/rclcpp/cmake)
[0.291s] -- Found rmw_implementation_cmake: 3.3.1 (/opt/ros/galactic/share/rmw_implementation_cmake/cmake)
[0.292s] -- Found rmw_cyclonedds_cpp: 0.22.6 (/opt/ros/galactic/share/rmw_cyclonedds_cpp/cmake)
[0.305s] -- Using RMW implementation 'rmw_cyclonedds_cpp' as default
[0.393s] -- Found sensor_msgs: 2.2.4 (/opt/ros/galactic/share/sensor_msgs/cmake)
[0.439s] -- Found tf2_ros: 0.17.5 (/opt/ros/galactic/share/tf2_ros/cmake)
[0.658s] -- Found ament_lint_auto: 0.10.7 (/opt/ros/galactic/share/ament_lint_auto/cmake)
[0.703s] -- Added test 'copyright' to check source files copyright and LICENSE
[0.704s] -- Added test 'cppcheck' to perform static code analysis on C / C++ code
[0.704s] -- Configured cppcheck include dirs: 
[0.704s] -- Configured cppcheck exclude dirs and/or files: 
[0.705s] -- Added test 'cpplint' to check C / C++ code against the Google style
[0.705s] -- Configured cpplint exclude dirs and/or files: 
[0.705s] -- Added test 'flake8' to check Python code syntax and style conventions
[0.706s] -- Added test 'lint_cmake' to check CMake code style
[0.706s] -- Added test 'pep257' to check Python code against some of the style conventions in PEP 257
[0.707s] -- Added test 'uncrustify' to check C / C++ code style
[0.707s] -- Configured uncrustify additional arguments: 
[0.708s] -- Added test 'xmllint' to check XML markup files
[0.710s] -- Configuring done
[0.720s] -- Generating done
[0.721s] -- Build files have been written to: /home/ccl/ros2_ws/build/uav_urdf_demo
[0.759s] [ 50%] [32mBuilding CXX object CMakeFiles/state_publisher.dir/src/state_publisher.cpp.o[0m
[0.949s] [01m[K/home/ccl/ros2_ws/uav_urdf_demo/src/state_publisher.cpp:10:10:[m[K [01;31m[Kfatal error: [m[Ktf2_ros/tansform_broadcaster.h: No such file or directory
[0.949s]    10 | #include [01;31m[K"tf2_ros/tansform_broadcaster.h"[m[K
[0.949s]       |          [01;31m[K^~~~~~~~~~~~~~~~~~~~~~~~~~~~~~~~[m[K
[0.950s] compilation terminated.
[0.951s] make[2]: *** [CMakeFiles/state_publisher.dir/build.make:63: CMakeFiles/state_publisher.dir/src/state_publisher.cpp.o] Error 1
[0.951s] make[1]: *** [CMakeFiles/Makefile2:78: CMakeFiles/state_publisher.dir/all] Error 2
[0.952s] make: *** [Makefile:141: all] Error 2
[0.955s] Invoked command in '/home/ccl/ros2_ws/build/uav_urdf_demo' returned '2': CMAKE_PREFIX_PATH=/opt/ros/galactic /usr/bin/cmake --build /home/ccl/ros2_ws/build/uav_urdf_demo -- -j8 -l8
