[0.051s] Invoking command in '/home/ccl/ros2_ws/build/joint_state_publisher': /usr/bin/cmake /home/ccl/ros2_ws/joint_state_publisher/joint_state_publisher -DCATKIN_INSTALL_INTO_PREFIX_ROOT=0 -DCMAKE_INSTALL_PREFIX=/home/ccl/ros2_ws/install/joint_state_publisher
[0.415s] -- The C compiler identification is GNU 9.4.0
[0.653s] -- The CXX compiler identification is GNU 9.4.0
[0.666s] -- Check for working C compiler: /usr/lib/ccache/cc
[0.820s] -- Check for working C compiler: /usr/lib/ccache/cc -- works
[0.821s] -- Detecting C compiler ABI info
[0.930s] -- Detecting C compiler ABI info - done
[0.949s] -- Detecting C compile features
[0.949s] -- Detecting C compile features - done
[0.957s] -- Check for working CXX compiler: /usr/lib/ccache/c++
[1.122s] -- Check for working CXX compiler: /usr/lib/ccache/c++ -- works
[1.123s] -- Detecting CXX compiler ABI info
[1.243s] -- Detecting CXX compiler ABI info - done
[1.262s] -- Detecting CXX compile features
[1.263s] -- Detecting CXX compile features - done
[1.279s] CMake Error at CMakeLists.txt:4 (find_package):
[1.279s]   By not providing "Findcatkin.cmake" in CMAKE_MODULE_PATH this project has
[1.279s]   asked CMake to find a package configuration file provided by "catkin", but
[1.279s]   CMake did not find one.
[1.279s] 
[1.279s]   Could not find a package configuration file provided by "catkin" with any
[1.279s]   of the following names:
[1.279s] 
[1.280s]     catkinConfig.cmake
[1.280s]     catkin-config.cmake
[1.280s] 
[1.280s]   Add the installation prefix of "catkin" to CMAKE_PREFIX_PATH or set
[1.280s]   "catkin_DIR" to a directory containing one of the above files.  If "catkin"
[1.280s]   provides a separate development package or SDK, be sure it has been
[1.280s]   installed.
[1.281s] 
[1.281s] 
[1.281s] -- Configuring incomplete, errors occurred!
[1.281s] See also "/home/ccl/ros2_ws/build/joint_state_publisher/CMakeFiles/CMakeOutput.log".
[1.285s] Invoked command in '/home/ccl/ros2_ws/build/joint_state_publisher' returned '1': /usr/bin/cmake /home/ccl/ros2_ws/joint_state_publisher/joint_state_publisher -DCATKIN_INSTALL_INTO_PREFIX_ROOT=0 -DCMAKE_INSTALL_PREFIX=/home/ccl/ros2_ws/install/joint_state_publisher
