[0.015s] Invoking command in '/home/ccl/ros2_ws/build/uav_urdf_demo': CMAKE_PREFIX_PATH=${CMAKE_PREFIX_PATH}:/opt/ros/galactic /usr/bin/cmake --build /home/ccl/ros2_ws/build/uav_urdf_demo -- -j8 -l8
[0.065s] [35m[1mScanning dependencies of target state_publisher[0m
[0.097s] [ 50%] [32mBuilding CXX object CMakeFiles/state_publisher.dir/src/state_publisher.cpp.o[0m
[2.278s] /home/ccl/ros2_ws/uav_urdf_demo/src/state_publisher.cpp: In member function ‘geometry_msgs::msg::Quaternion StatePublisher::euler_to_quaternion(float, float, float)’:
[2.278s] /home/ccl/ros2_ws/uav_urdf_demo/src/state_publisher.cpp:36:61: error: no matching function for call to ‘geometry_msgs::msg::Quaternion_<std::allocator<void> >::Quaternion_(float&, float&, float&, float&)’
[2.278s]    36 |         return geometry_msgs::msg::Quaternion(qx, qy, qz, qw);
[2.279s]       |                                                             ^
[2.279s] In file included from /opt/ros/galactic/include/geometry_msgs/msg/detail/transform__struct.hpp:21,
[2.279s]                  from /opt/ros/galactic/include/geometry_msgs/msg/detail/transform_stamped__struct.hpp:21,
[2.279s]                  from /opt/ros/galactic/include/geometry_msgs/msg/transform_stamped.hpp:7,
[2.279s]                  from /home/ccl/ros2_ws/uav_urdf_demo/src/state_publisher.cpp:5:
[2.279s] /opt/ros/galactic/include/geometry_msgs/msg/detail/quaternion__struct.hpp:52:12: note: candidate: ‘geometry_msgs::msg::Quaternion_<ContainerAllocator>::Quaternion_(const ContainerAllocator&, rosidl_runtime_cpp::MessageInitialization) [with ContainerAllocator = std::allocator<void>]’
[2.279s]    52 |   explicit Quaternion_(const ContainerAllocator & _alloc, rosidl_runtime_cpp::MessageInitialization _init = rosidl_runtime_cpp::MessageInitialization::ALL)
[2.279s]       |            ^~~~~~~~~~~
[2.279s] /opt/ros/galactic/include/geometry_msgs/msg/detail/quaternion__struct.hpp:52:12: note:   candidate expects 2 arguments, 4 provided
[2.279s] /opt/ros/galactic/include/geometry_msgs/msg/detail/quaternion__struct.hpp:35:12: note: candidate: ‘geometry_msgs::msg::Quaternion_<ContainerAllocator>::Quaternion_(rosidl_runtime_cpp::MessageInitialization) [with ContainerAllocator = std::allocator<void>]’
[2.279s]    35 |   explicit Quaternion_(rosidl_runtime_cpp::MessageInitialization _init = rosidl_runtime_cpp::MessageInitialization::ALL)
[2.279s]       |            ^~~~~~~~~~~
[2.280s] /opt/ros/galactic/include/geometry_msgs/msg/detail/quaternion__struct.hpp:35:12: note:   candidate expects 1 argument, 4 provided
[2.280s] /opt/ros/galactic/include/geometry_msgs/msg/detail/quaternion__struct.hpp:31:8: note: candidate: ‘constexpr geometry_msgs::msg::Quaternion_<std::allocator<void> >::Quaternion_(const geometry_msgs::msg::Quaternion_<std::allocator<void> >&)’
[2.280s]    31 | struct Quaternion_
[2.280s]       |        ^~~~~~~~~~~
[2.280s] /opt/ros/galactic/include/geometry_msgs/msg/detail/quaternion__struct.hpp:31:8: note:   candidate expects 1 argument, 4 provided
[2.280s] /opt/ros/galactic/include/geometry_msgs/msg/detail/quaternion__struct.hpp:31:8: note: candidate: ‘constexpr geometry_msgs::msg::Quaternion_<std::allocator<void> >::Quaternion_(geometry_msgs::msg::Quaternion_<std::allocator<void> >&&)’
[2.280s] /opt/ros/galactic/include/geometry_msgs/msg/detail/quaternion__struct.hpp:31:8: note:   candidate expects 1 argument, 4 provided
[2.280s] make[2]: *** [CMakeFiles/state_publisher.dir/build.make:63: CMakeFiles/state_publisher.dir/src/state_publisher.cpp.o] Error 1
[2.280s] make[1]: *** [CMakeFiles/Makefile2:78: CMakeFiles/state_publisher.dir/all] Error 2
[2.280s] make: *** [Makefile:141: all] Error 2
[2.281s] Invoked command in '/home/ccl/ros2_ws/build/uav_urdf_demo' returned '2': CMAKE_PREFIX_PATH=${CMAKE_PREFIX_PATH}:/opt/ros/galactic /usr/bin/cmake --build /home/ccl/ros2_ws/build/uav_urdf_demo -- -j8 -l8
