[100%] Built target state_publisher
-- Install configuration: ""
-- Up-to-date: /home/ccl/ros2_ws/install/uav_urdf_demo/share/uav_urdf_demo/launch
-- Up-to-date: /home/ccl/ros2_ws/install/uav_urdf_demo/share/uav_urdf_demo/launch/uav_urdf.launch.py
-- Up-to-date: /home/ccl/ros2_ws/install/uav_urdf_demo/share/uav_urdf_demo/urdf
-- Up-to-date: /home/ccl/ros2_ws/install/uav_urdf_demo/share/uav_urdf_demo/urdf/refrence.urdf.xml
-- Installing: /home/ccl/ros2_ws/install/uav_urdf_demo/share/uav_urdf_demo/urdf/uav.urdf.xml
-- Up-to-date: /home/ccl/ros2_ws/install/uav_urdf_demo/lib/uav_urdf_demo/state_publisher
-- Up-to-date: /home/ccl/ros2_ws/install/uav_urdf_demo/share/ament_index/resource_index/package_run_dependencies/uav_urdf_demo
-- Up-to-date: /home/ccl/ros2_ws/install/uav_urdf_demo/share/ament_index/resource_index/parent_prefix_path/uav_urdf_demo
-- Up-to-date: /home/ccl/ros2_ws/install/uav_urdf_demo/share/uav_urdf_demo/environment/ament_prefix_path.sh
-- Up-to-date: /home/ccl/ros2_ws/install/uav_urdf_demo/share/uav_urdf_demo/environment/ament_prefix_path.dsv
-- Up-to-date: /home/ccl/ros2_ws/install/uav_urdf_demo/share/uav_urdf_demo/environment/path.sh
-- Up-to-date: /home/ccl/ros2_ws/install/uav_urdf_demo/share/uav_urdf_demo/environment/path.dsv
-- Up-to-date: /home/ccl/ros2_ws/install/uav_urdf_demo/share/uav_urdf_demo/local_setup.bash
-- Up-to-date: /home/ccl/ros2_ws/install/uav_urdf_demo/share/uav_urdf_demo/local_setup.sh
-- Up-to-date: /home/ccl/ros2_ws/install/uav_urdf_demo/share/uav_urdf_demo/local_setup.zsh
-- Up-to-date: /home/ccl/ros2_ws/install/uav_urdf_demo/share/uav_urdf_demo/local_setup.dsv
-- Installing: /home/ccl/ros2_ws/install/uav_urdf_demo/share/uav_urdf_demo/package.dsv
-- Up-to-date: /home/ccl/ros2_ws/install/uav_urdf_demo/share/ament_index/resource_index/packages/uav_urdf_demo
-- Up-to-date: /home/ccl/ros2_ws/install/uav_urdf_demo/share/uav_urdf_demo/cmake/uav_urdf_demoConfig.cmake
-- Up-to-date: /home/ccl/ros2_ws/install/uav_urdf_demo/share/uav_urdf_demo/cmake/uav_urdf_demoConfig-version.cmake
-- Up-to-date: /home/ccl/ros2_ws/install/uav_urdf_demo/share/uav_urdf_demo/package.xml
