[0.016s] Invoking command in '/home/ccl/ros2_ws/build/uav_urdf_demo': CMAKE_PREFIX_PATH=${CMAKE_PREFIX_PATH}:/opt/ros/galactic /usr/bin/cmake --build /home/ccl/ros2_ws/build/uav_urdf_demo -- -j8 -l8
[0.069s] [100%] Built target state_publisher
[0.080s] Invoked command in '/home/ccl/ros2_ws/build/uav_urdf_demo' returned '0': CMAKE_PREFIX_PATH=${CMAKE_PREFIX_PATH}:/opt/ros/galactic /usr/bin/cmake --build /home/ccl/ros2_ws/build/uav_urdf_demo -- -j8 -l8
[0.113s] Invoking command in '/home/ccl/ros2_ws/build/uav_urdf_demo': CMAKE_PREFIX_PATH=${CMAKE_PREFIX_PATH}:/opt/ros/galactic /usr/bin/cmake --install /home/ccl/ros2_ws/build/uav_urdf_demo
[0.124s] -- Install configuration: ""
[0.124s] -- Up-to-date: /home/ccl/ros2_ws/install/uav_urdf_demo/share/uav_urdf_demo/launch
[0.124s] -- Up-to-date: /home/ccl/ros2_ws/install/uav_urdf_demo/share/uav_urdf_demo/launch/uav_urdf.launch.py
[0.124s] -- Up-to-date: /home/ccl/ros2_ws/install/uav_urdf_demo/share/uav_urdf_demo/urdf
[0.124s] -- Up-to-date: /home/ccl/ros2_ws/install/uav_urdf_demo/share/uav_urdf_demo/urdf/refrence.urdf.xml
[0.124s] -- Installing: /home/ccl/ros2_ws/install/uav_urdf_demo/share/uav_urdf_demo/urdf/uav.urdf.xml
[0.124s] -- Up-to-date: /home/ccl/ros2_ws/install/uav_urdf_demo/lib/uav_urdf_demo/state_publisher
[0.125s] -- Up-to-date: /home/ccl/ros2_ws/install/uav_urdf_demo/share/ament_index/resource_index/package_run_dependencies/uav_urdf_demo
[0.125s] -- Up-to-date: /home/ccl/ros2_ws/install/uav_urdf_demo/share/ament_index/resource_index/parent_prefix_path/uav_urdf_demo
[0.125s] -- Up-to-date: /home/ccl/ros2_ws/install/uav_urdf_demo/share/uav_urdf_demo/environment/ament_prefix_path.sh
[0.125s] -- Up-to-date: /home/ccl/ros2_ws/install/uav_urdf_demo/share/uav_urdf_demo/environment/ament_prefix_path.dsv
[0.125s] -- Up-to-date: /home/ccl/ros2_ws/install/uav_urdf_demo/share/uav_urdf_demo/environment/path.sh
[0.125s] -- Up-to-date: /home/ccl/ros2_ws/install/uav_urdf_demo/share/uav_urdf_demo/environment/path.dsv
[0.126s] -- Up-to-date: /home/ccl/ros2_ws/install/uav_urdf_demo/share/uav_urdf_demo/local_setup.bash
[0.126s] -- Up-to-date: /home/ccl/ros2_ws/install/uav_urdf_demo/share/uav_urdf_demo/local_setup.sh
[0.126s] -- Up-to-date: /home/ccl/ros2_ws/install/uav_urdf_demo/share/uav_urdf_demo/local_setup.zsh
[0.126s] -- Up-to-date: /home/ccl/ros2_ws/install/uav_urdf_demo/share/uav_urdf_demo/local_setup.dsv
[0.128s] -- Installing: /home/ccl/ros2_ws/install/uav_urdf_demo/share/uav_urdf_demo/package.dsv
[0.128s] -- Up-to-date: /home/ccl/ros2_ws/install/uav_urdf_demo/share/ament_index/resource_index/packages/uav_urdf_demo
[0.128s] -- Up-to-date: /home/ccl/ros2_ws/install/uav_urdf_demo/share/uav_urdf_demo/cmake/uav_urdf_demoConfig.cmake
[0.128s] -- Up-to-date: /home/ccl/ros2_ws/install/uav_urdf_demo/share/uav_urdf_demo/cmake/uav_urdf_demoConfig-version.cmake
[0.129s] -- Up-to-date: /home/ccl/ros2_ws/install/uav_urdf_demo/share/uav_urdf_demo/package.xml
[0.129s] Invoked command in '/home/ccl/ros2_ws/build/uav_urdf_demo' returned '0': CMAKE_PREFIX_PATH=${CMAKE_PREFIX_PATH}:/opt/ros/galactic /usr/bin/cmake --install /home/ccl/ros2_ws/build/uav_urdf_demo
