[0.031s] Invoking command in '/home/ccl/ros2_ws/learning_tf2_cpp/build/learning_tf2_cpp': CMAKE_PREFIX_PATH=${CMAKE_PREFIX_PATH}:/home/ccl/ros2_ws/install/examples_rclpy_pointcloud_publisher:/home/ccl/ros2_ws/install/examples_rclpy_minimal_subscriber:/home/ccl/ros2_ws/install/examples_rclpy_minimal_service:/home/ccl/ros2_ws/install/examples_rclpy_minimal_publisher:/home/ccl/ros2_ws/install/examples_rclpy_minimal_client:/home/ccl/ros2_ws/install/examples_rclpy_minimal_action_server:/home/ccl/ros2_ws/install/examples_rclpy_minimal_action_client:/home/ccl/ros2_ws/install/examples_rclpy_guard_conditions:/home/ccl/ros2_ws/install/examples_rclpy_executors:/opt/ros/galactic /usr/bin/cmake --build /home/ccl/ros2_ws/learning_tf2_cpp/build/learning_tf2_cpp -- -j8 -l8
[0.073s] -- Found ament_cmake: 1.1.6 (/opt/ros/galactic/share/ament_cmake/cmake)
[0.102s] -- Using PYTHON_EXECUTABLE: /usr/bin/python3
[0.180s] -- Found geometry_msgs: 2.2.4 (/opt/ros/galactic/share/geometry_msgs/cmake)
[0.210s] -- Using all available rosidl_typesupport_c: rosidl_typesupport_fastrtps_c;rosidl_typesupport_introspection_c
[0.215s] -- Found rosidl_adapter: 2.2.3 (/opt/ros/galactic/share/rosidl_adapter/cmake)
[0.365s] -- Using all available rosidl_typesupport_cpp: rosidl_typesupport_fastrtps_cpp;rosidl_typesupport_introspection_cpp
[0.452s] -- Found rclcpp: 9.2.2 (/opt/ros/galactic/share/rclcpp/cmake)
[0.501s] -- Found rmw_implementation_cmake: 3.3.1 (/opt/ros/galactic/share/rmw_implementation_cmake/cmake)
[0.503s] -- Found rmw_cyclonedds_cpp: 0.22.6 (/opt/ros/galactic/share/rmw_cyclonedds_cpp/cmake)
[0.525s] -- Using RMW implementation 'rmw_cyclonedds_cpp' as default
[0.658s] -- Found tf2: 0.17.5 (/opt/ros/galactic/share/tf2/cmake)
[0.668s] -- Found tf2_ros: 0.17.5 (/opt/ros/galactic/share/tf2_ros/cmake)
[0.979s] -- Found turtlesim: 1.3.4 (/opt/ros/galactic/share/turtlesim/cmake)
[1.030s] -- Found ament_lint_auto: 0.10.7 (/opt/ros/galactic/share/ament_lint_auto/cmake)
[1.110s] -- Added test 'copyright' to check source files copyright and LICENSE
[1.153s] -- Added test 'cppcheck' to perform static code analysis on C / C++ code
[1.154s] -- Configured cppcheck include dirs: 
[1.154s] -- Configured cppcheck exclude dirs and/or files: 
[1.196s] -- Added test 'cpplint' to check C / C++ code against the Google style
[1.196s] -- Configured cpplint exclude dirs and/or files: 
[1.202s] -- Added test 'flake8' to check Python code syntax and style conventions
[1.212s] -- Added test 'lint_cmake' to check CMake code style
[1.218s] -- Added test 'pep257' to check Python code against some of the style conventions in PEP 257
[1.260s] -- Added test 'uncrustify' to check C / C++ code style
[1.260s] -- Configured uncrustify additional arguments: 
[1.267s] -- Added test 'xmllint' to check XML markup files
[1.274s] -- Configuring done
[1.295s] -- Generating done
[1.300s] -- Build files have been written to: /home/ccl/ros2_ws/learning_tf2_cpp/build/learning_tf2_cpp
[1.344s] [35m[1mScanning dependencies of target turtle_tf2_listener[0m
[1.376s] [ 50%] Built target turtle_tf2_broadcaster
[1.454s] [ 75%] [32mBuilding CXX object CMakeFiles/turtle_tf2_listener.dir/src/turtle_tf2_listener.cpp.o[0m
[5.588s] [100%] [32m[1mLinking CXX executable turtle_tf2_listener[0m
[6.021s] [100%] Built target turtle_tf2_listener
[6.039s] Invoked command in '/home/ccl/ros2_ws/learning_tf2_cpp/build/learning_tf2_cpp' returned '0': CMAKE_PREFIX_PATH=${CMAKE_PREFIX_PATH}:/home/ccl/ros2_ws/install/examples_rclpy_pointcloud_publisher:/home/ccl/ros2_ws/install/examples_rclpy_minimal_subscriber:/home/ccl/ros2_ws/install/examples_rclpy_minimal_service:/home/ccl/ros2_ws/install/examples_rclpy_minimal_publisher:/home/ccl/ros2_ws/install/examples_rclpy_minimal_client:/home/ccl/ros2_ws/install/examples_rclpy_minimal_action_server:/home/ccl/ros2_ws/install/examples_rclpy_minimal_action_client:/home/ccl/ros2_ws/install/examples_rclpy_guard_conditions:/home/ccl/ros2_ws/install/examples_rclpy_executors:/opt/ros/galactic /usr/bin/cmake --build /home/ccl/ros2_ws/learning_tf2_cpp/build/learning_tf2_cpp -- -j8 -l8
[6.121s] Invoking command in '/home/ccl/ros2_ws/learning_tf2_cpp/build/learning_tf2_cpp': CMAKE_PREFIX_PATH=${CMAKE_PREFIX_PATH}:/home/ccl/ros2_ws/install/examples_rclpy_pointcloud_publisher:/home/ccl/ros2_ws/install/examples_rclpy_minimal_subscriber:/home/ccl/ros2_ws/install/examples_rclpy_minimal_service:/home/ccl/ros2_ws/install/examples_rclpy_minimal_publisher:/home/ccl/ros2_ws/install/examples_rclpy_minimal_client:/home/ccl/ros2_ws/install/examples_rclpy_minimal_action_server:/home/ccl/ros2_ws/install/examples_rclpy_minimal_action_client:/home/ccl/ros2_ws/install/examples_rclpy_guard_conditions:/home/ccl/ros2_ws/install/examples_rclpy_executors:/opt/ros/galactic /usr/bin/cmake --install /home/ccl/ros2_ws/learning_tf2_cpp/build/learning_tf2_cpp
[6.134s] -- Install configuration: ""
[6.135s] -- Up-to-date: /home/ccl/ros2_ws/learning_tf2_cpp/install/learning_tf2_cpp/lib/learning_tf2_cpp/turtle_tf2_broadcaster
[6.136s] -- Installing: /home/ccl/ros2_ws/learning_tf2_cpp/install/learning_tf2_cpp/lib/learning_tf2_cpp/turtle_tf2_listener
[6.141s] -- Set runtime path of "/home/ccl/ros2_ws/learning_tf2_cpp/install/learning_tf2_cpp/lib/learning_tf2_cpp/turtle_tf2_listener" to ""
[6.141s] -- Up-to-date: /home/ccl/ros2_ws/learning_tf2_cpp/install/learning_tf2_cpp/share/learning_tf2_cpp/launch
[6.141s] -- Installing: /home/ccl/ros2_ws/learning_tf2_cpp/install/learning_tf2_cpp/share/learning_tf2_cpp/launch/turtle_tf2_demo.launch.py
[6.141s] -- Up-to-date: /home/ccl/ros2_ws/learning_tf2_cpp/install/learning_tf2_cpp/share/ament_index/resource_index/package_run_dependencies/learning_tf2_cpp
[6.141s] -- Installing: /home/ccl/ros2_ws/learning_tf2_cpp/install/learning_tf2_cpp/share/ament_index/resource_index/parent_prefix_path/learning_tf2_cpp
[6.142s] -- Up-to-date: /home/ccl/ros2_ws/learning_tf2_cpp/install/learning_tf2_cpp/share/learning_tf2_cpp/environment/ament_prefix_path.sh
[6.142s] -- Installing: /home/ccl/ros2_ws/learning_tf2_cpp/install/learning_tf2_cpp/share/learning_tf2_cpp/environment/ament_prefix_path.dsv
[6.142s] -- Up-to-date: /home/ccl/ros2_ws/learning_tf2_cpp/install/learning_tf2_cpp/share/learning_tf2_cpp/environment/path.sh
[6.142s] -- Installing: /home/ccl/ros2_ws/learning_tf2_cpp/install/learning_tf2_cpp/share/learning_tf2_cpp/environment/path.dsv
[6.142s] -- Up-to-date: /home/ccl/ros2_ws/learning_tf2_cpp/install/learning_tf2_cpp/share/learning_tf2_cpp/local_setup.bash
[6.143s] -- Up-to-date: /home/ccl/ros2_ws/learning_tf2_cpp/install/learning_tf2_cpp/share/learning_tf2_cpp/local_setup.sh
[6.143s] -- Up-to-date: /home/ccl/ros2_ws/learning_tf2_cpp/install/learning_tf2_cpp/share/learning_tf2_cpp/local_setup.zsh
[6.143s] -- Installing: /home/ccl/ros2_ws/learning_tf2_cpp/install/learning_tf2_cpp/share/learning_tf2_cpp/local_setup.dsv
[6.143s] -- Installing: /home/ccl/ros2_ws/learning_tf2_cpp/install/learning_tf2_cpp/share/learning_tf2_cpp/package.dsv
[6.144s] -- Up-to-date: /home/ccl/ros2_ws/learning_tf2_cpp/install/learning_tf2_cpp/share/ament_index/resource_index/packages/learning_tf2_cpp
[6.144s] -- Up-to-date: /home/ccl/ros2_ws/learning_tf2_cpp/install/learning_tf2_cpp/share/learning_tf2_cpp/cmake/learning_tf2_cppConfig.cmake
[6.144s] -- Up-to-date: /home/ccl/ros2_ws/learning_tf2_cpp/install/learning_tf2_cpp/share/learning_tf2_cpp/cmake/learning_tf2_cppConfig-version.cmake
[6.144s] -- Up-to-date: /home/ccl/ros2_ws/learning_tf2_cpp/install/learning_tf2_cpp/share/learning_tf2_cpp/package.xml
[6.148s] Invoked command in '/home/ccl/ros2_ws/learning_tf2_cpp/build/learning_tf2_cpp' returned '0': CMAKE_PREFIX_PATH=${CMAKE_PREFIX_PATH}:/home/ccl/ros2_ws/install/examples_rclpy_pointcloud_publisher:/home/ccl/ros2_ws/install/examples_rclpy_minimal_subscriber:/home/ccl/ros2_ws/install/examples_rclpy_minimal_service:/home/ccl/ros2_ws/install/examples_rclpy_minimal_publisher:/home/ccl/ros2_ws/install/examples_rclpy_minimal_client:/home/ccl/ros2_ws/install/examples_rclpy_minimal_action_server:/home/ccl/ros2_ws/install/examples_rclpy_minimal_action_client:/home/ccl/ros2_ws/install/examples_rclpy_guard_conditions:/home/ccl/ros2_ws/install/examples_rclpy_executors:/opt/ros/galactic /usr/bin/cmake --install /home/ccl/ros2_ws/learning_tf2_cpp/build/learning_tf2_cpp
