[ 25%] Built target turtle_tf2_broadcaster
[ 50%] Built target dynamic_frame_tf2_broadcaster
[ 75%] Built target fixed_frame_tf2_broadcaster
[100%] Built target turtle_tf2_listener
-- Install configuration: ""
-- Installing: /home/ccl/ros2_ws/install/learning_tf2_cpp/lib/learning_tf2_cpp/dynamic_frame_tf2_broadcaster
-- Set runtime path of "/home/ccl/ros2_ws/install/learning_tf2_cpp/lib/learning_tf2_cpp/dynamic_frame_tf2_broadcaster" to ""
-- Installing: /home/ccl/ros2_ws/install/learning_tf2_cpp/lib/learning_tf2_cpp/fixed_frame_tf2_broadcaster
-- Set runtime path of "/home/ccl/ros2_ws/install/learning_tf2_cpp/lib/learning_tf2_cpp/fixed_frame_tf2_broadcaster" to ""
-- Installing: /home/ccl/ros2_ws/install/learning_tf2_cpp/lib/learning_tf2_cpp/turtle_tf2_broadcaster
-- Set runtime path of "/home/ccl/ros2_ws/install/learning_tf2_cpp/lib/learning_tf2_cpp/turtle_tf2_broadcaster" to ""
-- Installing: /home/ccl/ros2_ws/install/learning_tf2_cpp/lib/learning_tf2_cpp/turtle_tf2_listener
-- Set runtime path of "/home/ccl/ros2_ws/install/learning_tf2_cpp/lib/learning_tf2_cpp/turtle_tf2_listener" to ""
-- Installing: /home/ccl/ros2_ws/install/learning_tf2_cpp/share/learning_tf2_cpp/launch
-- Installing: /home/ccl/ros2_ws/install/learning_tf2_cpp/share/learning_tf2_cpp/launch/turtle_tf2_dynamic_frame_demo.launch.py
-- Installing: /home/ccl/ros2_ws/install/learning_tf2_cpp/share/learning_tf2_cpp/launch/turtle_tf2_fixed_frame_demo.launch.py
-- Installing: /home/ccl/ros2_ws/install/learning_tf2_cpp/share/learning_tf2_cpp/launch/turtle_tf2_demo.launch.py
-- Installing: /home/ccl/ros2_ws/install/learning_tf2_cpp/share/ament_index/resource_index/package_run_dependencies/learning_tf2_cpp
-- Installing: /home/ccl/ros2_ws/install/learning_tf2_cpp/share/ament_index/resource_index/parent_prefix_path/learning_tf2_cpp
-- Installing: /home/ccl/ros2_ws/install/learning_tf2_cpp/share/learning_tf2_cpp/environment/ament_prefix_path.sh
-- Installing: /home/ccl/ros2_ws/install/learning_tf2_cpp/share/learning_tf2_cpp/environment/ament_prefix_path.dsv
-- Installing: /home/ccl/ros2_ws/install/learning_tf2_cpp/share/learning_tf2_cpp/environment/path.sh
-- Installing: /home/ccl/ros2_ws/install/learning_tf2_cpp/share/learning_tf2_cpp/environment/path.dsv
-- Installing: /home/ccl/ros2_ws/install/learning_tf2_cpp/share/learning_tf2_cpp/local_setup.bash
-- Installing: /home/ccl/ros2_ws/install/learning_tf2_cpp/share/learning_tf2_cpp/local_setup.sh
-- Installing: /home/ccl/ros2_ws/install/learning_tf2_cpp/share/learning_tf2_cpp/local_setup.zsh
-- Installing: /home/ccl/ros2_ws/install/learning_tf2_cpp/share/learning_tf2_cpp/local_setup.dsv
-- Installing: /home/ccl/ros2_ws/install/learning_tf2_cpp/share/learning_tf2_cpp/package.dsv
-- Installing: /home/ccl/ros2_ws/install/learning_tf2_cpp/share/ament_index/resource_index/packages/learning_tf2_cpp
-- Installing: /home/ccl/ros2_ws/install/learning_tf2_cpp/share/learning_tf2_cpp/cmake/learning_tf2_cppConfig.cmake
-- Installing: /home/ccl/ros2_ws/install/learning_tf2_cpp/share/learning_tf2_cpp/cmake/learning_tf2_cppConfig-version.cmake
-- Installing: /home/ccl/ros2_ws/install/learning_tf2_cpp/share/learning_tf2_cpp/package.xml
