[0.019s] Invoking command in '/home/ccl/ros2_ws/build/uav_urdf_demo': CMAKE_PREFIX_PATH=${CMAKE_PREFIX_PATH}:/opt/ros/galactic /usr/bin/cmake --build /home/ccl/ros2_ws/build/uav_urdf_demo -- -j8 -l8
[0.081s] [35m[1mScanning dependencies of target state_publisher[0m
[0.115s] [ 50%] [32mBuilding CXX object CMakeFiles/state_publisher.dir/src/state_publisher.cpp.o[0m
[4.067s] [100%] [32m[1mLinking CXX executable state_publisher[0m
[4.293s] [100%] Built target state_publisher
[4.302s] Invoked command in '/home/ccl/ros2_ws/build/uav_urdf_demo' returned '0': CMAKE_PREFIX_PATH=${CMAKE_PREFIX_PATH}:/opt/ros/galactic /usr/bin/cmake --build /home/ccl/ros2_ws/build/uav_urdf_demo -- -j8 -l8
[4.339s] Invoking command in '/home/ccl/ros2_ws/build/uav_urdf_demo': CMAKE_PREFIX_PATH=${CMAKE_PREFIX_PATH}:/opt/ros/galactic /usr/bin/cmake --install /home/ccl/ros2_ws/build/uav_urdf_demo
[4.348s] -- Install configuration: ""
[4.348s] -- Up-to-date: /home/ccl/ros2_ws/install/uav_urdf_demo/share/uav_urdf_demo/launch
[4.348s] -- Up-to-date: /home/ccl/ros2_ws/install/uav_urdf_demo/share/uav_urdf_demo/launch/uav_urdf.launch.py
[4.348s] -- Up-to-date: /home/ccl/ros2_ws/install/uav_urdf_demo/share/uav_urdf_demo/urdf
[4.348s] -- Up-to-date: /home/ccl/ros2_ws/install/uav_urdf_demo/share/uav_urdf_demo/urdf/refrence.urdf.xml
[4.348s] -- Up-to-date: /home/ccl/ros2_ws/install/uav_urdf_demo/share/uav_urdf_demo/urdf/uav.urdf.xml
[4.349s] -- Installing: /home/ccl/ros2_ws/install/uav_urdf_demo/lib/uav_urdf_demo/state_publisher
[4.355s] -- Set runtime path of "/home/ccl/ros2_ws/install/uav_urdf_demo/lib/uav_urdf_demo/state_publisher" to ""
[4.355s] -- Up-to-date: /home/ccl/ros2_ws/install/uav_urdf_demo/share/ament_index/resource_index/package_run_dependencies/uav_urdf_demo
[4.355s] -- Up-to-date: /home/ccl/ros2_ws/install/uav_urdf_demo/share/ament_index/resource_index/parent_prefix_path/uav_urdf_demo
[4.356s] -- Up-to-date: /home/ccl/ros2_ws/install/uav_urdf_demo/share/uav_urdf_demo/environment/ament_prefix_path.sh
[4.356s] -- Up-to-date: /home/ccl/ros2_ws/install/uav_urdf_demo/share/uav_urdf_demo/environment/ament_prefix_path.dsv
[4.356s] -- Up-to-date: /home/ccl/ros2_ws/install/uav_urdf_demo/share/uav_urdf_demo/environment/path.sh
[4.356s] -- Up-to-date: /home/ccl/ros2_ws/install/uav_urdf_demo/share/uav_urdf_demo/environment/path.dsv
[4.356s] -- Up-to-date: /home/ccl/ros2_ws/install/uav_urdf_demo/share/uav_urdf_demo/local_setup.bash
[4.356s] -- Up-to-date: /home/ccl/ros2_ws/install/uav_urdf_demo/share/uav_urdf_demo/local_setup.sh
[4.356s] -- Up-to-date: /home/ccl/ros2_ws/install/uav_urdf_demo/share/uav_urdf_demo/local_setup.zsh
[4.356s] -- Up-to-date: /home/ccl/ros2_ws/install/uav_urdf_demo/share/uav_urdf_demo/local_setup.dsv
[4.356s] -- Installing: /home/ccl/ros2_ws/install/uav_urdf_demo/share/uav_urdf_demo/package.dsv
[4.356s] -- Up-to-date: /home/ccl/ros2_ws/install/uav_urdf_demo/share/ament_index/resource_index/packages/uav_urdf_demo
[4.357s] -- Up-to-date: /home/ccl/ros2_ws/install/uav_urdf_demo/share/uav_urdf_demo/cmake/uav_urdf_demoConfig.cmake
[4.357s] -- Up-to-date: /home/ccl/ros2_ws/install/uav_urdf_demo/share/uav_urdf_demo/cmake/uav_urdf_demoConfig-version.cmake
[4.357s] -- Up-to-date: /home/ccl/ros2_ws/install/uav_urdf_demo/share/uav_urdf_demo/package.xml
[4.359s] Invoked command in '/home/ccl/ros2_ws/build/uav_urdf_demo' returned '0': CMAKE_PREFIX_PATH=${CMAKE_PREFIX_PATH}:/opt/ros/galactic /usr/bin/cmake --install /home/ccl/ros2_ws/build/uav_urdf_demo
