[0.015s] Invoking command in '/home/ccl/ros2_ws/build/uav_urdf_demo': CMAKE_PREFIX_PATH=${CMAKE_PREFIX_PATH}:/opt/ros/galactic /usr/bin/cmake --build /home/ccl/ros2_ws/build/uav_urdf_demo -- -j8 -l8
[0.038s] -- Found ament_cmake: 1.1.6 (/opt/ros/galactic/share/ament_cmake/cmake)
[0.055s] -- Using PYTHON_EXECUTABLE: /usr/bin/python3
[0.099s] -- Found geometry_msgs: 2.2.4 (/opt/ros/galactic/share/geometry_msgs/cmake)
[0.115s] -- Using all available rosidl_typesupport_c: rosidl_typesupport_fastrtps_c;rosidl_typesupport_introspection_c
[0.117s] -- Found rosidl_adapter: 2.2.3 (/opt/ros/galactic/share/rosidl_adapter/cmake)
[0.204s] -- Using all available rosidl_typesupport_cpp: rosidl_typesupport_fastrtps_cpp;rosidl_typesupport_introspection_cpp
[0.261s] -- Found rclcpp: 9.2.2 (/opt/ros/galactic/share/rclcpp/cmake)
[0.289s] -- Found rmw_implementation_cmake: 3.3.1 (/opt/ros/galactic/share/rmw_implementation_cmake/cmake)
[0.291s] -- Found rmw_cyclonedds_cpp: 0.22.6 (/opt/ros/galactic/share/rmw_cyclonedds_cpp/cmake)
[0.303s] -- Using RMW implementation 'rmw_cyclonedds_cpp' as default
[0.392s] -- Found ament_lint_auto: 0.10.7 (/opt/ros/galactic/share/ament_lint_auto/cmake)
[0.440s] -- Added test 'copyright' to check source files copyright and LICENSE
[0.442s] -- Added test 'flake8' to check Python code syntax and style conventions
[0.442s] -- Added test 'lint_cmake' to check CMake code style
[0.443s] -- Added test 'pep257' to check Python code against some of the style conventions in PEP 257
[0.444s] -- Added test 'xmllint' to check XML markup files
[0.446s] -- Configuring done
[0.448s] -- Generating done
[0.449s] -- Build files have been written to: /home/ccl/ros2_ws/build/uav_urdf_demo
[0.471s] Invoked command in '/home/ccl/ros2_ws/build/uav_urdf_demo' returned '0': CMAKE_PREFIX_PATH=${CMAKE_PREFIX_PATH}:/opt/ros/galactic /usr/bin/cmake --build /home/ccl/ros2_ws/build/uav_urdf_demo -- -j8 -l8
[0.503s] Invoking command in '/home/ccl/ros2_ws/build/uav_urdf_demo': CMAKE_PREFIX_PATH=${CMAKE_PREFIX_PATH}:/opt/ros/galactic /usr/bin/cmake --install /home/ccl/ros2_ws/build/uav_urdf_demo
[0.510s] -- Install configuration: ""
[0.510s] -- Up-to-date: /home/ccl/ros2_ws/install/uav_urdf_demo/share/uav_urdf_demo/launch
[0.510s] -- Up-to-date: /home/ccl/ros2_ws/install/uav_urdf_demo/share/uav_urdf_demo/launch/uav_urdf.launch.py
[0.511s] -- Installing: /home/ccl/ros2_ws/install/uav_urdf_demo/share/uav_urdf_demo/urdf
[0.511s] -- Installing: /home/ccl/ros2_ws/install/uav_urdf_demo/share/uav_urdf_demo/urdf/refrence.urdf.xml
[0.511s] -- Installing: /home/ccl/ros2_ws/install/uav_urdf_demo/share/uav_urdf_demo/urdf/uav.urdf.xml
[0.511s] -- Up-to-date: /home/ccl/ros2_ws/install/uav_urdf_demo/share/ament_index/resource_index/package_run_dependencies/uav_urdf_demo
[0.511s] -- Installing: /home/ccl/ros2_ws/install/uav_urdf_demo/share/ament_index/resource_index/parent_prefix_path/uav_urdf_demo
[0.512s] -- Up-to-date: /home/ccl/ros2_ws/install/uav_urdf_demo/share/uav_urdf_demo/environment/ament_prefix_path.sh
[0.512s] -- Installing: /home/ccl/ros2_ws/install/uav_urdf_demo/share/uav_urdf_demo/environment/ament_prefix_path.dsv
[0.512s] -- Up-to-date: /home/ccl/ros2_ws/install/uav_urdf_demo/share/uav_urdf_demo/environment/path.sh
[0.513s] -- Installing: /home/ccl/ros2_ws/install/uav_urdf_demo/share/uav_urdf_demo/environment/path.dsv
[0.513s] -- Up-to-date: /home/ccl/ros2_ws/install/uav_urdf_demo/share/uav_urdf_demo/local_setup.bash
[0.513s] -- Up-to-date: /home/ccl/ros2_ws/install/uav_urdf_demo/share/uav_urdf_demo/local_setup.sh
[0.513s] -- Up-to-date: /home/ccl/ros2_ws/install/uav_urdf_demo/share/uav_urdf_demo/local_setup.zsh
[0.514s] -- Installing: /home/ccl/ros2_ws/install/uav_urdf_demo/share/uav_urdf_demo/local_setup.dsv
[0.515s] -- Installing: /home/ccl/ros2_ws/install/uav_urdf_demo/share/uav_urdf_demo/package.dsv
[0.515s] -- Up-to-date: /home/ccl/ros2_ws/install/uav_urdf_demo/share/ament_index/resource_index/packages/uav_urdf_demo
[0.515s] -- Up-to-date: /home/ccl/ros2_ws/install/uav_urdf_demo/share/uav_urdf_demo/cmake/uav_urdf_demoConfig.cmake
[0.516s] -- Up-to-date: /home/ccl/ros2_ws/install/uav_urdf_demo/share/uav_urdf_demo/cmake/uav_urdf_demoConfig-version.cmake
[0.516s] -- Up-to-date: /home/ccl/ros2_ws/install/uav_urdf_demo/share/uav_urdf_demo/package.xml
[0.517s] Invoked command in '/home/ccl/ros2_ws/build/uav_urdf_demo' returned '0': CMAKE_PREFIX_PATH=${CMAKE_PREFIX_PATH}:/opt/ros/galactic /usr/bin/cmake --install /home/ccl/ros2_ws/build/uav_urdf_demo
