[0.042s] Invoking command in '/home/ccl/ros2_ws/build/joint_state_publisher': /usr/bin/cmake /home/ccl/ros2_ws/joint_state_publisher -DCATKIN_INSTALL_INTO_PREFIX_ROOT=0 -DCMAKE_INSTALL_PREFIX=/home/ccl/ros2_ws/install/joint_state_publisher
[0.192s] -- The C compiler identification is GNU 9.4.0
[0.344s] -- The CXX compiler identification is GNU 9.4.0
[0.365s] -- Check for working C compiler: /usr/lib/ccache/cc
[0.466s] -- Check for working C compiler: /usr/lib/ccache/cc -- works
[0.467s] -- Detecting C compiler ABI info
[0.573s] -- Detecting C compiler ABI info - done
[0.591s] -- Detecting C compile features
[0.591s] -- Detecting C compile features - done
[0.599s] -- Check for working CXX compiler: /usr/lib/ccache/c++
[0.718s] -- Check for working CXX compiler: /usr/lib/ccache/c++ -- works
[0.720s] -- Detecting CXX compiler ABI info
[0.839s] -- Detecting CXX compiler ABI info - done
[0.858s] -- Detecting CXX compile features
[0.859s] -- Detecting CXX compile features - done
[0.872s] CMake Error at CMakeLists.txt:4 (find_package):
[0.872s]   By not providing "Findcatkin.cmake" in CMAKE_MODULE_PATH this project has
[0.872s]   asked CMake to find a package configuration file provided by "catkin", but
[0.873s]   CMake did not find one.
[0.873s] 
[0.873s]   Could not find a package configuration file provided by "catkin" with any
[0.873s]   of the following names:
[0.873s] 
[0.873s]     catkinConfig.cmake
[0.873s]     catkin-config.cmake
[0.873s] 
[0.873s]   Add the installation prefix of "catkin" to CMAKE_PREFIX_PATH or set
[0.873s]   "catkin_DIR" to a directory containing one of the above files.  If "catkin"
[0.874s]   provides a separate development package or SDK, be sure it has been
[0.874s]   installed.
[0.874s] 
[0.874s] 
[0.874s] -- Configuring incomplete, errors occurred!
[0.874s] See also "/home/ccl/ros2_ws/build/joint_state_publisher/CMakeFiles/CMakeOutput.log".
[0.878s] Invoked command in '/home/ccl/ros2_ws/build/joint_state_publisher' returned '1': /usr/bin/cmake /home/ccl/ros2_ws/joint_state_publisher -DCATKIN_INSTALL_INTO_PREFIX_ROOT=0 -DCMAKE_INSTALL_PREFIX=/home/ccl/ros2_ws/install/joint_state_publisher
