[0.152s] DEBUG:colcon:Command line arguments: ['/usr/bin/colcon', 'build', '--packages-select', 'uav_urdf_demo']
[0.152s] DEBUG:colcon:Parsed command line arguments: Namespace(allow_overriding=[], ament_cmake_args=None, base_paths=['.'], build_base='build', catkin_cmake_args=None, catkin_skip_building_tests=False, cmake_args=None, cmake_clean_cache=False, cmake_clean_first=False, cmake_force_configure=False, cmake_target=None, cmake_target_skip_unavailable=False, continue_on_error=False, event_handlers=None, executor='parallel', ignore_user_meta=False, install_base='install', log_base=None, log_level=None, main=<bound method BuildVerb.main of <colcon_core.verb.build.BuildVerb object at 0x7f8695a0bfa0>>, merge_install=False, metas=['./colcon.meta'], packages_above=None, packages_above_and_dependencies=None, packages_above_depth=None, packages_end=None, packages_ignore=None, packages_ignore_regex=None, packages_select=['uav_urdf_demo'], packages_select_build_failed=False, packages_select_by_dep=None, packages_select_regex=None, packages_select_test_failures=False, packages_skip=None, packages_skip_build_finished=False, packages_skip_by_dep=None, packages_skip_regex=None, packages_skip_test_passed=False, packages_skip_up_to=None, packages_start=None, packages_up_to=None, packages_up_to_regex=None, parallel_workers=8, paths=None, symlink_install=False, test_result_base=None, verb_extension=<colcon_core.verb.build.BuildVerb object at 0x7f8695a0bfa0>, verb_name='build', verb_parser=<colcon_defaults.argument_parser.defaults.DefaultArgumentsDecorator object at 0x7f86959b9370>)
[0.188s] Level 1:colcon.colcon_core.package_discovery:discover_packages(colcon_meta) check parameters
[0.188s] Level 1:colcon.colcon_core.package_discovery:discover_packages(recursive) check parameters
[0.188s] Level 1:colcon.colcon_core.package_discovery:discover_packages(ignore) check parameters
[0.188s] Level 1:colcon.colcon_core.package_discovery:discover_packages(path) check parameters
[0.188s] Level 1:colcon.colcon_core.package_discovery:discover_packages(colcon_meta) discover
[0.188s] Level 1:colcon.colcon_core.package_discovery:discover_packages(recursive) discover
[0.188s] INFO:colcon.colcon_core.package_discovery:Crawling recursively for packages in '/home/ccl/ros2_ws'
[0.188s] Level 1:colcon.colcon_core.package_identification:_identify(.) by extensions ['ignore', 'ignore_ament_install']
[0.188s] Level 1:colcon.colcon_core.package_identification:_identify(.) by extension 'ignore'
[0.188s] Level 1:colcon.colcon_core.package_identification:_identify(.) by extension 'ignore_ament_install'
[0.188s] Level 1:colcon.colcon_core.package_identification:_identify(.) by extensions ['colcon_pkg']
[0.188s] Level 1:colcon.colcon_core.package_identification:_identify(.) by extension 'colcon_pkg'
[0.188s] Level 1:colcon.colcon_core.package_identification:_identify(.) by extensions ['colcon_meta']
[0.189s] Level 1:colcon.colcon_core.package_identification:_identify(.) by extension 'colcon_meta'
[0.189s] Level 1:colcon.colcon_core.package_identification:_identify(.) by extensions ['ros']
[0.189s] Level 1:colcon.colcon_core.package_identification:_identify(.) by extension 'ros'
[0.199s] Level 1:colcon.colcon_core.package_identification:_identify(.) by extensions ['cmake', 'python']
[0.199s] Level 1:colcon.colcon_core.package_identification:_identify(.) by extension 'cmake'
[0.200s] Level 1:colcon.colcon_core.package_identification:_identify(.) by extension 'python'
[0.200s] Level 1:colcon.colcon_core.package_identification:_identify(.) by extensions ['python_setup_py']
[0.200s] Level 1:colcon.colcon_core.package_identification:_identify(.) by extension 'python_setup_py'
[0.200s] Level 1:colcon.colcon_core.package_identification:_identify(build) by extensions ['ignore', 'ignore_ament_install']
[0.200s] Level 1:colcon.colcon_core.package_identification:_identify(build) by extension 'ignore'
[0.200s] Level 1:colcon.colcon_core.package_identification:_identify(build) ignored
[0.200s] Level 1:colcon.colcon_core.package_identification:_identify(install) by extensions ['ignore', 'ignore_ament_install']
[0.200s] Level 1:colcon.colcon_core.package_identification:_identify(install) by extension 'ignore'
[0.200s] Level 1:colcon.colcon_core.package_identification:_identify(install) ignored
[0.200s] Level 1:colcon.colcon_core.package_identification:_identify(learning_tf2_cpp) by extensions ['ignore', 'ignore_ament_install']
[0.200s] Level 1:colcon.colcon_core.package_identification:_identify(learning_tf2_cpp) by extension 'ignore'
[0.200s] Level 1:colcon.colcon_core.package_identification:_identify(learning_tf2_cpp) by extension 'ignore_ament_install'
[0.200s] Level 1:colcon.colcon_core.package_identification:_identify(learning_tf2_cpp) by extensions ['colcon_pkg']
[0.200s] Level 1:colcon.colcon_core.package_identification:_identify(learning_tf2_cpp) by extension 'colcon_pkg'
[0.200s] Level 1:colcon.colcon_core.package_identification:_identify(learning_tf2_cpp) by extensions ['colcon_meta']
[0.200s] Level 1:colcon.colcon_core.package_identification:_identify(learning_tf2_cpp) by extension 'colcon_meta'
[0.200s] Level 1:colcon.colcon_core.package_identification:_identify(learning_tf2_cpp) by extensions ['ros']
[0.201s] Level 1:colcon.colcon_core.package_identification:_identify(learning_tf2_cpp) by extension 'ros'
[0.202s] DEBUG:colcon.colcon_core.package_identification:Package 'learning_tf2_cpp' with type 'ros.ament_cmake' and name 'learning_tf2_cpp'
[0.202s] Level 1:colcon.colcon_core.package_identification:_identify(log) by extensions ['ignore', 'ignore_ament_install']
[0.202s] Level 1:colcon.colcon_core.package_identification:_identify(log) by extension 'ignore'
[0.202s] Level 1:colcon.colcon_core.package_identification:_identify(log) ignored
[0.203s] Level 1:colcon.colcon_core.package_identification:_identify(uav_tf2_test) by extensions ['ignore', 'ignore_ament_install']
[0.203s] Level 1:colcon.colcon_core.package_identification:_identify(uav_tf2_test) by extension 'ignore'
[0.203s] Level 1:colcon.colcon_core.package_identification:_identify(uav_tf2_test) by extension 'ignore_ament_install'
[0.203s] Level 1:colcon.colcon_core.package_identification:_identify(uav_tf2_test) by extensions ['colcon_pkg']
[0.203s] Level 1:colcon.colcon_core.package_identification:_identify(uav_tf2_test) by extension 'colcon_pkg'
[0.203s] Level 1:colcon.colcon_core.package_identification:_identify(uav_tf2_test) by extensions ['colcon_meta']
[0.203s] Level 1:colcon.colcon_core.package_identification:_identify(uav_tf2_test) by extension 'colcon_meta'
[0.203s] Level 1:colcon.colcon_core.package_identification:_identify(uav_tf2_test) by extensions ['ros']
[0.203s] Level 1:colcon.colcon_core.package_identification:_identify(uav_tf2_test) by extension 'ros'
[0.203s] DEBUG:colcon.colcon_core.package_identification:Package 'uav_tf2_test' with type 'ros.ament_cmake' and name 'uav_tf2_test'
[0.204s] Level 1:colcon.colcon_core.package_identification:_identify(uav_urdf_demo) by extensions ['ignore', 'ignore_ament_install']
[0.204s] Level 1:colcon.colcon_core.package_identification:_identify(uav_urdf_demo) by extension 'ignore'
[0.204s] Level 1:colcon.colcon_core.package_identification:_identify(uav_urdf_demo) by extension 'ignore_ament_install'
[0.204s] Level 1:colcon.colcon_core.package_identification:_identify(uav_urdf_demo) by extensions ['colcon_pkg']
[0.204s] Level 1:colcon.colcon_core.package_identification:_identify(uav_urdf_demo) by extension 'colcon_pkg'
[0.204s] Level 1:colcon.colcon_core.package_identification:_identify(uav_urdf_demo) by extensions ['colcon_meta']
[0.204s] Level 1:colcon.colcon_core.package_identification:_identify(uav_urdf_demo) by extension 'colcon_meta'
[0.204s] Level 1:colcon.colcon_core.package_identification:_identify(uav_urdf_demo) by extensions ['ros']
[0.204s] Level 1:colcon.colcon_core.package_identification:_identify(uav_urdf_demo) by extension 'ros'
[0.204s] DEBUG:colcon.colcon_core.package_identification:Package 'uav_urdf_demo' with type 'ros.ament_cmake' and name 'uav_urdf_demo'
[0.204s] Level 1:colcon.colcon_core.package_discovery:discover_packages(recursive) using defaults
[0.204s] Level 1:colcon.colcon_core.package_discovery:discover_packages(ignore) discover
[0.205s] Level 1:colcon.colcon_core.package_discovery:discover_packages(ignore) using defaults
[0.205s] Level 1:colcon.colcon_core.package_discovery:discover_packages(path) discover
[0.205s] Level 1:colcon.colcon_core.package_discovery:discover_packages(path) using defaults
[0.218s] INFO:colcon.colcon_core.package_selection:Skipping not selected package 'learning_tf2_cpp' in 'learning_tf2_cpp'
[0.218s] INFO:colcon.colcon_core.package_selection:Skipping not selected package 'uav_tf2_test' in 'uav_tf2_test'
[0.219s] Level 1:colcon.colcon_core.package_discovery:discover_packages(prefix_path) check parameters
[0.219s] Level 1:colcon.colcon_core.package_discovery:discover_packages(prefix_path) discover
[0.220s] DEBUG:colcon.colcon_installed_package_information.package_discovery:Found 4 installed packages in /home/ccl/ros2_ws/install
[0.222s] DEBUG:colcon.colcon_installed_package_information.package_discovery:Found 274 installed packages in /opt/ros/galactic
[0.223s] Level 1:colcon.colcon_core.package_discovery:discover_packages(prefix_path) using defaults
[0.264s] Level 5:colcon.colcon_core.verb:set package 'uav_urdf_demo' build argument 'cmake_args' from command line to 'None'
[0.264s] Level 5:colcon.colcon_core.verb:set package 'uav_urdf_demo' build argument 'cmake_target' from command line to 'None'
[0.264s] Level 5:colcon.colcon_core.verb:set package 'uav_urdf_demo' build argument 'cmake_target_skip_unavailable' from command line to 'False'
[0.264s] Level 5:colcon.colcon_core.verb:set package 'uav_urdf_demo' build argument 'cmake_clean_cache' from command line to 'False'
[0.264s] Level 5:colcon.colcon_core.verb:set package 'uav_urdf_demo' build argument 'cmake_clean_first' from command line to 'False'
[0.264s] Level 5:colcon.colcon_core.verb:set package 'uav_urdf_demo' build argument 'cmake_force_configure' from command line to 'False'
[0.264s] Level 5:colcon.colcon_core.verb:set package 'uav_urdf_demo' build argument 'ament_cmake_args' from command line to 'None'
[0.264s] Level 5:colcon.colcon_core.verb:set package 'uav_urdf_demo' build argument 'catkin_cmake_args' from command line to 'None'
[0.264s] Level 5:colcon.colcon_core.verb:set package 'uav_urdf_demo' build argument 'catkin_skip_building_tests' from command line to 'False'
[0.264s] DEBUG:colcon.colcon_core.verb:Building package 'uav_urdf_demo' with the following arguments: {'ament_cmake_args': None, 'build_base': '/home/ccl/ros2_ws/build/uav_urdf_demo', 'catkin_cmake_args': None, 'catkin_skip_building_tests': False, 'cmake_args': None, 'cmake_clean_cache': False, 'cmake_clean_first': False, 'cmake_force_configure': False, 'cmake_target': None, 'cmake_target_skip_unavailable': False, 'install_base': '/home/ccl/ros2_ws/install/uav_urdf_demo', 'merge_install': False, 'path': '/home/ccl/ros2_ws/uav_urdf_demo', 'symlink_install': False, 'test_result_base': None}
[0.264s] INFO:colcon.colcon_core.executor:Executing jobs using 'parallel' executor
[0.265s] DEBUG:colcon.colcon_parallel_executor.executor.parallel:run_until_complete
[0.265s] INFO:colcon.colcon_ros.task.ament_cmake.build:Building ROS package in '/home/ccl/ros2_ws/uav_urdf_demo' with build type 'ament_cmake'
[0.265s] INFO:colcon.colcon_cmake.task.cmake.build:Building CMake package in '/home/ccl/ros2_ws/uav_urdf_demo'
[0.267s] INFO:colcon.colcon_core.plugin_system:Skipping extension 'colcon_core.shell.bat': Not used on non-Windows systems
[0.267s] INFO:colcon.colcon_core.shell:Skip shell extension 'powershell' for command environment: Not usable outside of PowerShell
[0.267s] DEBUG:colcon.colcon_core.shell:Skip shell extension 'dsv' for command environment
[0.283s] DEBUG:colcon.colcon_core.event_handler.log_command:Invoking command in '/home/ccl/ros2_ws/build/uav_urdf_demo': CMAKE_PREFIX_PATH=${CMAKE_PREFIX_PATH}:/opt/ros/galactic /usr/bin/cmake --build /home/ccl/ros2_ws/build/uav_urdf_demo -- -j8 -l8
[3.817s] DEBUG:colcon.colcon_core.event_handler.log_command:Invoked command in '/home/ccl/ros2_ws/build/uav_urdf_demo' returned '0': CMAKE_PREFIX_PATH=${CMAKE_PREFIX_PATH}:/opt/ros/galactic /usr/bin/cmake --build /home/ccl/ros2_ws/build/uav_urdf_demo -- -j8 -l8
[3.855s] DEBUG:colcon.colcon_core.event_handler.log_command:Invoking command in '/home/ccl/ros2_ws/build/uav_urdf_demo': CMAKE_PREFIX_PATH=${CMAKE_PREFIX_PATH}:/opt/ros/galactic /usr/bin/cmake --install /home/ccl/ros2_ws/build/uav_urdf_demo
[3.867s] Level 1:colcon.colcon_core.environment:create_environment_scripts_only(uav_urdf_demo)
[3.868s] DEBUG:colcon.colcon_core.event_handler.log_command:Invoked command in '/home/ccl/ros2_ws/build/uav_urdf_demo' returned '0': CMAKE_PREFIX_PATH=${CMAKE_PREFIX_PATH}:/opt/ros/galactic /usr/bin/cmake --install /home/ccl/ros2_ws/build/uav_urdf_demo
[3.870s] Level 1:colcon.colcon_core.environment:checking '/home/ccl/ros2_ws/install/uav_urdf_demo' for CMake module files
[3.871s] Level 1:colcon.colcon_core.environment:checking '/home/ccl/ros2_ws/install/uav_urdf_demo' for CMake config files
[3.871s] Level 1:colcon.colcon_core.shell:create_environment_hook('uav_urdf_demo', 'cmake_prefix_path')
[3.871s] INFO:colcon.colcon_core.shell:Creating environment hook '/home/ccl/ros2_ws/install/uav_urdf_demo/share/uav_urdf_demo/hook/cmake_prefix_path.ps1'
[3.872s] INFO:colcon.colcon_core.shell:Creating environment descriptor '/home/ccl/ros2_ws/install/uav_urdf_demo/share/uav_urdf_demo/hook/cmake_prefix_path.dsv'
[3.872s] INFO:colcon.colcon_core.shell:Creating environment hook '/home/ccl/ros2_ws/install/uav_urdf_demo/share/uav_urdf_demo/hook/cmake_prefix_path.sh'
[3.873s] Level 1:colcon.colcon_core.environment:checking '/home/ccl/ros2_ws/install/uav_urdf_demo/lib'
[3.874s] Level 1:colcon.colcon_core.environment:checking '/home/ccl/ros2_ws/install/uav_urdf_demo/bin'
[3.874s] Level 1:colcon.colcon_core.environment:checking '/home/ccl/ros2_ws/install/uav_urdf_demo/lib/pkgconfig/uav_urdf_demo.pc'
[3.874s] Level 1:colcon.colcon_core.environment:checking '/home/ccl/ros2_ws/install/uav_urdf_demo/lib/python3.8/site-packages'
[3.874s] Level 1:colcon.colcon_core.environment:checking '/home/ccl/ros2_ws/install/uav_urdf_demo/bin'
[3.874s] INFO:colcon.colcon_core.shell:Creating package script '/home/ccl/ros2_ws/install/uav_urdf_demo/share/uav_urdf_demo/package.ps1'
[3.875s] INFO:colcon.colcon_core.shell:Creating package descriptor '/home/ccl/ros2_ws/install/uav_urdf_demo/share/uav_urdf_demo/package.dsv'
[3.875s] INFO:colcon.colcon_core.shell:Creating package script '/home/ccl/ros2_ws/install/uav_urdf_demo/share/uav_urdf_demo/package.sh'
[3.876s] INFO:colcon.colcon_core.shell:Creating package script '/home/ccl/ros2_ws/install/uav_urdf_demo/share/uav_urdf_demo/package.bash'
[3.876s] INFO:colcon.colcon_core.shell:Creating package script '/home/ccl/ros2_ws/install/uav_urdf_demo/share/uav_urdf_demo/package.zsh'
[3.877s] Level 1:colcon.colcon_core.environment:create_file_with_runtime_dependencies(/home/ccl/ros2_ws/install/uav_urdf_demo/share/colcon-core/packages/uav_urdf_demo)
[3.903s] Level 1:colcon.colcon_core.environment:create_environment_scripts_only(uav_urdf_demo)
[3.904s] Level 1:colcon.colcon_core.environment:checking '/home/ccl/ros2_ws/install/uav_urdf_demo' for CMake module files
[3.904s] Level 1:colcon.colcon_core.environment:checking '/home/ccl/ros2_ws/install/uav_urdf_demo' for CMake config files
[3.905s] Level 1:colcon.colcon_core.shell:create_environment_hook('uav_urdf_demo', 'cmake_prefix_path')
[3.905s] INFO:colcon.colcon_core.shell:Creating environment hook '/home/ccl/ros2_ws/install/uav_urdf_demo/share/uav_urdf_demo/hook/cmake_prefix_path.ps1'
[3.906s] INFO:colcon.colcon_core.shell:Creating environment descriptor '/home/ccl/ros2_ws/install/uav_urdf_demo/share/uav_urdf_demo/hook/cmake_prefix_path.dsv'
[3.906s] INFO:colcon.colcon_core.shell:Creating environment hook '/home/ccl/ros2_ws/install/uav_urdf_demo/share/uav_urdf_demo/hook/cmake_prefix_path.sh'
[3.907s] Level 1:colcon.colcon_core.environment:checking '/home/ccl/ros2_ws/install/uav_urdf_demo/lib'
[3.907s] Level 1:colcon.colcon_core.environment:checking '/home/ccl/ros2_ws/install/uav_urdf_demo/bin'
[3.907s] Level 1:colcon.colcon_core.environment:checking '/home/ccl/ros2_ws/install/uav_urdf_demo/lib/pkgconfig/uav_urdf_demo.pc'
[3.907s] Level 1:colcon.colcon_core.environment:checking '/home/ccl/ros2_ws/install/uav_urdf_demo/lib/python3.8/site-packages'
[3.907s] Level 1:colcon.colcon_core.environment:checking '/home/ccl/ros2_ws/install/uav_urdf_demo/bin'
[3.908s] INFO:colcon.colcon_core.shell:Creating package script '/home/ccl/ros2_ws/install/uav_urdf_demo/share/uav_urdf_demo/package.ps1'
[3.908s] INFO:colcon.colcon_core.shell:Creating package descriptor '/home/ccl/ros2_ws/install/uav_urdf_demo/share/uav_urdf_demo/package.dsv'
[3.909s] INFO:colcon.colcon_core.shell:Creating package script '/home/ccl/ros2_ws/install/uav_urdf_demo/share/uav_urdf_demo/package.sh'
[3.909s] INFO:colcon.colcon_core.shell:Creating package script '/home/ccl/ros2_ws/install/uav_urdf_demo/share/uav_urdf_demo/package.bash'
[3.909s] INFO:colcon.colcon_core.shell:Creating package script '/home/ccl/ros2_ws/install/uav_urdf_demo/share/uav_urdf_demo/package.zsh'
[3.910s] Level 1:colcon.colcon_core.environment:create_file_with_runtime_dependencies(/home/ccl/ros2_ws/install/uav_urdf_demo/share/colcon-core/packages/uav_urdf_demo)
[3.910s] DEBUG:colcon.colcon_parallel_executor.executor.parallel:closing loop
[3.911s] DEBUG:colcon.colcon_parallel_executor.executor.parallel:loop closed
[3.911s] DEBUG:colcon.colcon_parallel_executor.executor.parallel:run_until_complete finished with '0'
[3.911s] DEBUG:colcon.colcon_core.event_reactor:joining thread
[3.916s] INFO:colcon.colcon_core.plugin_system:Skipping extension 'colcon_notification.desktop_notification.terminal_notifier': Not used on non-Darwin systems
[3.916s] INFO:colcon.colcon_core.plugin_system:Skipping extension 'colcon_notification.desktop_notification.win32': Not used on non-Windows systems
[3.916s] INFO:colcon.colcon_notification.desktop_notification:Sending desktop notification using 'notify2'
[3.927s] DEBUG:colcon.colcon_core.event_reactor:joined thread
[3.927s] INFO:colcon.colcon_core.shell:Creating prefix script '/home/ccl/ros2_ws/install/local_setup.ps1'
[3.928s] INFO:colcon.colcon_core.shell:Creating prefix util module '/home/ccl/ros2_ws/install/_local_setup_util_ps1.py'
[3.929s] INFO:colcon.colcon_core.shell:Creating prefix chain script '/home/ccl/ros2_ws/install/setup.ps1'
[3.930s] INFO:colcon.colcon_core.shell:Creating prefix script '/home/ccl/ros2_ws/install/local_setup.sh'
[3.930s] INFO:colcon.colcon_core.shell:Creating prefix util module '/home/ccl/ros2_ws/install/_local_setup_util_sh.py'
[3.931s] INFO:colcon.colcon_core.shell:Creating prefix chain script '/home/ccl/ros2_ws/install/setup.sh'
[3.932s] INFO:colcon.colcon_core.shell:Creating prefix script '/home/ccl/ros2_ws/install/local_setup.bash'
[3.933s] INFO:colcon.colcon_core.shell:Creating prefix chain script '/home/ccl/ros2_ws/install/setup.bash'
[3.934s] INFO:colcon.colcon_core.shell:Creating prefix script '/home/ccl/ros2_ws/install/local_setup.zsh'
[3.934s] INFO:colcon.colcon_core.shell:Creating prefix chain script '/home/ccl/ros2_ws/install/setup.zsh'
