[0.020s] Invoking command in '/home/ccl/ros2_ws/learning_tf2_cpp/build/learning_tf2_cpp': CMAKE_PREFIX_PATH=${CMAKE_PREFIX_PATH}:/home/ccl/ros2_ws/install/examples_rclpy_pointcloud_publisher:/home/ccl/ros2_ws/install/examples_rclpy_minimal_subscriber:/home/ccl/ros2_ws/install/examples_rclpy_minimal_service:/home/ccl/ros2_ws/install/examples_rclpy_minimal_publisher:/home/ccl/ros2_ws/install/examples_rclpy_minimal_client:/home/ccl/ros2_ws/install/examples_rclpy_minimal_action_server:/home/ccl/ros2_ws/install/examples_rclpy_minimal_action_client:/home/ccl/ros2_ws/install/examples_rclpy_guard_conditions:/home/ccl/ros2_ws/install/examples_rclpy_executors:/opt/ros/galactic /usr/bin/cmake /home/ccl/ros2_ws/learning_tf2_cpp -DCMAKE_INSTALL_PREFIX=/home/ccl/ros2_ws/learning_tf2_cpp/install/learning_tf2_cpp
[0.051s] -- Found ament_cmake: 1.1.6 (/opt/ros/galactic/share/ament_cmake/cmake)
[0.081s] -- Using PYTHON_EXECUTABLE: /usr/bin/python3
[0.157s] -- Found geometry_msgs: 2.2.4 (/opt/ros/galactic/share/geometry_msgs/cmake)
[0.187s] -- Using all available rosidl_typesupport_c: rosidl_typesupport_fastrtps_c;rosidl_typesupport_introspection_c
[0.191s] -- Found rosidl_adapter: 2.2.3 (/opt/ros/galactic/share/rosidl_adapter/cmake)
[0.349s] -- Using all available rosidl_typesupport_cpp: rosidl_typesupport_fastrtps_cpp;rosidl_typesupport_introspection_cpp
[0.443s] -- Found rclcpp: 9.2.2 (/opt/ros/galactic/share/rclcpp/cmake)
[0.497s] -- Found rmw_implementation_cmake: 3.3.1 (/opt/ros/galactic/share/rmw_implementation_cmake/cmake)
[0.500s] -- Found rmw_cyclonedds_cpp: 0.22.6 (/opt/ros/galactic/share/rmw_cyclonedds_cpp/cmake)
[0.523s] -- Using RMW implementation 'rmw_cyclonedds_cpp' as default
[0.966s] -- Found tf2: 0.17.5 (/opt/ros/galactic/share/tf2/cmake)
[1.014s] -- Found tf2_ros: 0.17.5 (/opt/ros/galactic/share/tf2_ros/cmake)
[2.235s] -- Found turtlesim: 1.3.4 (/opt/ros/galactic/share/turtlesim/cmake)
[2.445s] -- Found ament_lint_auto: 0.10.7 (/opt/ros/galactic/share/ament_lint_auto/cmake)
[2.761s] -- Added test 'copyright' to check source files copyright and LICENSE
[2.875s] -- Added test 'cppcheck' to perform static code analysis on C / C++ code
[2.876s] -- Configured cppcheck include dirs: 
[2.876s] -- Configured cppcheck exclude dirs and/or files: 
[3.003s] -- Added test 'cpplint' to check C / C++ code against the Google style
[3.004s] -- Configured cpplint exclude dirs and/or files: 
[3.020s] -- Added test 'flake8' to check Python code syntax and style conventions
[3.056s] -- Added test 'lint_cmake' to check CMake code style
[3.073s] -- Added test 'pep257' to check Python code against some of the style conventions in PEP 257
[3.205s] -- Added test 'uncrustify' to check C / C++ code style
[3.206s] -- Configured uncrustify additional arguments: 
[3.223s] -- Added test 'xmllint' to check XML markup files
[3.266s] -- Configuring done
[3.323s] -- Generating done
[3.325s] -- Build files have been written to: /home/ccl/ros2_ws/learning_tf2_cpp/build/learning_tf2_cpp
[3.343s] Invoked command in '/home/ccl/ros2_ws/learning_tf2_cpp/build/learning_tf2_cpp' returned '0': CMAKE_PREFIX_PATH=${CMAKE_PREFIX_PATH}:/home/ccl/ros2_ws/install/examples_rclpy_pointcloud_publisher:/home/ccl/ros2_ws/install/examples_rclpy_minimal_subscriber:/home/ccl/ros2_ws/install/examples_rclpy_minimal_service:/home/ccl/ros2_ws/install/examples_rclpy_minimal_publisher:/home/ccl/ros2_ws/install/examples_rclpy_minimal_client:/home/ccl/ros2_ws/install/examples_rclpy_minimal_action_server:/home/ccl/ros2_ws/install/examples_rclpy_minimal_action_client:/home/ccl/ros2_ws/install/examples_rclpy_guard_conditions:/home/ccl/ros2_ws/install/examples_rclpy_executors:/opt/ros/galactic /usr/bin/cmake /home/ccl/ros2_ws/learning_tf2_cpp -DCMAKE_INSTALL_PREFIX=/home/ccl/ros2_ws/learning_tf2_cpp/install/learning_tf2_cpp
[3.355s] Invoking command in '/home/ccl/ros2_ws/learning_tf2_cpp/build/learning_tf2_cpp': CMAKE_PREFIX_PATH=${CMAKE_PREFIX_PATH}:/home/ccl/ros2_ws/install/examples_rclpy_pointcloud_publisher:/home/ccl/ros2_ws/install/examples_rclpy_minimal_subscriber:/home/ccl/ros2_ws/install/examples_rclpy_minimal_service:/home/ccl/ros2_ws/install/examples_rclpy_minimal_publisher:/home/ccl/ros2_ws/install/examples_rclpy_minimal_client:/home/ccl/ros2_ws/install/examples_rclpy_minimal_action_server:/home/ccl/ros2_ws/install/examples_rclpy_minimal_action_client:/home/ccl/ros2_ws/install/examples_rclpy_guard_conditions:/home/ccl/ros2_ws/install/examples_rclpy_executors:/opt/ros/galactic /usr/bin/cmake --build /home/ccl/ros2_ws/learning_tf2_cpp/build/learning_tf2_cpp -- -j8 -l8
[3.429s] [35m[1mScanning dependencies of target static_turtle_tf2_broadcaster[0m
[3.535s] [ 50%] [32mBuilding CXX object CMakeFiles/static_turtle_tf2_broadcaster.dir/src/static_turtle_tf2_broadcaster.cpp.o[0m
[7.262s] [100%] [32m[1mLinking CXX executable static_turtle_tf2_broadcaster[0m
[7.672s] [100%] Built target static_turtle_tf2_broadcaster
[7.691s] Invoked command in '/home/ccl/ros2_ws/learning_tf2_cpp/build/learning_tf2_cpp' returned '0': CMAKE_PREFIX_PATH=${CMAKE_PREFIX_PATH}:/home/ccl/ros2_ws/install/examples_rclpy_pointcloud_publisher:/home/ccl/ros2_ws/install/examples_rclpy_minimal_subscriber:/home/ccl/ros2_ws/install/examples_rclpy_minimal_service:/home/ccl/ros2_ws/install/examples_rclpy_minimal_publisher:/home/ccl/ros2_ws/install/examples_rclpy_minimal_client:/home/ccl/ros2_ws/install/examples_rclpy_minimal_action_server:/home/ccl/ros2_ws/install/examples_rclpy_minimal_action_client:/home/ccl/ros2_ws/install/examples_rclpy_guard_conditions:/home/ccl/ros2_ws/install/examples_rclpy_executors:/opt/ros/galactic /usr/bin/cmake --build /home/ccl/ros2_ws/learning_tf2_cpp/build/learning_tf2_cpp -- -j8 -l8
[7.773s] Invoking command in '/home/ccl/ros2_ws/learning_tf2_cpp/build/learning_tf2_cpp': CMAKE_PREFIX_PATH=${CMAKE_PREFIX_PATH}:/home/ccl/ros2_ws/install/examples_rclpy_pointcloud_publisher:/home/ccl/ros2_ws/install/examples_rclpy_minimal_subscriber:/home/ccl/ros2_ws/install/examples_rclpy_minimal_service:/home/ccl/ros2_ws/install/examples_rclpy_minimal_publisher:/home/ccl/ros2_ws/install/examples_rclpy_minimal_client:/home/ccl/ros2_ws/install/examples_rclpy_minimal_action_server:/home/ccl/ros2_ws/install/examples_rclpy_minimal_action_client:/home/ccl/ros2_ws/install/examples_rclpy_guard_conditions:/home/ccl/ros2_ws/install/examples_rclpy_executors:/opt/ros/galactic /usr/bin/cmake --install /home/ccl/ros2_ws/learning_tf2_cpp/build/learning_tf2_cpp
[7.788s] -- Install configuration: ""
[7.788s] -- Installing: /home/ccl/ros2_ws/learning_tf2_cpp/install/learning_tf2_cpp/lib/learning_tf2_cpp/static_turtle_tf2_broadcaster
[7.791s] -- Set runtime path of "/home/ccl/ros2_ws/learning_tf2_cpp/install/learning_tf2_cpp/lib/learning_tf2_cpp/static_turtle_tf2_broadcaster" to ""
[7.792s] -- Installing: /home/ccl/ros2_ws/learning_tf2_cpp/install/learning_tf2_cpp/share/ament_index/resource_index/package_run_dependencies/learning_tf2_cpp
[7.792s] -- Installing: /home/ccl/ros2_ws/learning_tf2_cpp/install/learning_tf2_cpp/share/ament_index/resource_index/parent_prefix_path/learning_tf2_cpp
[7.792s] -- Installing: /home/ccl/ros2_ws/learning_tf2_cpp/install/learning_tf2_cpp/share/learning_tf2_cpp/environment/ament_prefix_path.sh
[7.793s] -- Installing: /home/ccl/ros2_ws/learning_tf2_cpp/install/learning_tf2_cpp/share/learning_tf2_cpp/environment/ament_prefix_path.dsv
[7.793s] -- Installing: /home/ccl/ros2_ws/learning_tf2_cpp/install/learning_tf2_cpp/share/learning_tf2_cpp/environment/path.sh
[7.793s] -- Installing: /home/ccl/ros2_ws/learning_tf2_cpp/install/learning_tf2_cpp/share/learning_tf2_cpp/environment/path.dsv
[7.794s] -- Installing: /home/ccl/ros2_ws/learning_tf2_cpp/install/learning_tf2_cpp/share/learning_tf2_cpp/local_setup.bash
[7.794s] -- Installing: /home/ccl/ros2_ws/learning_tf2_cpp/install/learning_tf2_cpp/share/learning_tf2_cpp/local_setup.sh
[7.794s] -- Installing: /home/ccl/ros2_ws/learning_tf2_cpp/install/learning_tf2_cpp/share/learning_tf2_cpp/local_setup.zsh
[7.795s] -- Installing: /home/ccl/ros2_ws/learning_tf2_cpp/install/learning_tf2_cpp/share/learning_tf2_cpp/local_setup.dsv
[7.795s] -- Installing: /home/ccl/ros2_ws/learning_tf2_cpp/install/learning_tf2_cpp/share/learning_tf2_cpp/package.dsv
[7.795s] -- Installing: /home/ccl/ros2_ws/learning_tf2_cpp/install/learning_tf2_cpp/share/ament_index/resource_index/packages/learning_tf2_cpp
[7.796s] -- Installing: /home/ccl/ros2_ws/learning_tf2_cpp/install/learning_tf2_cpp/share/learning_tf2_cpp/cmake/learning_tf2_cppConfig.cmake
[7.796s] -- Installing: /home/ccl/ros2_ws/learning_tf2_cpp/install/learning_tf2_cpp/share/learning_tf2_cpp/cmake/learning_tf2_cppConfig-version.cmake
[7.796s] -- Installing: /home/ccl/ros2_ws/learning_tf2_cpp/install/learning_tf2_cpp/share/learning_tf2_cpp/package.xml
[7.801s] Invoked command in '/home/ccl/ros2_ws/learning_tf2_cpp/build/learning_tf2_cpp' returned '0': CMAKE_PREFIX_PATH=${CMAKE_PREFIX_PATH}:/home/ccl/ros2_ws/install/examples_rclpy_pointcloud_publisher:/home/ccl/ros2_ws/install/examples_rclpy_minimal_subscriber:/home/ccl/ros2_ws/install/examples_rclpy_minimal_service:/home/ccl/ros2_ws/install/examples_rclpy_minimal_publisher:/home/ccl/ros2_ws/install/examples_rclpy_minimal_client:/home/ccl/ros2_ws/install/examples_rclpy_minimal_action_server:/home/ccl/ros2_ws/install/examples_rclpy_minimal_action_client:/home/ccl/ros2_ws/install/examples_rclpy_guard_conditions:/home/ccl/ros2_ws/install/examples_rclpy_executors:/opt/ros/galactic /usr/bin/cmake --install /home/ccl/ros2_ws/learning_tf2_cpp/build/learning_tf2_cpp
