[0.016s] Invoking command in '/home/ccl/ROS2_UAV/build/uav_urdf_demo': CMAKE_PREFIX_PATH=${CMAKE_PREFIX_PATH}:/opt/ros/galactic /usr/bin/cmake --build /home/ccl/ROS2_UAV/build/uav_urdf_demo -- -j8 -l8
[0.065s] [35m[1mScanning dependencies of target command_publisher[0m
[0.065s] [35m[1mScanning dependencies of target state_publisher[0m
[0.092s] [ 25%] [32mBuilding CXX object CMakeFiles/command_publisher.dir/src/command_publisher.cpp.o[0m
[0.099s] [ 50%] [32mBuilding CXX object CMakeFiles/state_publisher.dir/src/state_publisher.cpp.o[0m
[0.117s] [ 75%] [32m[1mLinking CXX executable command_publisher[0m
[0.269s] [ 75%] Built target command_publisher
[5.838s] [100%] [32m[1mLinking CXX executable state_publisher[0m
[6.157s] [100%] Built target state_publisher
[6.167s] Invoked command in '/home/ccl/ROS2_UAV/build/uav_urdf_demo' returned '0': CMAKE_PREFIX_PATH=${CMAKE_PREFIX_PATH}:/opt/ros/galactic /usr/bin/cmake --build /home/ccl/ROS2_UAV/build/uav_urdf_demo -- -j8 -l8
[6.207s] Invoking command in '/home/ccl/ROS2_UAV/build/uav_urdf_demo': CMAKE_PREFIX_PATH=${CMAKE_PREFIX_PATH}:/opt/ros/galactic /usr/bin/cmake --install /home/ccl/ROS2_UAV/build/uav_urdf_demo
[6.214s] -- Install configuration: ""
[6.214s] -- Up-to-date: /home/ccl/ROS2_UAV/install/uav_urdf_demo/share/uav_urdf_demo/launch
[6.214s] -- Up-to-date: /home/ccl/ROS2_UAV/install/uav_urdf_demo/share/uav_urdf_demo/launch/uav_urdf.launch.py
[6.214s] -- Up-to-date: /home/ccl/ROS2_UAV/install/uav_urdf_demo/share/uav_urdf_demo/urdf
[6.214s] -- Up-to-date: /home/ccl/ROS2_UAV/install/uav_urdf_demo/share/uav_urdf_demo/urdf/refrence.urdf.xml
[6.214s] -- Up-to-date: /home/ccl/ROS2_UAV/install/uav_urdf_demo/share/uav_urdf_demo/urdf/uav.urdf.xml
[6.214s] -- Installing: /home/ccl/ROS2_UAV/install/uav_urdf_demo/lib/uav_urdf_demo/state_publisher
[6.218s] -- Set runtime path of "/home/ccl/ROS2_UAV/install/uav_urdf_demo/lib/uav_urdf_demo/state_publisher" to ""
[6.218s] -- Installing: /home/ccl/ROS2_UAV/install/uav_urdf_demo/lib/uav_urdf_demo/command_publisher
[6.219s] -- Set runtime path of "/home/ccl/ROS2_UAV/install/uav_urdf_demo/lib/uav_urdf_demo/command_publisher" to ""
[6.219s] -- Up-to-date: /home/ccl/ROS2_UAV/install/uav_urdf_demo/share/ament_index/resource_index/package_run_dependencies/uav_urdf_demo
[6.220s] -- Up-to-date: /home/ccl/ROS2_UAV/install/uav_urdf_demo/share/ament_index/resource_index/parent_prefix_path/uav_urdf_demo
[6.220s] -- Up-to-date: /home/ccl/ROS2_UAV/install/uav_urdf_demo/share/uav_urdf_demo/environment/ament_prefix_path.sh
[6.220s] -- Up-to-date: /home/ccl/ROS2_UAV/install/uav_urdf_demo/share/uav_urdf_demo/environment/ament_prefix_path.dsv
[6.220s] -- Up-to-date: /home/ccl/ROS2_UAV/install/uav_urdf_demo/share/uav_urdf_demo/environment/path.sh
[6.220s] -- Up-to-date: /home/ccl/ROS2_UAV/install/uav_urdf_demo/share/uav_urdf_demo/environment/path.dsv
[6.220s] -- Up-to-date: /home/ccl/ROS2_UAV/install/uav_urdf_demo/share/uav_urdf_demo/local_setup.bash
[6.220s] -- Up-to-date: /home/ccl/ROS2_UAV/install/uav_urdf_demo/share/uav_urdf_demo/local_setup.sh
[6.220s] -- Up-to-date: /home/ccl/ROS2_UAV/install/uav_urdf_demo/share/uav_urdf_demo/local_setup.zsh
[6.221s] -- Up-to-date: /home/ccl/ROS2_UAV/install/uav_urdf_demo/share/uav_urdf_demo/local_setup.dsv
[6.221s] -- Installing: /home/ccl/ROS2_UAV/install/uav_urdf_demo/share/uav_urdf_demo/package.dsv
[6.221s] -- Up-to-date: /home/ccl/ROS2_UAV/install/uav_urdf_demo/share/ament_index/resource_index/packages/uav_urdf_demo
[6.221s] -- Up-to-date: /home/ccl/ROS2_UAV/install/uav_urdf_demo/share/uav_urdf_demo/cmake/uav_urdf_demoConfig.cmake
[6.221s] -- Up-to-date: /home/ccl/ROS2_UAV/install/uav_urdf_demo/share/uav_urdf_demo/cmake/uav_urdf_demoConfig-version.cmake
[6.221s] -- Up-to-date: /home/ccl/ROS2_UAV/install/uav_urdf_demo/share/uav_urdf_demo/package.xml
[6.223s] Invoked command in '/home/ccl/ROS2_UAV/build/uav_urdf_demo' returned '0': CMAKE_PREFIX_PATH=${CMAKE_PREFIX_PATH}:/opt/ros/galactic /usr/bin/cmake --install /home/ccl/ROS2_UAV/build/uav_urdf_demo
