[0.017s] Invoking command in '/home/ccl/ROS2_UAV/build/uav_urdf_demo': CMAKE_PREFIX_PATH=${CMAKE_PREFIX_PATH}:/opt/ros/galactic /usr/bin/cmake --build /home/ccl/ROS2_UAV/build/uav_urdf_demo -- -j8 -l8
[0.073s] [ 50%] Built target command_publisher
[0.074s] [100%] Built target state_publisher
[0.086s] Invoked command in '/home/ccl/ROS2_UAV/build/uav_urdf_demo' returned '0': CMAKE_PREFIX_PATH=${CMAKE_PREFIX_PATH}:/opt/ros/galactic /usr/bin/cmake --build /home/ccl/ROS2_UAV/build/uav_urdf_demo -- -j8 -l8
[0.126s] Invoking command in '/home/ccl/ROS2_UAV/build/uav_urdf_demo': CMAKE_PREFIX_PATH=${CMAKE_PREFIX_PATH}:/opt/ros/galactic /usr/bin/cmake --install /home/ccl/ROS2_UAV/build/uav_urdf_demo
[0.133s] -- Install configuration: ""
[0.133s] -- Up-to-date: /home/ccl/ROS2_UAV/install/uav_urdf_demo/share/uav_urdf_demo/launch
[0.133s] -- Installing: /home/ccl/ROS2_UAV/install/uav_urdf_demo/share/uav_urdf_demo/launch/uav_urdf.launch.py
[0.133s] -- Up-to-date: /home/ccl/ROS2_UAV/install/uav_urdf_demo/share/uav_urdf_demo/urdf
[0.133s] -- Up-to-date: /home/ccl/ROS2_UAV/install/uav_urdf_demo/share/uav_urdf_demo/urdf/refrence.urdf.xml
[0.133s] -- Up-to-date: /home/ccl/ROS2_UAV/install/uav_urdf_demo/share/uav_urdf_demo/urdf/uav.urdf.xml
[0.133s] -- Up-to-date: /home/ccl/ROS2_UAV/install/uav_urdf_demo/lib/uav_urdf_demo/state_publisher
[0.134s] -- Up-to-date: /home/ccl/ROS2_UAV/install/uav_urdf_demo/lib/uav_urdf_demo/command_publisher
[0.134s] -- Up-to-date: /home/ccl/ROS2_UAV/install/uav_urdf_demo/share/ament_index/resource_index/package_run_dependencies/uav_urdf_demo
[0.134s] -- Up-to-date: /home/ccl/ROS2_UAV/install/uav_urdf_demo/share/ament_index/resource_index/parent_prefix_path/uav_urdf_demo
[0.135s] -- Up-to-date: /home/ccl/ROS2_UAV/install/uav_urdf_demo/share/uav_urdf_demo/environment/ament_prefix_path.sh
[0.135s] -- Up-to-date: /home/ccl/ROS2_UAV/install/uav_urdf_demo/share/uav_urdf_demo/environment/ament_prefix_path.dsv
[0.135s] -- Up-to-date: /home/ccl/ROS2_UAV/install/uav_urdf_demo/share/uav_urdf_demo/environment/path.sh
[0.135s] -- Up-to-date: /home/ccl/ROS2_UAV/install/uav_urdf_demo/share/uav_urdf_demo/environment/path.dsv
[0.135s] -- Up-to-date: /home/ccl/ROS2_UAV/install/uav_urdf_demo/share/uav_urdf_demo/local_setup.bash
[0.135s] -- Up-to-date: /home/ccl/ROS2_UAV/install/uav_urdf_demo/share/uav_urdf_demo/local_setup.sh
[0.135s] -- Up-to-date: /home/ccl/ROS2_UAV/install/uav_urdf_demo/share/uav_urdf_demo/local_setup.zsh
[0.135s] -- Up-to-date: /home/ccl/ROS2_UAV/install/uav_urdf_demo/share/uav_urdf_demo/local_setup.dsv
[0.135s] -- Installing: /home/ccl/ROS2_UAV/install/uav_urdf_demo/share/uav_urdf_demo/package.dsv
[0.135s] -- Up-to-date: /home/ccl/ROS2_UAV/install/uav_urdf_demo/share/ament_index/resource_index/packages/uav_urdf_demo
[0.136s] -- Up-to-date: /home/ccl/ROS2_UAV/install/uav_urdf_demo/share/uav_urdf_demo/cmake/uav_urdf_demoConfig.cmake
[0.136s] -- Up-to-date: /home/ccl/ROS2_UAV/install/uav_urdf_demo/share/uav_urdf_demo/cmake/uav_urdf_demoConfig-version.cmake
[0.136s] -- Up-to-date: /home/ccl/ROS2_UAV/install/uav_urdf_demo/share/uav_urdf_demo/package.xml
[0.138s] Invoked command in '/home/ccl/ROS2_UAV/build/uav_urdf_demo' returned '0': CMAKE_PREFIX_PATH=${CMAKE_PREFIX_PATH}:/opt/ros/galactic /usr/bin/cmake --install /home/ccl/ROS2_UAV/build/uav_urdf_demo
