[0.022s] Invoking command in '/home/ccl/ros2_ws/learning_tf2_cpp/build/learning_tf2_cpp': CMAKE_PREFIX_PATH=${CMAKE_PREFIX_PATH}:/home/ccl/ros2_ws/install/examples_rclpy_pointcloud_publisher:/home/ccl/ros2_ws/install/examples_rclpy_minimal_subscriber:/home/ccl/ros2_ws/install/examples_rclpy_minimal_service:/home/ccl/ros2_ws/install/examples_rclpy_minimal_publisher:/home/ccl/ros2_ws/install/examples_rclpy_minimal_client:/home/ccl/ros2_ws/install/examples_rclpy_minimal_action_server:/home/ccl/ros2_ws/install/examples_rclpy_minimal_action_client:/home/ccl/ros2_ws/install/examples_rclpy_guard_conditions:/home/ccl/ros2_ws/install/examples_rclpy_executors:/opt/ros/galactic /usr/bin/cmake --build /home/ccl/ros2_ws/learning_tf2_cpp/build/learning_tf2_cpp -- -j8 -l8
[0.114s] [35m[1mScanning dependencies of target turtle_tf2_listener[0m
[0.143s] [ 50%] Built target turtle_tf2_broadcaster
[0.143s] [ 50%] Built target dynamic_frame_tf2_broadcaster
[0.143s] [ 75%] Built target fixed_frame_tf2_broadcaster
[0.194s] [ 87%] [32mBuilding CXX object CMakeFiles/turtle_tf2_listener.dir/src/turtle_tf2_listener.cpp.o[0m
[4.485s] [100%] [32m[1mLinking CXX executable turtle_tf2_listener[0m
[4.933s] [100%] Built target turtle_tf2_listener
[4.952s] Invoked command in '/home/ccl/ros2_ws/learning_tf2_cpp/build/learning_tf2_cpp' returned '0': CMAKE_PREFIX_PATH=${CMAKE_PREFIX_PATH}:/home/ccl/ros2_ws/install/examples_rclpy_pointcloud_publisher:/home/ccl/ros2_ws/install/examples_rclpy_minimal_subscriber:/home/ccl/ros2_ws/install/examples_rclpy_minimal_service:/home/ccl/ros2_ws/install/examples_rclpy_minimal_publisher:/home/ccl/ros2_ws/install/examples_rclpy_minimal_client:/home/ccl/ros2_ws/install/examples_rclpy_minimal_action_server:/home/ccl/ros2_ws/install/examples_rclpy_minimal_action_client:/home/ccl/ros2_ws/install/examples_rclpy_guard_conditions:/home/ccl/ros2_ws/install/examples_rclpy_executors:/opt/ros/galactic /usr/bin/cmake --build /home/ccl/ros2_ws/learning_tf2_cpp/build/learning_tf2_cpp -- -j8 -l8
[5.053s] Invoking command in '/home/ccl/ros2_ws/learning_tf2_cpp/build/learning_tf2_cpp': CMAKE_PREFIX_PATH=${CMAKE_PREFIX_PATH}:/home/ccl/ros2_ws/install/examples_rclpy_pointcloud_publisher:/home/ccl/ros2_ws/install/examples_rclpy_minimal_subscriber:/home/ccl/ros2_ws/install/examples_rclpy_minimal_service:/home/ccl/ros2_ws/install/examples_rclpy_minimal_publisher:/home/ccl/ros2_ws/install/examples_rclpy_minimal_client:/home/ccl/ros2_ws/install/examples_rclpy_minimal_action_server:/home/ccl/ros2_ws/install/examples_rclpy_minimal_action_client:/home/ccl/ros2_ws/install/examples_rclpy_guard_conditions:/home/ccl/ros2_ws/install/examples_rclpy_executors:/opt/ros/galactic /usr/bin/cmake --install /home/ccl/ros2_ws/learning_tf2_cpp/build/learning_tf2_cpp
[5.066s] -- Install configuration: ""
[5.067s] -- Up-to-date: /home/ccl/ros2_ws/learning_tf2_cpp/install/learning_tf2_cpp/lib/learning_tf2_cpp/dynamic_frame_tf2_broadcaster
[5.069s] -- Up-to-date: /home/ccl/ros2_ws/learning_tf2_cpp/install/learning_tf2_cpp/lib/learning_tf2_cpp/fixed_frame_tf2_broadcaster
[5.071s] -- Up-to-date: /home/ccl/ros2_ws/learning_tf2_cpp/install/learning_tf2_cpp/lib/learning_tf2_cpp/turtle_tf2_broadcaster
[5.073s] -- Installing: /home/ccl/ros2_ws/learning_tf2_cpp/install/learning_tf2_cpp/lib/learning_tf2_cpp/turtle_tf2_listener
[5.078s] -- Set runtime path of "/home/ccl/ros2_ws/learning_tf2_cpp/install/learning_tf2_cpp/lib/learning_tf2_cpp/turtle_tf2_listener" to ""
[5.078s] -- Up-to-date: /home/ccl/ros2_ws/learning_tf2_cpp/install/learning_tf2_cpp/share/learning_tf2_cpp/launch
[5.079s] -- Up-to-date: /home/ccl/ros2_ws/learning_tf2_cpp/install/learning_tf2_cpp/share/learning_tf2_cpp/launch/turtle_tf2_dynamic_frame_demo.launch.py
[5.079s] -- Up-to-date: /home/ccl/ros2_ws/learning_tf2_cpp/install/learning_tf2_cpp/share/learning_tf2_cpp/launch/turtle_tf2_fixed_frame_demo.launch.py
[5.079s] -- Up-to-date: /home/ccl/ros2_ws/learning_tf2_cpp/install/learning_tf2_cpp/share/learning_tf2_cpp/launch/turtle_tf2_demo.launch.py
[5.079s] -- Up-to-date: /home/ccl/ros2_ws/learning_tf2_cpp/install/learning_tf2_cpp/share/ament_index/resource_index/package_run_dependencies/learning_tf2_cpp
[5.079s] -- Up-to-date: /home/ccl/ros2_ws/learning_tf2_cpp/install/learning_tf2_cpp/share/ament_index/resource_index/parent_prefix_path/learning_tf2_cpp
[5.079s] -- Up-to-date: /home/ccl/ros2_ws/learning_tf2_cpp/install/learning_tf2_cpp/share/learning_tf2_cpp/environment/ament_prefix_path.sh
[5.080s] -- Up-to-date: /home/ccl/ros2_ws/learning_tf2_cpp/install/learning_tf2_cpp/share/learning_tf2_cpp/environment/ament_prefix_path.dsv
[5.080s] -- Up-to-date: /home/ccl/ros2_ws/learning_tf2_cpp/install/learning_tf2_cpp/share/learning_tf2_cpp/environment/path.sh
[5.080s] -- Up-to-date: /home/ccl/ros2_ws/learning_tf2_cpp/install/learning_tf2_cpp/share/learning_tf2_cpp/environment/path.dsv
[5.080s] -- Up-to-date: /home/ccl/ros2_ws/learning_tf2_cpp/install/learning_tf2_cpp/share/learning_tf2_cpp/local_setup.bash
[5.080s] -- Up-to-date: /home/ccl/ros2_ws/learning_tf2_cpp/install/learning_tf2_cpp/share/learning_tf2_cpp/local_setup.sh
[5.080s] -- Up-to-date: /home/ccl/ros2_ws/learning_tf2_cpp/install/learning_tf2_cpp/share/learning_tf2_cpp/local_setup.zsh
[5.081s] -- Up-to-date: /home/ccl/ros2_ws/learning_tf2_cpp/install/learning_tf2_cpp/share/learning_tf2_cpp/local_setup.dsv
[5.081s] -- Installing: /home/ccl/ros2_ws/learning_tf2_cpp/install/learning_tf2_cpp/share/learning_tf2_cpp/package.dsv
[5.081s] -- Up-to-date: /home/ccl/ros2_ws/learning_tf2_cpp/install/learning_tf2_cpp/share/ament_index/resource_index/packages/learning_tf2_cpp
[5.081s] -- Up-to-date: /home/ccl/ros2_ws/learning_tf2_cpp/install/learning_tf2_cpp/share/learning_tf2_cpp/cmake/learning_tf2_cppConfig.cmake
[5.081s] -- Up-to-date: /home/ccl/ros2_ws/learning_tf2_cpp/install/learning_tf2_cpp/share/learning_tf2_cpp/cmake/learning_tf2_cppConfig-version.cmake
[5.081s] -- Up-to-date: /home/ccl/ros2_ws/learning_tf2_cpp/install/learning_tf2_cpp/share/learning_tf2_cpp/package.xml
[5.085s] Invoked command in '/home/ccl/ros2_ws/learning_tf2_cpp/build/learning_tf2_cpp' returned '0': CMAKE_PREFIX_PATH=${CMAKE_PREFIX_PATH}:/home/ccl/ros2_ws/install/examples_rclpy_pointcloud_publisher:/home/ccl/ros2_ws/install/examples_rclpy_minimal_subscriber:/home/ccl/ros2_ws/install/examples_rclpy_minimal_service:/home/ccl/ros2_ws/install/examples_rclpy_minimal_publisher:/home/ccl/ros2_ws/install/examples_rclpy_minimal_client:/home/ccl/ros2_ws/install/examples_rclpy_minimal_action_server:/home/ccl/ros2_ws/install/examples_rclpy_minimal_action_client:/home/ccl/ros2_ws/install/examples_rclpy_guard_conditions:/home/ccl/ros2_ws/install/examples_rclpy_executors:/opt/ros/galactic /usr/bin/cmake --install /home/ccl/ros2_ws/learning_tf2_cpp/build/learning_tf2_cpp
