[0.016s] Invoking command in '/home/ccl/ros2_ws/build/uav_urdf_demo': CMAKE_PREFIX_PATH=/opt/ros/galactic /usr/bin/cmake --build /home/ccl/ros2_ws/build/uav_urdf_demo -- -j8 -l8
[0.049s] -- Found ament_cmake: 1.1.6 (/opt/ros/galactic/share/ament_cmake/cmake)
[0.066s] -- Using PYTHON_EXECUTABLE: /usr/bin/python3
[0.111s] -- Found geometry_msgs: 2.2.4 (/opt/ros/galactic/share/geometry_msgs/cmake)
[0.126s] -- Using all available rosidl_typesupport_c: rosidl_typesupport_fastrtps_c;rosidl_typesupport_introspection_c
[0.128s] -- Found rosidl_adapter: 2.2.3 (/opt/ros/galactic/share/rosidl_adapter/cmake)
[0.214s] -- Using all available rosidl_typesupport_cpp: rosidl_typesupport_fastrtps_cpp;rosidl_typesupport_introspection_cpp
[0.270s] -- Found rclcpp: 9.2.2 (/opt/ros/galactic/share/rclcpp/cmake)
[0.300s] -- Found rmw_implementation_cmake: 3.3.1 (/opt/ros/galactic/share/rmw_implementation_cmake/cmake)
[0.301s] -- Found rmw_cyclonedds_cpp: 0.22.6 (/opt/ros/galactic/share/rmw_cyclonedds_cpp/cmake)
[0.315s] -- Using RMW implementation 'rmw_cyclonedds_cpp' as default
[0.412s] CMake Error at CMakeLists.txt:12 (find_package):
[0.412s]   By not providing "Findsensot_msgs.cmake" in CMAKE_MODULE_PATH this project
[0.412s]   has asked CMake to find a package configuration file provided by
[0.412s]   "sensot_msgs", but CMake did not find one.
[0.412s] 
[0.412s]   Could not find a package configuration file provided by "sensot_msgs" with
[0.412s]   any of the following names:
[0.412s] 
[0.412s]     sensot_msgsConfig.cmake
[0.413s]     sensot_msgs-config.cmake
[0.413s] 
[0.413s]   Add the installation prefix of "sensot_msgs" to CMAKE_PREFIX_PATH or set
[0.413s]   "sensot_msgs_DIR" to a directory containing one of the above files.  If
[0.413s]   "sensot_msgs" provides a separate development package or SDK, be sure it
[0.413s]   has been installed.
[0.413s] 
[0.413s] 
[0.414s] -- Configuring incomplete, errors occurred!
[0.414s] See also "/home/ccl/ros2_ws/build/uav_urdf_demo/CMakeFiles/CMakeOutput.log".
[0.414s] See also "/home/ccl/ros2_ws/build/uav_urdf_demo/CMakeFiles/CMakeError.log".
[0.419s] make: *** [Makefile:222: cmake_check_build_system] Error 1
[0.422s] Invoked command in '/home/ccl/ros2_ws/build/uav_urdf_demo' returned '2': CMAKE_PREFIX_PATH=/opt/ros/galactic /usr/bin/cmake --build /home/ccl/ros2_ws/build/uav_urdf_demo -- -j8 -l8
