In file included from /home/ccl/ROS2_UAV/uav_urdf_demo/src/state_publisher.cpp:1:
/usr/include/c++/9/functional: In instantiation of ‘struct std::_Bind_check_arity<void (StatePublisher::*)(std::shared_ptr<std_msgs::msg::Int16_<std::allocator<void> > >), StatePublisher*>’:
/usr/include/c++/9/functional:787:12:   required from ‘struct std::_Bind_helper<false, void (StatePublisher::*)(std::shared_ptr<std_msgs::msg::Int16_<std::allocator<void> > >), StatePublisher*>’
/usr/include/c++/9/functional:808:5:   required by substitution of ‘template<class _Func, class ... _BoundArgs> typename std::_Bind_helper<std::__is_socketlike<_Func>::value, _Func, _BoundArgs ...>::type std::bind(_Func&&, _BoundArgs&& ...) [with _Func = void (StatePublisher::*)(std::shared_ptr<std_msgs::msg::Int16_<std::allocator<void> > >); _BoundArgs = {StatePublisher*}]’
/home/ccl/ROS2_UAV/uav_urdf_demo/src/state_publisher.cpp:22:58:   required from here
/usr/include/c++/9/functional:775:7: error: static assertion failed: Wrong number of arguments for pointer-to-member
  774 |       static_assert(_Varargs::value
      |                               ~~~~~
  775 |       ? sizeof...(_BoundArgs) >= _Arity::value + 1
      |       ^~~~~~~~~~~~~~~~~~~~~~~~~~~~~~~~~~~~~~~~~~~~
  776 |       : sizeof...(_BoundArgs) == _Arity::value + 1,
      |       ~~~~~~~~~~~~~~~~~~~~~~~~~~~~~~~~~~~~~~~~~~~~
In file included from /opt/ros/galactic/include/rclcpp/subscription_base.hpp:29,
                 from /opt/ros/galactic/include/rclcpp/callback_group.hpp:26,
                 from /opt/ros/galactic/include/rclcpp/any_executable.hpp:20,
                 from /opt/ros/galactic/include/rclcpp/memory_strategy.hpp:25,
                 from /opt/ros/galactic/include/rclcpp/memory_strategies.hpp:18,
                 from /opt/ros/galactic/include/rclcpp/executor_options.hpp:20,
                 from /opt/ros/galactic/include/rclcpp/executor.hpp:36,
                 from /opt/ros/galactic/include/rclcpp/executors/multi_threaded_executor.hpp:26,
                 from /opt/ros/galactic/include/rclcpp/executors.hpp:21,
                 from /opt/ros/galactic/include/rclcpp/rclcpp.hpp:156,
                 from /home/ccl/ROS2_UAV/uav_urdf_demo/src/state_publisher.cpp:8:
/opt/ros/galactic/include/rclcpp/any_subscription_callback.hpp: In instantiation of ‘rclcpp::AnySubscriptionCallback<MessageT, AllocatorT> rclcpp::AnySubscriptionCallback<MessageT, AllocatorT>::set(CallbackT) [with CallbackT = std::_Bind<void (StatePublisher::*(StatePublisher*))(std::shared_ptr<std_msgs::msg::Int16_<std::allocator<void> > >)>; MessageT = std_msgs::msg::Int16_<std::allocator<void> >; AllocatorT = std::allocator<void>]’:
/opt/ros/galactic/include/rclcpp/subscription_factory.hpp:97:3:   required from ‘rclcpp::SubscriptionFactory rclcpp::create_subscription_factory(CallbackT&&, const rclcpp::SubscriptionOptionsWithAllocator<AllocatorT>&, typename MessageMemoryStrategyT::SharedPtr, std::shared_ptr<rclcpp::topic_statistics::SubscriptionTopicStatistics<CallbackMessageT> >) [with MessageT = std_msgs::msg::Int16_<std::allocator<void> >; CallbackT = std::_Bind<void (StatePublisher::*(StatePublisher*))(std::shared_ptr<std_msgs::msg::Int16_<std::allocator<void> > >)>; AllocatorT = std::allocator<void>; CallbackMessageT = std_msgs::msg::Int16_<std::allocator<void> >; SubscriptionT = rclcpp::Subscription<std_msgs::msg::Int16_<std::allocator<void> > >; MessageMemoryStrategyT = rclcpp::message_memory_strategy::MessageMemoryStrategy<std_msgs::msg::Int16_<std::allocator<void> >, std::allocator<void> >; typename MessageMemoryStrategyT::SharedPtr = std::shared_ptr<rclcpp::message_memory_strategy::MessageMemoryStrategy<std_msgs::msg::Int16_<std::allocator<void> >, std::allocator<void> > >]’
/opt/ros/galactic/include/rclcpp/create_subscription.hpp:122:63:   required from ‘std::shared_ptr<SubscriptionT> rclcpp::detail::create_subscription(NodeParametersT&, NodeTopicsT&, const string&, const rclcpp::QoS&, CallbackT&&, const rclcpp::SubscriptionOptionsWithAllocator<AllocatorT>&, typename MessageMemoryStrategyT::SharedPtr) [with MessageT = std_msgs::msg::Int16_<std::allocator<void> >; CallbackT = std::_Bind<void (StatePublisher::*(StatePublisher*))(std::shared_ptr<std_msgs::msg::Int16_<std::allocator<void> > >)>; AllocatorT = std::allocator<void>; CallbackMessageT = std_msgs::msg::Int16_<std::allocator<void> >; SubscriptionT = rclcpp::Subscription<std_msgs::msg::Int16_<std::allocator<void> > >; MessageMemoryStrategyT = rclcpp::message_memory_strategy::MessageMemoryStrategy<std_msgs::msg::Int16_<std::allocator<void> >, std::allocator<void> >; NodeParametersT = rclcpp::Node; NodeTopicsT = rclcpp::Node; std::string = std::__cxx11::basic_string<char>; typename MessageMemoryStrategyT::SharedPtr = std::shared_ptr<rclcpp::message_memory_strategy::MessageMemoryStrategy<std_msgs::msg::Int16_<std::allocator<void> >, std::allocator<void> > >]’
/opt/ros/galactic/include/rclcpp/create_subscription.hpp:197:94:   required from ‘std::shared_ptr<SubscriptionT> rclcpp::create_subscription(NodeT&, const string&, const rclcpp::QoS&, CallbackT&&, const rclcpp::SubscriptionOptionsWithAllocator<AllocatorT>&, typename MessageMemoryStrategyT::SharedPtr) [with MessageT = std_msgs::msg::Int16_<std::allocator<void> >; CallbackT = std::_Bind<void (StatePublisher::*(StatePublisher*))(std::shared_ptr<std_msgs::msg::Int16_<std::allocator<void> > >)>; AllocatorT = std::allocator<void>; CallbackMessageT = std_msgs::msg::Int16_<std::allocator<void> >; SubscriptionT = rclcpp::Subscription<std_msgs::msg::Int16_<std::allocator<void> > >; MessageMemoryStrategyT = rclcpp::message_memory_strategy::MessageMemoryStrategy<std_msgs::msg::Int16_<std::allocator<void> >, std::allocator<void> >; NodeT = rclcpp::Node; std::string = std::__cxx11::basic_string<char>; typename MessageMemoryStrategyT::SharedPtr = std::shared_ptr<rclcpp::message_memory_strategy::MessageMemoryStrategy<std_msgs::msg::Int16_<std::allocator<void> >, std::allocator<void> > >]’
/opt/ros/galactic/include/rclcpp/node_impl.hpp:100:47:   required from ‘std::shared_ptr<SubscriptionT> rclcpp::Node::create_subscription(const string&, const rclcpp::QoS&, CallbackT&&, const rclcpp::SubscriptionOptionsWithAllocator<AllocatorT>&, typename MessageMemoryStrategyT::SharedPtr) [with MessageT = std_msgs::msg::Int16_<std::allocator<void> >; CallbackT = std::_Bind<void (StatePublisher::*(StatePublisher*))(std::shared_ptr<std_msgs::msg::Int16_<std::allocator<void> > >)>; AllocatorT = std::allocator<void>; CallbackMessageT = std_msgs::msg::Int16_<std::allocator<void> >; SubscriptionT = rclcpp::Subscription<std_msgs::msg::Int16_<std::allocator<void> > >; MessageMemoryStrategyT = rclcpp::message_memory_strategy::MessageMemoryStrategy<std_msgs::msg::Int16_<std::allocator<void> >, std::allocator<void> >; std::string = std::__cxx11::basic_string<char>; typename MessageMemoryStrategyT::SharedPtr = std::shared_ptr<rclcpp::message_memory_strategy::MessageMemoryStrategy<std_msgs::msg::Int16_<std::allocator<void> >, std::allocator<void> > >]’
/home/ccl/ROS2_UAV/uav_urdf_demo/src/state_publisher.cpp:23:9:   required from here
/opt/ros/galactic/include/rclcpp/any_subscription_callback.hpp:182:22: error: no matching function for call to ‘std::function<void(std::shared_ptr<std_msgs::msg::Int16_<std::allocator<void> > >)>::function(std::_Bind<void (StatePublisher::*(StatePublisher*))(std::shared_ptr<std_msgs::msg::Int16_<std::allocator<void> > >)>&)’
  182 |       set_deprecated(static_cast<typename scbth::callback_type>(callback));
      |                      ^~~~~~~~~~~~~~~~~~~~~~~~~~~~~~~~~~~~~~~~~~~~~~~~~~~~
In file included from /usr/include/c++/9/functional:59,
                 from /home/ccl/ROS2_UAV/uav_urdf_demo/src/state_publisher.cpp:1:
/usr/include/c++/9/bits/std_function.h:667:7: note: candidate: ‘template<class _Functor, class, class> std::function<_Res(_ArgTypes ...)>::function(_Functor)’
  667 |       function<_Res(_ArgTypes...)>::
      |       ^~~~~~~~~~~~~~~~~~~~~~~~~~~~
/usr/include/c++/9/bits/std_function.h:667:7: note:   template argument deduction/substitution failed:
/usr/include/c++/9/bits/std_function.h: In substitution of ‘template<class _Res, class ... _ArgTypes> template<class _Cond, class _Tp> using _Requires = typename std::enable_if<_Cond::value, _Tp>::type [with _Cond = std::function<void(std::shared_ptr<std_msgs::msg::Int16_<std::allocator<void> > >)>::_Callable<std::_Bind<void (StatePublisher::*(StatePublisher*))(std::shared_ptr<std_msgs::msg::Int16_<std::allocator<void> > >)>, std::__invoke_result<std::_Bind<void (StatePublisher::*(StatePublisher*))(std::shared_ptr<std_msgs::msg::Int16_<std::allocator<void> > >)>&, std::shared_ptr<std_msgs::msg::Int16_<std::allocator<void> > > > >; _Tp = void; _Res = void; _ArgTypes = {std::shared_ptr<std_msgs::msg::Int16_<std::allocator<void> > >}]’:
/usr/include/c++/9/bits/std_function.h:446:9:   required from ‘rclcpp::AnySubscriptionCallback<MessageT, AllocatorT> rclcpp::AnySubscriptionCallback<MessageT, AllocatorT>::set(CallbackT) [with CallbackT = std::_Bind<void (StatePublisher::*(StatePublisher*))(std::shared_ptr<std_msgs::msg::Int16_<std::allocator<void> > >)>; MessageT = std_msgs::msg::Int16_<std::allocator<void> >; AllocatorT = std::allocator<void>]’
/opt/ros/galactic/include/rclcpp/subscription_factory.hpp:97:3:   required from ‘rclcpp::SubscriptionFactory rclcpp::create_subscription_factory(CallbackT&&, const rclcpp::SubscriptionOptionsWithAllocator<AllocatorT>&, typename MessageMemoryStrategyT::SharedPtr, std::shared_ptr<rclcpp::topic_statistics::SubscriptionTopicStatistics<CallbackMessageT> >) [with MessageT = std_msgs::msg::Int16_<std::allocator<void> >; CallbackT = std::_Bind<void (StatePublisher::*(StatePublisher*))(std::shared_ptr<std_msgs::msg::Int16_<std::allocator<void> > >)>; AllocatorT = std::allocator<void>; CallbackMessageT = std_msgs::msg::Int16_<std::allocator<void> >; SubscriptionT = rclcpp::Subscription<std_msgs::msg::Int16_<std::allocator<void> > >; MessageMemoryStrategyT = rclcpp::message_memory_strategy::MessageMemoryStrategy<std_msgs::msg::Int16_<std::allocator<void> >, std::allocator<void> >; typename MessageMemoryStrategyT::SharedPtr = std::shared_ptr<rclcpp::message_memory_strategy::MessageMemoryStrategy<std_msgs::msg::Int16_<std::allocator<void> >, std::allocator<void> > >]’
/opt/ros/galactic/include/rclcpp/create_subscription.hpp:122:63:   required from ‘std::shared_ptr<SubscriptionT> rclcpp::detail::create_subscription(NodeParametersT&, NodeTopicsT&, const string&, const rclcpp::QoS&, CallbackT&&, const rclcpp::SubscriptionOptionsWithAllocator<AllocatorT>&, typename MessageMemoryStrategyT::SharedPtr) [with MessageT = std_msgs::msg::Int16_<std::allocator<void> >; CallbackT = std::_Bind<void (StatePublisher::*(StatePublisher*))(std::shared_ptr<std_msgs::msg::Int16_<std::allocator<void> > >)>; AllocatorT = std::allocator<void>; CallbackMessageT = std_msgs::msg::Int16_<std::allocator<void> >; SubscriptionT = rclcpp::Subscription<std_msgs::msg::Int16_<std::allocator<void> > >; MessageMemoryStrategyT = rclcpp::message_memory_strategy::MessageMemoryStrategy<std_msgs::msg::Int16_<std::allocator<void> >, std::allocator<void> >; NodeParametersT = rclcpp::Node; NodeTopicsT = rclcpp::Node; std::string = std::__cxx11::basic_string<char>; typename MessageMemoryStrategyT::SharedPtr = std::shared_ptr<rclcpp::message_memory_strategy::MessageMemoryStrategy<std_msgs::msg::Int16_<std::allocator<void> >, std::allocator<void> > >]’
/opt/ros/galactic/include/rclcpp/create_subscription.hpp:197:94:   required from ‘std::shared_ptr<SubscriptionT> rclcpp::create_subscription(NodeT&, const string&, const rclcpp::QoS&, CallbackT&&, const rclcpp::SubscriptionOptionsWithAllocator<AllocatorT>&, typename MessageMemoryStrategyT::SharedPtr) [with MessageT = std_msgs::msg::Int16_<std::allocator<void> >; CallbackT = std::_Bind<void (StatePublisher::*(StatePublisher*))(std::shared_ptr<std_msgs::msg::Int16_<std::allocator<void> > >)>; AllocatorT = std::allocator<void>; CallbackMessageT = std_msgs::msg::Int16_<std::allocator<void> >; SubscriptionT = rclcpp::Subscription<std_msgs::msg::Int16_<std::allocator<void> > >; MessageMemoryStrategyT = rclcpp::message_memory_strategy::MessageMemoryStrategy<std_msgs::msg::Int16_<std::allocator<void> >, std::allocator<void> >; NodeT = rclcpp::Node; std::string = std::__cxx11::basic_string<char>; typename MessageMemoryStrategyT::SharedPtr = std::shared_ptr<rclcpp::message_memory_strategy::MessageMemoryStrategy<std_msgs::msg::Int16_<std::allocator<void> >, std::allocator<void> > >]’
/opt/ros/galactic/include/rclcpp/node_impl.hpp:100:47:   required from ‘std::shared_ptr<SubscriptionT> rclcpp::Node::create_subscription(const string&, const rclcpp::QoS&, CallbackT&&, const rclcpp::SubscriptionOptionsWithAllocator<AllocatorT>&, typename MessageMemoryStrategyT::SharedPtr) [with MessageT = std_msgs::msg::Int16_<std::allocator<void> >; CallbackT = std::_Bind<void (StatePublisher::*(StatePublisher*))(std::shared_ptr<std_msgs::msg::Int16_<std::allocator<void> > >)>; AllocatorT = std::allocator<void>; CallbackMessageT = std_msgs::msg::Int16_<std::allocator<void> >; SubscriptionT = rclcpp::Subscription<std_msgs::msg::Int16_<std::allocator<void> > >; MessageMemoryStrategyT = rclcpp::message_memory_strategy::MessageMemoryStrategy<std_msgs::msg::Int16_<std::allocator<void> >, std::allocator<void> >; std::string = std::__cxx11::basic_string<char>; typename MessageMemoryStrategyT::SharedPtr = std::shared_ptr<rclcpp::message_memory_strategy::MessageMemoryStrategy<std_msgs::msg::Int16_<std::allocator<void> >, std::allocator<void> > >]’
/home/ccl/ROS2_UAV/uav_urdf_demo/src/state_publisher.cpp:23:9:   required from here
/usr/include/c++/9/bits/std_function.h:385:8: error: no type named ‘type’ in ‘struct std::enable_if<false, void>’
  385 |  using _Requires = typename enable_if<_Cond::value, _Tp>::type;
      |        ^~~~~~~~~
/opt/ros/galactic/include/rclcpp/any_subscription_callback.hpp: In instantiation of ‘rclcpp::AnySubscriptionCallback<MessageT, AllocatorT> rclcpp::AnySubscriptionCallback<MessageT, AllocatorT>::set(CallbackT) [with CallbackT = std::_Bind<void (StatePublisher::*(StatePublisher*))(std::shared_ptr<std_msgs::msg::Int16_<std::allocator<void> > >)>; MessageT = std_msgs::msg::Int16_<std::allocator<void> >; AllocatorT = std::allocator<void>]’:
/opt/ros/galactic/include/rclcpp/subscription_factory.hpp:97:3:   required from ‘rclcpp::SubscriptionFactory rclcpp::create_subscription_factory(CallbackT&&, const rclcpp::SubscriptionOptionsWithAllocator<AllocatorT>&, typename MessageMemoryStrategyT::SharedPtr, std::shared_ptr<rclcpp::topic_statistics::SubscriptionTopicStatistics<CallbackMessageT> >) [with MessageT = std_msgs::msg::Int16_<std::allocator<void> >; CallbackT = std::_Bind<void (StatePublisher::*(StatePublisher*))(std::shared_ptr<std_msgs::msg::Int16_<std::allocator<void> > >)>; AllocatorT = std::allocator<void>; CallbackMessageT = std_msgs::msg::Int16_<std::allocator<void> >; SubscriptionT = rclcpp::Subscription<std_msgs::msg::Int16_<std::allocator<void> > >; MessageMemoryStrategyT = rclcpp::message_memory_strategy::MessageMemoryStrategy<std_msgs::msg::Int16_<std::allocator<void> >, std::allocator<void> >; typename MessageMemoryStrategyT::SharedPtr = std::shared_ptr<rclcpp::message_memory_strategy::MessageMemoryStrategy<std_msgs::msg::Int16_<std::allocator<void> >, std::allocator<void> > >]’
/opt/ros/galactic/include/rclcpp/create_subscription.hpp:122:63:   required from ‘std::shared_ptr<SubscriptionT> rclcpp::detail::create_subscription(NodeParametersT&, NodeTopicsT&, const string&, const rclcpp::QoS&, CallbackT&&, const rclcpp::SubscriptionOptionsWithAllocator<AllocatorT>&, typename MessageMemoryStrategyT::SharedPtr) [with MessageT = std_msgs::msg::Int16_<std::allocator<void> >; CallbackT = std::_Bind<void (StatePublisher::*(StatePublisher*))(std::shared_ptr<std_msgs::msg::Int16_<std::allocator<void> > >)>; AllocatorT = std::allocator<void>; CallbackMessageT = std_msgs::msg::Int16_<std::allocator<void> >; SubscriptionT = rclcpp::Subscription<std_msgs::msg::Int16_<std::allocator<void> > >; MessageMemoryStrategyT = rclcpp::message_memory_strategy::MessageMemoryStrategy<std_msgs::msg::Int16_<std::allocator<void> >, std::allocator<void> >; NodeParametersT = rclcpp::Node; NodeTopicsT = rclcpp::Node; std::string = std::__cxx11::basic_string<char>; typename MessageMemoryStrategyT::SharedPtr = std::shared_ptr<rclcpp::message_memory_strategy::MessageMemoryStrategy<std_msgs::msg::Int16_<std::allocator<void> >, std::allocator<void> > >]’
/opt/ros/galactic/include/rclcpp/create_subscription.hpp:197:94:   required from ‘std::shared_ptr<SubscriptionT> rclcpp::create_subscription(NodeT&, const string&, const rclcpp::QoS&, CallbackT&&, const rclcpp::SubscriptionOptionsWithAllocator<AllocatorT>&, typename MessageMemoryStrategyT::SharedPtr) [with MessageT = std_msgs::msg::Int16_<std::allocator<void> >; CallbackT = std::_Bind<void (StatePublisher::*(StatePublisher*))(std::shared_ptr<std_msgs::msg::Int16_<std::allocator<void> > >)>; AllocatorT = std::allocator<void>; CallbackMessageT = std_msgs::msg::Int16_<std::allocator<void> >; SubscriptionT = rclcpp::Subscription<std_msgs::msg::Int16_<std::allocator<void> > >; MessageMemoryStrategyT = rclcpp::message_memory_strategy::MessageMemoryStrategy<std_msgs::msg::Int16_<std::allocator<void> >, std::allocator<void> >; NodeT = rclcpp::Node; std::string = std::__cxx11::basic_string<char>; typename MessageMemoryStrategyT::SharedPtr = std::shared_ptr<rclcpp::message_memory_strategy::MessageMemoryStrategy<std_msgs::msg::Int16_<std::allocator<void> >, std::allocator<void> > >]’
/opt/ros/galactic/include/rclcpp/node_impl.hpp:100:47:   required from ‘std::shared_ptr<SubscriptionT> rclcpp::Node::create_subscription(const string&, const rclcpp::QoS&, CallbackT&&, const rclcpp::SubscriptionOptionsWithAllocator<AllocatorT>&, typename MessageMemoryStrategyT::SharedPtr) [with MessageT = std_msgs::msg::Int16_<std::allocator<void> >; CallbackT = std::_Bind<void (StatePublisher::*(StatePublisher*))(std::shared_ptr<std_msgs::msg::Int16_<std::allocator<void> > >)>; AllocatorT = std::allocator<void>; CallbackMessageT = std_msgs::msg::Int16_<std::allocator<void> >; SubscriptionT = rclcpp::Subscription<std_msgs::msg::Int16_<std::allocator<void> > >; MessageMemoryStrategyT = rclcpp::message_memory_strategy::MessageMemoryStrategy<std_msgs::msg::Int16_<std::allocator<void> >, std::allocator<void> >; std::string = std::__cxx11::basic_string<char>; typename MessageMemoryStrategyT::SharedPtr = std::shared_ptr<rclcpp::message_memory_strategy::MessageMemoryStrategy<std_msgs::msg::Int16_<std::allocator<void> >, std::allocator<void> > >]’
/home/ccl/ROS2_UAV/uav_urdf_demo/src/state_publisher.cpp:23:9:   required from here
/usr/include/c++/9/bits/std_function.h:423:7: note: candidate: ‘std::function<_Res(_ArgTypes ...)>::function(std::function<_Res(_ArgTypes ...)>&&) [with _Res = void; _ArgTypes = {std::shared_ptr<std_msgs::msg::Int16_<std::allocator<void> > >}]’
  423 |       function(function&& __x) noexcept : _Function_base()
      |       ^~~~~~~~
/usr/include/c++/9/bits/std_function.h:423:27: note:   no known conversion for argument 1 from ‘std::_Bind<void (StatePublisher::*(StatePublisher*))(std::shared_ptr<std_msgs::msg::Int16_<std::allocator<void> > >)>’ to ‘std::function<void(std::shared_ptr<std_msgs::msg::Int16_<std::allocator<void> > >)>&&’
  423 |       function(function&& __x) noexcept : _Function_base()
      |                ~~~~~~~~~~~^~~
/usr/include/c++/9/bits/std_function.h:653:5: note: candidate: ‘std::function<_Res(_ArgTypes ...)>::function(const std::function<_Res(_ArgTypes ...)>&) [with _Res = void; _ArgTypes = {std::shared_ptr<std_msgs::msg::Int16_<std::allocator<void> > >}]’
  653 |     function<_Res(_ArgTypes...)>::
      |     ^~~~~~~~~~~~~~~~~~~~~~~~~~~~
/usr/include/c++/9/bits/std_function.h:654:30: note:   no known conversion for argument 1 from ‘std::_Bind<void (StatePublisher::*(StatePublisher*))(std::shared_ptr<std_msgs::msg::Int16_<std::allocator<void> > >)>’ to ‘const std::function<void(std::shared_ptr<std_msgs::msg::Int16_<std::allocator<void> > >)>&’
  654 |     function(const function& __x)
      |              ~~~~~~~~~~~~~~~~^~~
/usr/include/c++/9/bits/std_function.h:403:7: note: candidate: ‘std::function<_Res(_ArgTypes ...)>::function(std::nullptr_t) [with _Res = void; _ArgTypes = {std::shared_ptr<std_msgs::msg::Int16_<std::allocator<void> > >}; std::nullptr_t = std::nullptr_t]’
  403 |       function(nullptr_t) noexcept
      |       ^~~~~~~~
/usr/include/c++/9/bits/std_function.h:403:16: note:   no known conversion for argument 1 from ‘std::_Bind<void (StatePublisher::*(StatePublisher*))(std::shared_ptr<std_msgs::msg::Int16_<std::allocator<void> > >)>’ to ‘std::nullptr_t’
  403 |       function(nullptr_t) noexcept
      |                ^~~~~~~~~
/usr/include/c++/9/bits/std_function.h:396:7: note: candidate: ‘std::function<_Res(_ArgTypes ...)>::function() [with _Res = void; _ArgTypes = {std::shared_ptr<std_msgs::msg::Int16_<std::allocator<void> > >}]’
  396 |       function() noexcept
      |       ^~~~~~~~
/usr/include/c++/9/bits/std_function.h:396:7: note:   candidate expects 0 arguments, 1 provided
make[2]: *** [CMakeFiles/state_publisher.dir/build.make:63: CMakeFiles/state_publisher.dir/src/state_publisher.cpp.o] Error 1
make[1]: *** [CMakeFiles/Makefile2:80: CMakeFiles/state_publisher.dir/all] Error 2
make: *** [Makefile:141: all] Error 2
