[0.057s] Invoking command in '/home/ccl/ros2_ws/build/learning_tf2_cpp': CMAKE_PREFIX_PATH=/opt/ros/galactic /usr/bin/cmake /home/ccl/ros2_ws/learning_tf2_cpp -DCMAKE_INSTALL_PREFIX=/home/ccl/ros2_ws/install/learning_tf2_cpp
[0.378s] -- The C compiler identification is GNU 9.4.0
[0.609s] -- The CXX compiler identification is GNU 9.4.0
[0.624s] -- Check for working C compiler: /usr/lib/ccache/cc
[0.783s] -- Check for working C compiler: /usr/lib/ccache/cc -- works
[0.786s] -- Detecting C compiler ABI info
[0.893s] -- Detecting C compiler ABI info - done
[0.901s] -- Detecting C compile features
[0.902s] -- Detecting C compile features - done
[0.907s] -- Check for working CXX compiler: /usr/lib/ccache/c++
[1.083s] -- Check for working CXX compiler: /usr/lib/ccache/c++ -- works
[1.084s] -- Detecting CXX compiler ABI info
[1.213s] -- Detecting CXX compiler ABI info - done
[1.222s] -- Detecting CXX compile features
[1.222s] -- Detecting CXX compile features - done
[1.226s] -- Found ament_cmake: 1.1.6 (/opt/ros/galactic/share/ament_cmake/cmake)
[1.268s] -- Found PythonInterp: /usr/bin/python3 (found suitable version "3.8.10", minimum required is "3") 
[1.268s] -- Using PYTHON_EXECUTABLE: /usr/bin/python3
[1.388s] -- Found geometry_msgs: 2.2.4 (/opt/ros/galactic/share/geometry_msgs/cmake)
[1.439s] -- Using all available rosidl_typesupport_c: rosidl_typesupport_fastrtps_c;rosidl_typesupport_introspection_c
[1.450s] -- Found rosidl_adapter: 2.2.3 (/opt/ros/galactic/share/rosidl_adapter/cmake)
[1.653s] -- Found OpenSSL: /usr/lib/x86_64-linux-gnu/libcrypto.so (found version "1.1.1f")  
[1.691s] -- Found FastRTPS: /opt/ros/galactic/include  
[1.805s] -- Using all available rosidl_typesupport_cpp: rosidl_typesupport_fastrtps_cpp;rosidl_typesupport_introspection_cpp
[1.931s] -- Found rclcpp: 9.2.2 (/opt/ros/galactic/share/rclcpp/cmake)
[2.025s] -- Found rmw_implementation_cmake: 3.3.1 (/opt/ros/galactic/share/rmw_implementation_cmake/cmake)
[2.031s] -- Found rmw_cyclonedds_cpp: 0.22.6 (/opt/ros/galactic/share/rmw_cyclonedds_cpp/cmake)
[2.062s] -- Using RMW implementation 'rmw_cyclonedds_cpp' as default
[2.065s] -- Looking for pthread.h
[2.245s] -- Looking for pthread.h - found
[2.246s] -- Performing Test CMAKE_HAVE_LIBC_PTHREAD
[2.408s] -- Performing Test CMAKE_HAVE_LIBC_PTHREAD - Failed
[2.408s] -- Looking for pthread_create in pthreads
[2.496s] -- Looking for pthread_create in pthreads - not found
[2.496s] -- Looking for pthread_create in pthread
[2.600s] -- Looking for pthread_create in pthread - found
[2.602s] -- Found Threads: TRUE  
[2.781s] -- Found tf2: 0.17.5 (/opt/ros/galactic/share/tf2/cmake)
[2.799s] -- Found tf2_ros: 0.17.5 (/opt/ros/galactic/share/tf2_ros/cmake)
[3.183s] -- Found turtlesim: 1.3.4 (/opt/ros/galactic/share/turtlesim/cmake)
[3.247s] -- Found ament_lint_auto: 0.10.7 (/opt/ros/galactic/share/ament_lint_auto/cmake)
[3.363s] -- Added test 'copyright' to check source files copyright and LICENSE
[3.435s] -- Added test 'cppcheck' to perform static code analysis on C / C++ code
[3.435s] -- Configured cppcheck include dirs: 
[3.435s] -- Configured cppcheck exclude dirs and/or files: 
[3.507s] -- Added test 'cpplint' to check C / C++ code against the Google style
[3.508s] -- Configured cpplint exclude dirs and/or files: 
[3.519s] -- Added test 'flake8' to check Python code syntax and style conventions
[3.538s] -- Added test 'lint_cmake' to check CMake code style
[3.548s] -- Added test 'pep257' to check Python code against some of the style conventions in PEP 257
[3.624s] -- Added test 'uncrustify' to check C / C++ code style
[3.624s] -- Configured uncrustify additional arguments: 
[3.636s] -- Added test 'xmllint' to check XML markup files
[3.647s] -- Configuring done
[3.681s] -- Generating done
[3.683s] -- Build files have been written to: /home/ccl/ros2_ws/build/learning_tf2_cpp
