[0.021s] Invoking command in '/home/ccl/ros2_ws/learning_tf2_cpp/build/learning_tf2_cpp': CMAKE_PREFIX_PATH=${CMAKE_PREFIX_PATH}:/home/ccl/ros2_ws/install/examples_rclpy_pointcloud_publisher:/home/ccl/ros2_ws/install/examples_rclpy_minimal_subscriber:/home/ccl/ros2_ws/install/examples_rclpy_minimal_service:/home/ccl/ros2_ws/install/examples_rclpy_minimal_publisher:/home/ccl/ros2_ws/install/examples_rclpy_minimal_client:/home/ccl/ros2_ws/install/examples_rclpy_minimal_action_server:/home/ccl/ros2_ws/install/examples_rclpy_minimal_action_client:/home/ccl/ros2_ws/install/examples_rclpy_guard_conditions:/home/ccl/ros2_ws/install/examples_rclpy_executors:/opt/ros/galactic /usr/bin/cmake --build /home/ccl/ros2_ws/learning_tf2_cpp/build/learning_tf2_cpp -- -j8 -l8
[0.137s] [ 25%] Built target fixed_frame_tf2_broadcaster
[0.138s] [ 50%] Built target turtle_tf2_listener
[0.138s] [ 75%] Built target dynamic_frame_tf2_broadcaster
[0.140s] [100%] Built target turtle_tf2_broadcaster
[0.160s] Invoked command in '/home/ccl/ros2_ws/learning_tf2_cpp/build/learning_tf2_cpp' returned '0': CMAKE_PREFIX_PATH=${CMAKE_PREFIX_PATH}:/home/ccl/ros2_ws/install/examples_rclpy_pointcloud_publisher:/home/ccl/ros2_ws/install/examples_rclpy_minimal_subscriber:/home/ccl/ros2_ws/install/examples_rclpy_minimal_service:/home/ccl/ros2_ws/install/examples_rclpy_minimal_publisher:/home/ccl/ros2_ws/install/examples_rclpy_minimal_client:/home/ccl/ros2_ws/install/examples_rclpy_minimal_action_server:/home/ccl/ros2_ws/install/examples_rclpy_minimal_action_client:/home/ccl/ros2_ws/install/examples_rclpy_guard_conditions:/home/ccl/ros2_ws/install/examples_rclpy_executors:/opt/ros/galactic /usr/bin/cmake --build /home/ccl/ros2_ws/learning_tf2_cpp/build/learning_tf2_cpp -- -j8 -l8
[0.259s] Invoking command in '/home/ccl/ros2_ws/learning_tf2_cpp/build/learning_tf2_cpp': CMAKE_PREFIX_PATH=${CMAKE_PREFIX_PATH}:/home/ccl/ros2_ws/install/examples_rclpy_pointcloud_publisher:/home/ccl/ros2_ws/install/examples_rclpy_minimal_subscriber:/home/ccl/ros2_ws/install/examples_rclpy_minimal_service:/home/ccl/ros2_ws/install/examples_rclpy_minimal_publisher:/home/ccl/ros2_ws/install/examples_rclpy_minimal_client:/home/ccl/ros2_ws/install/examples_rclpy_minimal_action_server:/home/ccl/ros2_ws/install/examples_rclpy_minimal_action_client:/home/ccl/ros2_ws/install/examples_rclpy_guard_conditions:/home/ccl/ros2_ws/install/examples_rclpy_executors:/opt/ros/galactic /usr/bin/cmake --install /home/ccl/ros2_ws/learning_tf2_cpp/build/learning_tf2_cpp
[0.272s] -- Install configuration: ""
[0.273s] -- Up-to-date: /home/ccl/ros2_ws/learning_tf2_cpp/install/learning_tf2_cpp/lib/learning_tf2_cpp/dynamic_frame_tf2_broadcaster
[0.275s] -- Up-to-date: /home/ccl/ros2_ws/learning_tf2_cpp/install/learning_tf2_cpp/lib/learning_tf2_cpp/fixed_frame_tf2_broadcaster
[0.277s] -- Up-to-date: /home/ccl/ros2_ws/learning_tf2_cpp/install/learning_tf2_cpp/lib/learning_tf2_cpp/turtle_tf2_broadcaster
[0.279s] -- Up-to-date: /home/ccl/ros2_ws/learning_tf2_cpp/install/learning_tf2_cpp/lib/learning_tf2_cpp/turtle_tf2_listener
[0.280s] -- Up-to-date: /home/ccl/ros2_ws/learning_tf2_cpp/install/learning_tf2_cpp/share/learning_tf2_cpp/launch
[0.280s] -- Installing: /home/ccl/ros2_ws/learning_tf2_cpp/install/learning_tf2_cpp/share/learning_tf2_cpp/launch/turtle_tf2_dynamic_frame_demo.launch.py
[0.280s] -- Up-to-date: /home/ccl/ros2_ws/learning_tf2_cpp/install/learning_tf2_cpp/share/learning_tf2_cpp/launch/turtle_tf2_fixed_frame_demo.launch.py
[0.281s] -- Up-to-date: /home/ccl/ros2_ws/learning_tf2_cpp/install/learning_tf2_cpp/share/learning_tf2_cpp/launch/turtle_tf2_demo.launch.py
[0.281s] -- Up-to-date: /home/ccl/ros2_ws/learning_tf2_cpp/install/learning_tf2_cpp/share/ament_index/resource_index/package_run_dependencies/learning_tf2_cpp
[0.281s] -- Up-to-date: /home/ccl/ros2_ws/learning_tf2_cpp/install/learning_tf2_cpp/share/ament_index/resource_index/parent_prefix_path/learning_tf2_cpp
[0.281s] -- Up-to-date: /home/ccl/ros2_ws/learning_tf2_cpp/install/learning_tf2_cpp/share/learning_tf2_cpp/environment/ament_prefix_path.sh
[0.281s] -- Up-to-date: /home/ccl/ros2_ws/learning_tf2_cpp/install/learning_tf2_cpp/share/learning_tf2_cpp/environment/ament_prefix_path.dsv
[0.281s] -- Up-to-date: /home/ccl/ros2_ws/learning_tf2_cpp/install/learning_tf2_cpp/share/learning_tf2_cpp/environment/path.sh
[0.282s] -- Up-to-date: /home/ccl/ros2_ws/learning_tf2_cpp/install/learning_tf2_cpp/share/learning_tf2_cpp/environment/path.dsv
[0.282s] -- Up-to-date: /home/ccl/ros2_ws/learning_tf2_cpp/install/learning_tf2_cpp/share/learning_tf2_cpp/local_setup.bash
[0.282s] -- Up-to-date: /home/ccl/ros2_ws/learning_tf2_cpp/install/learning_tf2_cpp/share/learning_tf2_cpp/local_setup.sh
[0.282s] -- Up-to-date: /home/ccl/ros2_ws/learning_tf2_cpp/install/learning_tf2_cpp/share/learning_tf2_cpp/local_setup.zsh
[0.282s] -- Up-to-date: /home/ccl/ros2_ws/learning_tf2_cpp/install/learning_tf2_cpp/share/learning_tf2_cpp/local_setup.dsv
[0.282s] -- Installing: /home/ccl/ros2_ws/learning_tf2_cpp/install/learning_tf2_cpp/share/learning_tf2_cpp/package.dsv
[0.282s] -- Up-to-date: /home/ccl/ros2_ws/learning_tf2_cpp/install/learning_tf2_cpp/share/ament_index/resource_index/packages/learning_tf2_cpp
[0.283s] -- Up-to-date: /home/ccl/ros2_ws/learning_tf2_cpp/install/learning_tf2_cpp/share/learning_tf2_cpp/cmake/learning_tf2_cppConfig.cmake
[0.283s] -- Up-to-date: /home/ccl/ros2_ws/learning_tf2_cpp/install/learning_tf2_cpp/share/learning_tf2_cpp/cmake/learning_tf2_cppConfig-version.cmake
[0.283s] -- Up-to-date: /home/ccl/ros2_ws/learning_tf2_cpp/install/learning_tf2_cpp/share/learning_tf2_cpp/package.xml
[0.287s] Invoked command in '/home/ccl/ros2_ws/learning_tf2_cpp/build/learning_tf2_cpp' returned '0': CMAKE_PREFIX_PATH=${CMAKE_PREFIX_PATH}:/home/ccl/ros2_ws/install/examples_rclpy_pointcloud_publisher:/home/ccl/ros2_ws/install/examples_rclpy_minimal_subscriber:/home/ccl/ros2_ws/install/examples_rclpy_minimal_service:/home/ccl/ros2_ws/install/examples_rclpy_minimal_publisher:/home/ccl/ros2_ws/install/examples_rclpy_minimal_client:/home/ccl/ros2_ws/install/examples_rclpy_minimal_action_server:/home/ccl/ros2_ws/install/examples_rclpy_minimal_action_client:/home/ccl/ros2_ws/install/examples_rclpy_guard_conditions:/home/ccl/ros2_ws/install/examples_rclpy_executors:/opt/ros/galactic /usr/bin/cmake --install /home/ccl/ros2_ws/learning_tf2_cpp/build/learning_tf2_cpp
