[0.034s] Invoking command in '/home/ccl/ROS2_UAV/build/learning_tf2_cpp': CMAKE_PREFIX_PATH=/opt/ros/galactic /usr/bin/cmake /home/ccl/ROS2_UAV/learning_tf2_cpp -DCMAKE_INSTALL_PREFIX=/home/ccl/ROS2_UAV/install/learning_tf2_cpp
[0.186s] -- The C compiler identification is GNU 9.4.0
[0.241s] -- The CXX compiler identification is GNU 9.4.0
[0.251s] -- Check for working C compiler: /usr/lib/ccache/cc
[0.332s] -- Check for working C compiler: /usr/lib/ccache/cc -- works
[0.335s] -- Detecting C compiler ABI info
[0.388s] -- Detecting C compiler ABI info - done
[0.395s] -- Detecting C compile features
[0.395s] -- Detecting C compile features - done
[0.398s] -- Check for working CXX compiler: /usr/lib/ccache/c++
[0.480s] -- Check for working CXX compiler: /usr/lib/ccache/c++ -- works
[0.481s] -- Detecting CXX compiler ABI info
[0.545s] -- Detecting CXX compiler ABI info - done
[0.552s] -- Detecting CXX compile features
[0.552s] -- Detecting CXX compile features - done
[0.554s] -- Found ament_cmake: 1.1.6 (/opt/ros/galactic/share/ament_cmake/cmake)
[0.578s] -- Found PythonInterp: /usr/bin/python3 (found suitable version "3.8.10", minimum required is "3") 
[0.578s] -- Using PYTHON_EXECUTABLE: /usr/bin/python3
[0.647s] -- Found geometry_msgs: 2.2.4 (/opt/ros/galactic/share/geometry_msgs/cmake)
[0.675s] -- Using all available rosidl_typesupport_c: rosidl_typesupport_fastrtps_c;rosidl_typesupport_introspection_c
[0.681s] -- Found rosidl_adapter: 2.2.3 (/opt/ros/galactic/share/rosidl_adapter/cmake)
[0.791s] -- Found OpenSSL: /usr/lib/x86_64-linux-gnu/libcrypto.so (found version "1.1.1f")  
[0.815s] -- Found FastRTPS: /opt/ros/galactic/include  
[0.887s] -- Using all available rosidl_typesupport_cpp: rosidl_typesupport_fastrtps_cpp;rosidl_typesupport_introspection_cpp
[0.968s] -- Found rclcpp: 9.2.2 (/opt/ros/galactic/share/rclcpp/cmake)
[1.025s] -- Found rmw_implementation_cmake: 3.3.1 (/opt/ros/galactic/share/rmw_implementation_cmake/cmake)
[1.028s] -- Found rmw_cyclonedds_cpp: 0.22.6 (/opt/ros/galactic/share/rmw_cyclonedds_cpp/cmake)
[1.048s] -- Using RMW implementation 'rmw_cyclonedds_cpp' as default
[1.051s] -- Looking for pthread.h
[1.128s] -- Looking for pthread.h - found
[1.128s] -- Performing Test CMAKE_HAVE_LIBC_PTHREAD
[1.212s] -- Performing Test CMAKE_HAVE_LIBC_PTHREAD - Failed
[1.212s] -- Looking for pthread_create in pthreads
[1.255s] -- Looking for pthread_create in pthreads - not found
[1.255s] -- Looking for pthread_create in pthread
[1.306s] -- Looking for pthread_create in pthread - found
[1.307s] -- Found Threads: TRUE  
[1.425s] -- Found tf2: 0.17.5 (/opt/ros/galactic/share/tf2/cmake)
[1.433s] -- Found tf2_ros: 0.17.5 (/opt/ros/galactic/share/tf2_ros/cmake)
[1.677s] -- Found turtlesim: 1.3.4 (/opt/ros/galactic/share/turtlesim/cmake)
[1.724s] -- Found ament_lint_auto: 0.10.7 (/opt/ros/galactic/share/ament_lint_auto/cmake)
[1.785s] -- Added test 'copyright' to check source files copyright and LICENSE
[1.812s] -- Added test 'cppcheck' to perform static code analysis on C / C++ code
[1.812s] -- Configured cppcheck include dirs: 
[1.812s] -- Configured cppcheck exclude dirs and/or files: 
[1.835s] -- Added test 'cpplint' to check C / C++ code against the Google style
[1.835s] -- Configured cpplint exclude dirs and/or files: 
[1.839s] -- Added test 'flake8' to check Python code syntax and style conventions
[1.846s] -- Added test 'lint_cmake' to check CMake code style
[1.850s] -- Added test 'pep257' to check Python code against some of the style conventions in PEP 257
[1.876s] -- Added test 'uncrustify' to check C / C++ code style
[1.876s] -- Configured uncrustify additional arguments: 
[1.879s] -- Added test 'xmllint' to check XML markup files
[1.882s] -- Configuring done
[1.902s] -- Generating done
[1.905s] -- Build files have been written to: /home/ccl/ROS2_UAV/build/learning_tf2_cpp
[1.932s] Invoked command in '/home/ccl/ROS2_UAV/build/learning_tf2_cpp' returned '0': CMAKE_PREFIX_PATH=/opt/ros/galactic /usr/bin/cmake /home/ccl/ROS2_UAV/learning_tf2_cpp -DCMAKE_INSTALL_PREFIX=/home/ccl/ROS2_UAV/install/learning_tf2_cpp
[1.936s] Invoking command in '/home/ccl/ROS2_UAV/build/learning_tf2_cpp': CMAKE_PREFIX_PATH=/opt/ros/galactic /usr/bin/cmake --build /home/ccl/ROS2_UAV/build/learning_tf2_cpp -- -j8 -l8
[2.077s] [35m[1mScanning dependencies of target turtle_tf2_listener[0m
[2.079s] [35m[1mScanning dependencies of target dynamic_frame_tf2_broadcaster[0m
[2.084s] [35m[1mScanning dependencies of target fixed_frame_tf2_broadcaster[0m
[2.095s] [35m[1mScanning dependencies of target turtle_tf2_broadcaster[0m
[2.164s] [ 12%] [32mBuilding CXX object CMakeFiles/turtle_tf2_broadcaster.dir/src/turtle_tf2_broadcaster.cpp.o[0m
[2.168s] [ 25%] [32mBuilding CXX object CMakeFiles/fixed_frame_tf2_broadcaster.dir/src/fixed_frame_tf2_broadcaster.cpp.o[0m
[2.175s] [ 37%] [32mBuilding CXX object CMakeFiles/turtle_tf2_listener.dir/src/turtle_tf2_listener.cpp.o[0m
[2.245s] [ 50%] [32mBuilding CXX object CMakeFiles/dynamic_frame_tf2_broadcaster.dir/src/dynamic_frame_tf2_broadcaster.cpp.o[0m
[16.189s] [ 62%] [32m[1mLinking CXX executable dynamic_frame_tf2_broadcaster[0m
[16.678s] [ 62%] Built target dynamic_frame_tf2_broadcaster
[16.760s] [ 75%] [32m[1mLinking CXX executable fixed_frame_tf2_broadcaster[0m
[17.235s] [ 75%] Built target fixed_frame_tf2_broadcaster
[17.756s] [ 87%] [32m[1mLinking CXX executable turtle_tf2_listener[0m
[18.012s] [ 87%] Built target turtle_tf2_listener
[19.672s] [100%] [32m[1mLinking CXX executable turtle_tf2_broadcaster[0m
[20.033s] [100%] Built target turtle_tf2_broadcaster
[20.114s] Invoked command in '/home/ccl/ROS2_UAV/build/learning_tf2_cpp' returned '0': CMAKE_PREFIX_PATH=/opt/ros/galactic /usr/bin/cmake --build /home/ccl/ROS2_UAV/build/learning_tf2_cpp -- -j8 -l8
[20.156s] Invoking command in '/home/ccl/ROS2_UAV/build/learning_tf2_cpp': CMAKE_PREFIX_PATH=/opt/ros/galactic /usr/bin/cmake --install /home/ccl/ROS2_UAV/build/learning_tf2_cpp
[20.164s] -- Install configuration: ""
[20.164s] -- Installing: /home/ccl/ROS2_UAV/install/learning_tf2_cpp/lib/learning_tf2_cpp/dynamic_frame_tf2_broadcaster
[20.166s] -- Set runtime path of "/home/ccl/ROS2_UAV/install/learning_tf2_cpp/lib/learning_tf2_cpp/dynamic_frame_tf2_broadcaster" to ""
[20.166s] -- Installing: /home/ccl/ROS2_UAV/install/learning_tf2_cpp/lib/learning_tf2_cpp/fixed_frame_tf2_broadcaster
[20.167s] -- Set runtime path of "/home/ccl/ROS2_UAV/install/learning_tf2_cpp/lib/learning_tf2_cpp/fixed_frame_tf2_broadcaster" to ""
[20.167s] -- Installing: /home/ccl/ROS2_UAV/install/learning_tf2_cpp/lib/learning_tf2_cpp/turtle_tf2_broadcaster
[20.171s] -- Set runtime path of "/home/ccl/ROS2_UAV/install/learning_tf2_cpp/lib/learning_tf2_cpp/turtle_tf2_broadcaster" to ""
[20.171s] -- Installing: /home/ccl/ROS2_UAV/install/learning_tf2_cpp/lib/learning_tf2_cpp/turtle_tf2_listener
[20.172s] -- Set runtime path of "/home/ccl/ROS2_UAV/install/learning_tf2_cpp/lib/learning_tf2_cpp/turtle_tf2_listener" to ""
[20.172s] -- Installing: /home/ccl/ROS2_UAV/install/learning_tf2_cpp/share/learning_tf2_cpp/launch
[20.173s] -- Installing: /home/ccl/ROS2_UAV/install/learning_tf2_cpp/share/learning_tf2_cpp/launch/turtle_tf2_dynamic_frame_demo.launch.py
[20.173s] -- Installing: /home/ccl/ROS2_UAV/install/learning_tf2_cpp/share/learning_tf2_cpp/launch/turtle_tf2_fixed_frame_demo.launch.py
[20.173s] -- Installing: /home/ccl/ROS2_UAV/install/learning_tf2_cpp/share/learning_tf2_cpp/launch/turtle_tf2_demo.launch.py
[20.174s] -- Installing: /home/ccl/ROS2_UAV/install/learning_tf2_cpp/share/ament_index/resource_index/package_run_dependencies/learning_tf2_cpp
[20.174s] -- Installing: /home/ccl/ROS2_UAV/install/learning_tf2_cpp/share/ament_index/resource_index/parent_prefix_path/learning_tf2_cpp
[20.174s] -- Installing: /home/ccl/ROS2_UAV/install/learning_tf2_cpp/share/learning_tf2_cpp/environment/ament_prefix_path.sh
[20.175s] -- Installing: /home/ccl/ROS2_UAV/install/learning_tf2_cpp/share/learning_tf2_cpp/environment/ament_prefix_path.dsv
[20.175s] -- Installing: /home/ccl/ROS2_UAV/install/learning_tf2_cpp/share/learning_tf2_cpp/environment/path.sh
[20.175s] -- Installing: /home/ccl/ROS2_UAV/install/learning_tf2_cpp/share/learning_tf2_cpp/environment/path.dsv
[20.175s] -- Installing: /home/ccl/ROS2_UAV/install/learning_tf2_cpp/share/learning_tf2_cpp/local_setup.bash
[20.175s] -- Installing: /home/ccl/ROS2_UAV/install/learning_tf2_cpp/share/learning_tf2_cpp/local_setup.sh
[20.176s] -- Installing: /home/ccl/ROS2_UAV/install/learning_tf2_cpp/share/learning_tf2_cpp/local_setup.zsh
[20.176s] -- Installing: /home/ccl/ROS2_UAV/install/learning_tf2_cpp/share/learning_tf2_cpp/local_setup.dsv
[20.176s] -- Installing: /home/ccl/ROS2_UAV/install/learning_tf2_cpp/share/learning_tf2_cpp/package.dsv
[20.176s] -- Installing: /home/ccl/ROS2_UAV/install/learning_tf2_cpp/share/ament_index/resource_index/packages/learning_tf2_cpp
[20.177s] -- Installing: /home/ccl/ROS2_UAV/install/learning_tf2_cpp/share/learning_tf2_cpp/cmake/learning_tf2_cppConfig.cmake
[20.177s] -- Installing: /home/ccl/ROS2_UAV/install/learning_tf2_cpp/share/learning_tf2_cpp/cmake/learning_tf2_cppConfig-version.cmake
[20.177s] -- Installing: /home/ccl/ROS2_UAV/install/learning_tf2_cpp/share/learning_tf2_cpp/package.xml
[20.179s] Invoked command in '/home/ccl/ROS2_UAV/build/learning_tf2_cpp' returned '0': CMAKE_PREFIX_PATH=/opt/ros/galactic /usr/bin/cmake --install /home/ccl/ROS2_UAV/build/learning_tf2_cpp
