[0.147s] DEBUG:colcon:Command line arguments: ['/usr/bin/colcon', 'build', '--packages-select', 'uav_urdf_demo']
[0.147s] DEBUG:colcon:Parsed command line arguments: Namespace(allow_overriding=[], ament_cmake_args=None, base_paths=['.'], build_base='build', catkin_cmake_args=None, catkin_skip_building_tests=False, cmake_args=None, cmake_clean_cache=False, cmake_clean_first=False, cmake_force_configure=False, cmake_target=None, cmake_target_skip_unavailable=False, continue_on_error=False, event_handlers=None, executor='parallel', ignore_user_meta=False, install_base='install', log_base=None, log_level=None, main=<bound method BuildVerb.main of <colcon_core.verb.build.BuildVerb object at 0x7ff13c501040>>, merge_install=False, metas=['./colcon.meta'], packages_above=None, packages_above_and_dependencies=None, packages_above_depth=None, packages_end=None, packages_ignore=None, packages_ignore_regex=None, packages_select=['uav_urdf_demo'], packages_select_build_failed=False, packages_select_by_dep=None, packages_select_regex=None, packages_select_test_failures=False, packages_skip=None, packages_skip_build_finished=False, packages_skip_by_dep=None, packages_skip_regex=None, packages_skip_test_passed=False, packages_skip_up_to=None, packages_start=None, packages_up_to=None, packages_up_to_regex=None, parallel_workers=8, paths=None, symlink_install=False, test_result_base=None, verb_extension=<colcon_core.verb.build.BuildVerb object at 0x7ff13c501040>, verb_name='build', verb_parser=<colcon_defaults.argument_parser.defaults.DefaultArgumentsDecorator object at 0x7ff13c4a13a0>)
[0.182s] Level 1:colcon.colcon_core.package_discovery:discover_packages(colcon_meta) check parameters
[0.182s] Level 1:colcon.colcon_core.package_discovery:discover_packages(recursive) check parameters
[0.182s] Level 1:colcon.colcon_core.package_discovery:discover_packages(ignore) check parameters
[0.182s] Level 1:colcon.colcon_core.package_discovery:discover_packages(path) check parameters
[0.182s] Level 1:colcon.colcon_core.package_discovery:discover_packages(colcon_meta) discover
[0.182s] Level 1:colcon.colcon_core.package_discovery:discover_packages(recursive) discover
[0.183s] INFO:colcon.colcon_core.package_discovery:Crawling recursively for packages in '/home/ccl/ROS2_UAV'
[0.183s] Level 1:colcon.colcon_core.package_identification:_identify(.) by extensions ['ignore', 'ignore_ament_install']
[0.183s] Level 1:colcon.colcon_core.package_identification:_identify(.) by extension 'ignore'
[0.183s] Level 1:colcon.colcon_core.package_identification:_identify(.) by extension 'ignore_ament_install'
[0.183s] Level 1:colcon.colcon_core.package_identification:_identify(.) by extensions ['colcon_pkg']
[0.183s] Level 1:colcon.colcon_core.package_identification:_identify(.) by extension 'colcon_pkg'
[0.183s] Level 1:colcon.colcon_core.package_identification:_identify(.) by extensions ['colcon_meta']
[0.183s] Level 1:colcon.colcon_core.package_identification:_identify(.) by extension 'colcon_meta'
[0.183s] Level 1:colcon.colcon_core.package_identification:_identify(.) by extensions ['ros']
[0.183s] Level 1:colcon.colcon_core.package_identification:_identify(.) by extension 'ros'
[0.194s] Level 1:colcon.colcon_core.package_identification:_identify(.) by extensions ['cmake', 'python']
[0.194s] Level 1:colcon.colcon_core.package_identification:_identify(.) by extension 'cmake'
[0.194s] Level 1:colcon.colcon_core.package_identification:_identify(.) by extension 'python'
[0.195s] Level 1:colcon.colcon_core.package_identification:_identify(.) by extensions ['python_setup_py']
[0.195s] Level 1:colcon.colcon_core.package_identification:_identify(.) by extension 'python_setup_py'
[0.195s] Level 1:colcon.colcon_core.package_identification:_identify(build) by extensions ['ignore', 'ignore_ament_install']
[0.195s] Level 1:colcon.colcon_core.package_identification:_identify(build) by extension 'ignore'
[0.195s] Level 1:colcon.colcon_core.package_identification:_identify(build) ignored
[0.195s] Level 1:colcon.colcon_core.package_identification:_identify(install) by extensions ['ignore', 'ignore_ament_install']
[0.195s] Level 1:colcon.colcon_core.package_identification:_identify(install) by extension 'ignore'
[0.195s] Level 1:colcon.colcon_core.package_identification:_identify(install) ignored
[0.195s] Level 1:colcon.colcon_core.package_identification:_identify(learning_tf2_cpp) by extensions ['ignore', 'ignore_ament_install']
[0.195s] Level 1:colcon.colcon_core.package_identification:_identify(learning_tf2_cpp) by extension 'ignore'
[0.195s] Level 1:colcon.colcon_core.package_identification:_identify(learning_tf2_cpp) by extension 'ignore_ament_install'
[0.195s] Level 1:colcon.colcon_core.package_identification:_identify(learning_tf2_cpp) by extensions ['colcon_pkg']
[0.195s] Level 1:colcon.colcon_core.package_identification:_identify(learning_tf2_cpp) by extension 'colcon_pkg'
[0.195s] Level 1:colcon.colcon_core.package_identification:_identify(learning_tf2_cpp) by extensions ['colcon_meta']
[0.195s] Level 1:colcon.colcon_core.package_identification:_identify(learning_tf2_cpp) by extension 'colcon_meta'
[0.195s] Level 1:colcon.colcon_core.package_identification:_identify(learning_tf2_cpp) by extensions ['ros']
[0.195s] Level 1:colcon.colcon_core.package_identification:_identify(learning_tf2_cpp) by extension 'ros'
[0.197s] DEBUG:colcon.colcon_core.package_identification:Package 'learning_tf2_cpp' with type 'ros.ament_cmake' and name 'learning_tf2_cpp'
[0.197s] Level 1:colcon.colcon_core.package_identification:_identify(log) by extensions ['ignore', 'ignore_ament_install']
[0.198s] Level 1:colcon.colcon_core.package_identification:_identify(log) by extension 'ignore'
[0.198s] Level 1:colcon.colcon_core.package_identification:_identify(log) ignored
[0.198s] Level 1:colcon.colcon_core.package_identification:_identify(uav_tf2_test) by extensions ['ignore', 'ignore_ament_install']
[0.198s] Level 1:colcon.colcon_core.package_identification:_identify(uav_tf2_test) by extension 'ignore'
[0.198s] Level 1:colcon.colcon_core.package_identification:_identify(uav_tf2_test) by extension 'ignore_ament_install'
[0.198s] Level 1:colcon.colcon_core.package_identification:_identify(uav_tf2_test) by extensions ['colcon_pkg']
[0.198s] Level 1:colcon.colcon_core.package_identification:_identify(uav_tf2_test) by extension 'colcon_pkg'
[0.198s] Level 1:colcon.colcon_core.package_identification:_identify(uav_tf2_test) by extensions ['colcon_meta']
[0.198s] Level 1:colcon.colcon_core.package_identification:_identify(uav_tf2_test) by extension 'colcon_meta'
[0.198s] Level 1:colcon.colcon_core.package_identification:_identify(uav_tf2_test) by extensions ['ros']
[0.198s] Level 1:colcon.colcon_core.package_identification:_identify(uav_tf2_test) by extension 'ros'
[0.199s] DEBUG:colcon.colcon_core.package_identification:Package 'uav_tf2_test' with type 'ros.ament_cmake' and name 'uav_tf2_test'
[0.199s] Level 1:colcon.colcon_core.package_identification:_identify(uav_urdf_demo) by extensions ['ignore', 'ignore_ament_install']
[0.199s] Level 1:colcon.colcon_core.package_identification:_identify(uav_urdf_demo) by extension 'ignore'
[0.199s] Level 1:colcon.colcon_core.package_identification:_identify(uav_urdf_demo) by extension 'ignore_ament_install'
[0.199s] Level 1:colcon.colcon_core.package_identification:_identify(uav_urdf_demo) by extensions ['colcon_pkg']
[0.199s] Level 1:colcon.colcon_core.package_identification:_identify(uav_urdf_demo) by extension 'colcon_pkg'
[0.199s] Level 1:colcon.colcon_core.package_identification:_identify(uav_urdf_demo) by extensions ['colcon_meta']
[0.199s] Level 1:colcon.colcon_core.package_identification:_identify(uav_urdf_demo) by extension 'colcon_meta'
[0.199s] Level 1:colcon.colcon_core.package_identification:_identify(uav_urdf_demo) by extensions ['ros']
[0.199s] Level 1:colcon.colcon_core.package_identification:_identify(uav_urdf_demo) by extension 'ros'
[0.200s] DEBUG:colcon.colcon_core.package_identification:Package 'uav_urdf_demo' with type 'ros.ament_cmake' and name 'uav_urdf_demo'
[0.200s] Level 1:colcon.colcon_core.package_discovery:discover_packages(recursive) using defaults
[0.200s] Level 1:colcon.colcon_core.package_discovery:discover_packages(ignore) discover
[0.200s] Level 1:colcon.colcon_core.package_discovery:discover_packages(ignore) using defaults
[0.200s] Level 1:colcon.colcon_core.package_discovery:discover_packages(path) discover
[0.200s] Level 1:colcon.colcon_core.package_discovery:discover_packages(path) using defaults
[0.213s] INFO:colcon.colcon_core.package_selection:Skipping not selected package 'learning_tf2_cpp' in 'learning_tf2_cpp'
[0.213s] INFO:colcon.colcon_core.package_selection:Skipping not selected package 'uav_tf2_test' in 'uav_tf2_test'
[0.213s] Level 1:colcon.colcon_core.package_discovery:discover_packages(prefix_path) check parameters
[0.213s] Level 1:colcon.colcon_core.package_discovery:discover_packages(prefix_path) discover
[0.214s] DEBUG:colcon.colcon_installed_package_information.package_discovery:Found 3 installed packages in /home/ccl/ROS2_UAV/install
[0.216s] DEBUG:colcon.colcon_installed_package_information.package_discovery:Found 274 installed packages in /opt/ros/galactic
[0.217s] Level 1:colcon.colcon_core.package_discovery:discover_packages(prefix_path) using defaults
[0.257s] Level 5:colcon.colcon_core.verb:set package 'uav_urdf_demo' build argument 'cmake_args' from command line to 'None'
[0.257s] Level 5:colcon.colcon_core.verb:set package 'uav_urdf_demo' build argument 'cmake_target' from command line to 'None'
[0.257s] Level 5:colcon.colcon_core.verb:set package 'uav_urdf_demo' build argument 'cmake_target_skip_unavailable' from command line to 'False'
[0.257s] Level 5:colcon.colcon_core.verb:set package 'uav_urdf_demo' build argument 'cmake_clean_cache' from command line to 'False'
[0.257s] Level 5:colcon.colcon_core.verb:set package 'uav_urdf_demo' build argument 'cmake_clean_first' from command line to 'False'
[0.257s] Level 5:colcon.colcon_core.verb:set package 'uav_urdf_demo' build argument 'cmake_force_configure' from command line to 'False'
[0.257s] Level 5:colcon.colcon_core.verb:set package 'uav_urdf_demo' build argument 'ament_cmake_args' from command line to 'None'
[0.257s] Level 5:colcon.colcon_core.verb:set package 'uav_urdf_demo' build argument 'catkin_cmake_args' from command line to 'None'
[0.257s] Level 5:colcon.colcon_core.verb:set package 'uav_urdf_demo' build argument 'catkin_skip_building_tests' from command line to 'False'
[0.257s] DEBUG:colcon.colcon_core.verb:Building package 'uav_urdf_demo' with the following arguments: {'ament_cmake_args': None, 'build_base': '/home/ccl/ROS2_UAV/build/uav_urdf_demo', 'catkin_cmake_args': None, 'catkin_skip_building_tests': False, 'cmake_args': None, 'cmake_clean_cache': False, 'cmake_clean_first': False, 'cmake_force_configure': False, 'cmake_target': None, 'cmake_target_skip_unavailable': False, 'install_base': '/home/ccl/ROS2_UAV/install/uav_urdf_demo', 'merge_install': False, 'path': '/home/ccl/ROS2_UAV/uav_urdf_demo', 'symlink_install': False, 'test_result_base': None}
[0.257s] INFO:colcon.colcon_core.executor:Executing jobs using 'parallel' executor
[0.258s] DEBUG:colcon.colcon_parallel_executor.executor.parallel:run_until_complete
[0.258s] INFO:colcon.colcon_ros.task.ament_cmake.build:Building ROS package in '/home/ccl/ROS2_UAV/uav_urdf_demo' with build type 'ament_cmake'
[0.258s] INFO:colcon.colcon_cmake.task.cmake.build:Building CMake package in '/home/ccl/ROS2_UAV/uav_urdf_demo'
[0.260s] INFO:colcon.colcon_core.plugin_system:Skipping extension 'colcon_core.shell.bat': Not used on non-Windows systems
[0.260s] INFO:colcon.colcon_core.shell:Skip shell extension 'powershell' for command environment: Not usable outside of PowerShell
[0.261s] DEBUG:colcon.colcon_core.shell:Skip shell extension 'dsv' for command environment
[0.275s] DEBUG:colcon.colcon_core.event_handler.log_command:Invoking command in '/home/ccl/ROS2_UAV/build/uav_urdf_demo': CMAKE_PREFIX_PATH=${CMAKE_PREFIX_PATH}:/opt/ros/galactic /usr/bin/cmake --build /home/ccl/ROS2_UAV/build/uav_urdf_demo -- -j8 -l8
[6.733s] DEBUG:colcon.colcon_core.event_handler.log_command:Invoked command in '/home/ccl/ROS2_UAV/build/uav_urdf_demo' returned '0': CMAKE_PREFIX_PATH=${CMAKE_PREFIX_PATH}:/opt/ros/galactic /usr/bin/cmake --build /home/ccl/ROS2_UAV/build/uav_urdf_demo -- -j8 -l8
[6.771s] DEBUG:colcon.colcon_core.event_handler.log_command:Invoking command in '/home/ccl/ROS2_UAV/build/uav_urdf_demo': CMAKE_PREFIX_PATH=${CMAKE_PREFIX_PATH}:/opt/ros/galactic /usr/bin/cmake --install /home/ccl/ROS2_UAV/build/uav_urdf_demo
[6.785s] Level 1:colcon.colcon_core.environment:create_environment_scripts_only(uav_urdf_demo)
[6.786s] DEBUG:colcon.colcon_core.event_handler.log_command:Invoked command in '/home/ccl/ROS2_UAV/build/uav_urdf_demo' returned '0': CMAKE_PREFIX_PATH=${CMAKE_PREFIX_PATH}:/opt/ros/galactic /usr/bin/cmake --install /home/ccl/ROS2_UAV/build/uav_urdf_demo
[6.788s] Level 1:colcon.colcon_core.environment:checking '/home/ccl/ROS2_UAV/install/uav_urdf_demo' for CMake module files
[6.789s] Level 1:colcon.colcon_core.environment:checking '/home/ccl/ROS2_UAV/install/uav_urdf_demo' for CMake config files
[6.789s] Level 1:colcon.colcon_core.shell:create_environment_hook('uav_urdf_demo', 'cmake_prefix_path')
[6.789s] INFO:colcon.colcon_core.shell:Creating environment hook '/home/ccl/ROS2_UAV/install/uav_urdf_demo/share/uav_urdf_demo/hook/cmake_prefix_path.ps1'
[6.790s] INFO:colcon.colcon_core.shell:Creating environment descriptor '/home/ccl/ROS2_UAV/install/uav_urdf_demo/share/uav_urdf_demo/hook/cmake_prefix_path.dsv'
[6.791s] INFO:colcon.colcon_core.shell:Creating environment hook '/home/ccl/ROS2_UAV/install/uav_urdf_demo/share/uav_urdf_demo/hook/cmake_prefix_path.sh'
[6.792s] Level 1:colcon.colcon_core.environment:checking '/home/ccl/ROS2_UAV/install/uav_urdf_demo/lib'
[6.792s] Level 1:colcon.colcon_core.environment:checking '/home/ccl/ROS2_UAV/install/uav_urdf_demo/bin'
[6.792s] Level 1:colcon.colcon_core.environment:checking '/home/ccl/ROS2_UAV/install/uav_urdf_demo/lib/pkgconfig/uav_urdf_demo.pc'
[6.792s] Level 1:colcon.colcon_core.environment:checking '/home/ccl/ROS2_UAV/install/uav_urdf_demo/lib/python3.8/site-packages'
[6.792s] Level 1:colcon.colcon_core.environment:checking '/home/ccl/ROS2_UAV/install/uav_urdf_demo/bin'
[6.793s] INFO:colcon.colcon_core.shell:Creating package script '/home/ccl/ROS2_UAV/install/uav_urdf_demo/share/uav_urdf_demo/package.ps1'
[6.793s] INFO:colcon.colcon_core.shell:Creating package descriptor '/home/ccl/ROS2_UAV/install/uav_urdf_demo/share/uav_urdf_demo/package.dsv'
[6.794s] INFO:colcon.colcon_core.shell:Creating package script '/home/ccl/ROS2_UAV/install/uav_urdf_demo/share/uav_urdf_demo/package.sh'
[6.795s] INFO:colcon.colcon_core.shell:Creating package script '/home/ccl/ROS2_UAV/install/uav_urdf_demo/share/uav_urdf_demo/package.bash'
[6.795s] INFO:colcon.colcon_core.shell:Creating package script '/home/ccl/ROS2_UAV/install/uav_urdf_demo/share/uav_urdf_demo/package.zsh'
[6.796s] Level 1:colcon.colcon_core.environment:create_file_with_runtime_dependencies(/home/ccl/ROS2_UAV/install/uav_urdf_demo/share/colcon-core/packages/uav_urdf_demo)
[6.826s] Level 1:colcon.colcon_core.environment:create_environment_scripts_only(uav_urdf_demo)
[6.826s] Level 1:colcon.colcon_core.environment:checking '/home/ccl/ROS2_UAV/install/uav_urdf_demo' for CMake module files
[6.827s] Level 1:colcon.colcon_core.environment:checking '/home/ccl/ROS2_UAV/install/uav_urdf_demo' for CMake config files
[6.827s] Level 1:colcon.colcon_core.shell:create_environment_hook('uav_urdf_demo', 'cmake_prefix_path')
[6.827s] INFO:colcon.colcon_core.shell:Creating environment hook '/home/ccl/ROS2_UAV/install/uav_urdf_demo/share/uav_urdf_demo/hook/cmake_prefix_path.ps1'
[6.828s] INFO:colcon.colcon_core.shell:Creating environment descriptor '/home/ccl/ROS2_UAV/install/uav_urdf_demo/share/uav_urdf_demo/hook/cmake_prefix_path.dsv'
[6.829s] INFO:colcon.colcon_core.shell:Creating environment hook '/home/ccl/ROS2_UAV/install/uav_urdf_demo/share/uav_urdf_demo/hook/cmake_prefix_path.sh'
[6.830s] Level 1:colcon.colcon_core.environment:checking '/home/ccl/ROS2_UAV/install/uav_urdf_demo/lib'
[6.830s] Level 1:colcon.colcon_core.environment:checking '/home/ccl/ROS2_UAV/install/uav_urdf_demo/bin'
[6.830s] Level 1:colcon.colcon_core.environment:checking '/home/ccl/ROS2_UAV/install/uav_urdf_demo/lib/pkgconfig/uav_urdf_demo.pc'
[6.830s] Level 1:colcon.colcon_core.environment:checking '/home/ccl/ROS2_UAV/install/uav_urdf_demo/lib/python3.8/site-packages'
[6.830s] Level 1:colcon.colcon_core.environment:checking '/home/ccl/ROS2_UAV/install/uav_urdf_demo/bin'
[6.830s] INFO:colcon.colcon_core.shell:Creating package script '/home/ccl/ROS2_UAV/install/uav_urdf_demo/share/uav_urdf_demo/package.ps1'
[6.831s] INFO:colcon.colcon_core.shell:Creating package descriptor '/home/ccl/ROS2_UAV/install/uav_urdf_demo/share/uav_urdf_demo/package.dsv'
[6.831s] INFO:colcon.colcon_core.shell:Creating package script '/home/ccl/ROS2_UAV/install/uav_urdf_demo/share/uav_urdf_demo/package.sh'
[6.832s] INFO:colcon.colcon_core.shell:Creating package script '/home/ccl/ROS2_UAV/install/uav_urdf_demo/share/uav_urdf_demo/package.bash'
[6.832s] INFO:colcon.colcon_core.shell:Creating package script '/home/ccl/ROS2_UAV/install/uav_urdf_demo/share/uav_urdf_demo/package.zsh'
[6.832s] Level 1:colcon.colcon_core.environment:create_file_with_runtime_dependencies(/home/ccl/ROS2_UAV/install/uav_urdf_demo/share/colcon-core/packages/uav_urdf_demo)
[6.833s] DEBUG:colcon.colcon_parallel_executor.executor.parallel:closing loop
[6.833s] DEBUG:colcon.colcon_parallel_executor.executor.parallel:loop closed
[6.834s] DEBUG:colcon.colcon_parallel_executor.executor.parallel:run_until_complete finished with '0'
[6.834s] DEBUG:colcon.colcon_core.event_reactor:joining thread
[6.838s] INFO:colcon.colcon_core.plugin_system:Skipping extension 'colcon_notification.desktop_notification.terminal_notifier': Not used on non-Darwin systems
[6.838s] INFO:colcon.colcon_core.plugin_system:Skipping extension 'colcon_notification.desktop_notification.win32': Not used on non-Windows systems
[6.838s] INFO:colcon.colcon_notification.desktop_notification:Sending desktop notification using 'notify2'
[6.851s] DEBUG:colcon.colcon_core.event_reactor:joined thread
[6.851s] INFO:colcon.colcon_core.shell:Creating prefix script '/home/ccl/ROS2_UAV/install/local_setup.ps1'
[6.852s] INFO:colcon.colcon_core.shell:Creating prefix util module '/home/ccl/ROS2_UAV/install/_local_setup_util_ps1.py'
[6.853s] INFO:colcon.colcon_core.shell:Creating prefix chain script '/home/ccl/ROS2_UAV/install/setup.ps1'
[6.854s] INFO:colcon.colcon_core.shell:Creating prefix script '/home/ccl/ROS2_UAV/install/local_setup.sh'
[6.854s] INFO:colcon.colcon_core.shell:Creating prefix util module '/home/ccl/ROS2_UAV/install/_local_setup_util_sh.py'
[6.855s] INFO:colcon.colcon_core.shell:Creating prefix chain script '/home/ccl/ROS2_UAV/install/setup.sh'
[6.855s] INFO:colcon.colcon_core.shell:Creating prefix script '/home/ccl/ROS2_UAV/install/local_setup.bash'
[6.856s] INFO:colcon.colcon_core.shell:Creating prefix chain script '/home/ccl/ROS2_UAV/install/setup.bash'
[6.857s] INFO:colcon.colcon_core.shell:Creating prefix script '/home/ccl/ROS2_UAV/install/local_setup.zsh'
[6.858s] INFO:colcon.colcon_core.shell:Creating prefix chain script '/home/ccl/ROS2_UAV/install/setup.zsh'
